<?xml version="1.0" ?>
<!DOCTYPE coverage SYSTEM "http://cobertura.sourceforge.net/xml/coverage-04.dtd">
<coverage lines-valid="971"  lines-covered="841"  line-rate="0.8661"  branches-valid="407"  branches-covered="323"  branch-rate="0.7936"  timestamp="1392977509448" complexity="0" version="0.1">
<sources>
	<source>C:\Users\Andrea\Documents\projects\editor</source>
</sources>
<packages>
	<package name="."  line-rate="0.8661"  branch-rate="0.7936" >
	<classes>
		<class name="CKHelper.js"  filename="./CKHelper.js"  line-rate="0.0143"  branch-rate="0" >
		<methods>
			<method name="(anonymous_1)"  hits="0"  signature="()V" >
				<lines><line number="20"  hits="0" /></lines>
			</method>
			<method name="(anonymous_2)"  hits="0"  signature="()V" >
				<lines><line number="39"  hits="0" /></lines>
			</method>
			<method name="(anonymous_3)"  hits="0"  signature="()V" >
				<lines><line number="40"  hits="0" /></lines>
			</method>
			<method name="(anonymous_4)"  hits="0"  signature="()V" >
				<lines><line number="45"  hits="0" /></lines>
			</method>
			<method name="(anonymous_5)"  hits="0"  signature="()V" >
				<lines><line number="65"  hits="0" /></lines>
			</method>
			<method name="(anonymous_6)"  hits="0"  signature="()V" >
				<lines><line number="109"  hits="0" /></lines>
			</method>
			<method name="(anonymous_7)"  hits="0"  signature="()V" >
				<lines><line number="119"  hits="0" /></lines>
			</method>
			<method name="(anonymous_8)"  hits="0"  signature="()V" >
				<lines><line number="124"  hits="0" /></lines>
			</method>
		</methods>
		<lines>
			<line number="12"  hits="1"  branch="false" />
			<line number="21"  hits="0"  branch="true"  condition-coverage="0% (0/2)" />
			<line number="22"  hits="0"  branch="false" />
			<line number="24"  hits="0"  branch="true"  condition-coverage="0% (0/2)" />
			<line number="25"  hits="0"  branch="true"  condition-coverage="0% (0/2)" />
			<line number="26"  hits="0"  branch="false" />
			<line number="28"  hits="0"  branch="false" />
			<line number="30"  hits="0"  branch="false" />
			<line number="40"  hits="0"  branch="false" />
			<line number="41"  hits="0"  branch="true"  condition-coverage="0% (0/2)" />
			<line number="44"  hits="0"  branch="true"  condition-coverage="0% (0/2)" />
			<line number="45"  hits="0"  branch="false" />
			<line number="46"  hits="0"  branch="false" />
			<line number="48"  hits="0"  branch="false" />
			<line number="50"  hits="0"  branch="false" />
			<line number="51"  hits="0"  branch="true"  condition-coverage="0% (0/2)" />
			<line number="52"  hits="0"  branch="false" />
			<line number="66"  hits="0"  branch="false" />
			<line number="72"  hits="0"  branch="true"  condition-coverage="0% (0/2)" />
			<line number="73"  hits="0"  branch="false" />
			<line number="75"  hits="0"  branch="true"  condition-coverage="0% (0/4)" />
			<line number="76"  hits="0"  branch="false" />
			<line number="79"  hits="0"  branch="false" />
			<line number="80"  hits="0"  branch="false" />
			<line number="81"  hits="0"  branch="false" />
			<line number="82"  hits="0"  branch="false" />
			<line number="84"  hits="0"  branch="true"  condition-coverage="0% (0/2)" />
			<line number="85"  hits="0"  branch="false" />
			<line number="87"  hits="0"  branch="false" />
			<line number="90"  hits="0"  branch="false" />
			<line number="91"  hits="0"  branch="false" />
			<line number="92"  hits="0"  branch="false" />
			<line number="93"  hits="0"  branch="false" />
			<line number="94"  hits="0"  branch="false" />
			<line number="95"  hits="0"  branch="false" />
			<line number="96"  hits="0"  branch="false" />
			<line number="110"  hits="0"  branch="true"  condition-coverage="0% (0/4)" />
			<line number="111"  hits="0"  branch="false" />
			<line number="113"  hits="0"  branch="false" />
			<line number="119"  hits="0"  branch="false" />
			<line number="120"  hits="0"  branch="false" />
			<line number="121"  hits="0"  branch="true"  condition-coverage="0% (0/2)" />
			<line number="124"  hits="0"  branch="false" />
			<line number="125"  hits="0"  branch="false" />
			<line number="126"  hits="0"  branch="true"  condition-coverage="0% (0/2)" />
			<line number="129"  hits="0"  branch="false" />
			<line number="131"  hits="0"  branch="false" />
			<line number="132"  hits="0"  branch="false" />
			<line number="133"  hits="0"  branch="false" />
			<line number="134"  hits="0"  branch="false" />
			<line number="135"  hits="0"  branch="false" />
			<line number="137"  hits="0"  branch="false" />
			<line number="139"  hits="0"  branch="false" />
			<line number="140"  hits="0"  branch="false" />
			<line number="141"  hits="0"  branch="false" />
			<line number="144"  hits="0"  branch="true"  condition-coverage="0% (0/2)" />
			<line number="145"  hits="0"  branch="false" />
			<line number="146"  hits="0"  branch="false" />
			<line number="147"  hits="0"  branch="false" />
			<line number="150"  hits="0"  branch="true"  condition-coverage="0% (0/2)" />
			<line number="151"  hits="0"  branch="false" />
			<line number="152"  hits="0"  branch="false" />
			<line number="153"  hits="0"  branch="false" />
			<line number="158"  hits="0"  branch="false" />
			<line number="159"  hits="0"  branch="false" />
			<line number="162"  hits="0"  branch="false" />
			<line number="163"  hits="0"  branch="false" />
			<line number="165"  hits="0"  branch="false" />
			<line number="166"  hits="0"  branch="false" />
			<line number="168"  hits="0"  branch="false" />
		</lines>
		</class>
		<class name="attributes.js"  filename="./attributes.js"  line-rate="0.5238"  branch-rate="0.2" >
		<methods>
			<method name="Attributes"  hits="2735"  signature="()V" >
				<lines><line number="10"  hits="2735" /></lines>
			</method>
			<method name="(anonymous_2)"  hits="0"  signature="()V" >
				<lines><line number="25"  hits="0" /></lines>
			</method>
			<method name="TableAttributes"  hits="174"  signature="()V" >
				<lines><line number="48"  hits="174" /></lines>
			</method>
		</methods>
		<lines>
			<line number="10"  hits="1"  branch="false" />
			<line number="12"  hits="2735"  branch="true"  condition-coverage="50% (1/2)" />
			<line number="13"  hits="0"  branch="false" />
			<line number="15"  hits="2735"  branch="false" />
			<line number="25"  hits="2735"  branch="false" />
			<line number="26"  hits="0"  branch="false" />
			<line number="27"  hits="0"  branch="false" />
			<line number="28"  hits="0"  branch="true"  condition-coverage="0% (0/2)" />
			<line number="29"  hits="0"  branch="false" />
			<line number="30"  hits="0"  branch="false" />
			<line number="32"  hits="0"  branch="true"  condition-coverage="0% (0/4)" />
			<line number="33"  hits="0"  branch="false" />
			<line number="37"  hits="0"  branch="false" />
			<line number="40"  hits="1"  branch="false" />
			<line number="48"  hits="1"  branch="false" />
			<line number="50"  hits="174"  branch="true"  condition-coverage="50% (1/2)" />
			<line number="51"  hits="0"  branch="false" />
			<line number="53"  hits="174"  branch="false" />
			<line number="59"  hits="174"  branch="false" />
			<line number="65"  hits="174"  branch="false" />
			<line number="67"  hits="1"  branch="false" />
		</lines>
		</class>
		<class name="cell.js"  filename="./cell.js"  line-rate="1"  branch-rate="1" >
		<methods>
			<method name="Cell"  hits="354"  signature="()V" >
				<lines><line number="11"  hits="354" /></lines>
			</method>
			<method name="(anonymous_2)"  hits="1"  signature="()V" >
				<lines><line number="25"  hits="1" /></lines>
			</method>
		</methods>
		<lines>
			<line number="11"  hits="1"  branch="false" />
			<line number="13"  hits="354"  branch="true"  condition-coverage="100% (2/2)" />
			<line number="14"  hits="1"  branch="false" />
			<line number="17"  hits="353"  branch="false" />
			<line number="25"  hits="353"  branch="false" />
			<line number="26"  hits="1"  branch="false" />
			<line number="35"  hits="353"  branch="false" />
			<line number="43"  hits="353"  branch="false" />
			<line number="51"  hits="353"  branch="false" />
			<line number="55"  hits="1"  branch="false" />
		</lines>
		</class>
		<class name="content.js"  filename="./content.js"  line-rate="0.9556"  branch-rate="0.875" >
		<methods>
			<method name="Content"  hits="1980"  signature="()V" >
				<lines><line number="11"  hits="1980" /></lines>
			</method>
			<method name="(anonymous_2)"  hits="282"  signature="()V" >
				<lines><line number="28"  hits="282" /></lines>
			</method>
			<method name="(anonymous_3)"  hits="382"  signature="()V" >
				<lines><line number="38"  hits="382" /></lines>
			</method>
			<method name="(anonymous_4)"  hits="120"  signature="()V" >
				<lines><line number="47"  hits="120" /></lines>
			</method>
			<method name="(anonymous_5)"  hits="2"  signature="()V" >
				<lines><line number="56"  hits="2" /></lines>
			</method>
			<method name="(anonymous_6)"  hits="0"  signature="()V" >
				<lines><line number="67"  hits="0" /></lines>
			</method>
			<method name="(anonymous_7)"  hits="6"  signature="()V" >
				<lines><line number="81"  hits="6" /></lines>
			</method>
			<method name="(anonymous_8)"  hits="365"  signature="()V" >
				<lines><line number="101"  hits="365" /></lines>
			</method>
			<method name="(anonymous_9)"  hits="9"  signature="()V" >
				<lines><line number="113"  hits="9" /></lines>
			</method>
			<method name="(anonymous_10)"  hits="5"  signature="()V" >
				<lines><line number="127"  hits="5" /></lines>
			</method>
		</methods>
		<lines>
			<line number="11"  hits="1"  branch="false" />
			<line number="13"  hits="1980"  branch="true"  condition-coverage="50% (1/2)" />
			<line number="14"  hits="0"  branch="true"  condition-coverage="0% (0/2)" />
			<line number="21"  hits="1980"  branch="true"  condition-coverage="100% (2/2)" />
			<line number="28"  hits="1980"  branch="false" />
			<line number="29"  hits="282"  branch="false" />
			<line number="38"  hits="1980"  branch="false" />
			<line number="39"  hits="382"  branch="true"  condition-coverage="100% (2/2)" />
			<line number="47"  hits="1980"  branch="false" />
			<line number="48"  hits="120"  branch="false" />
			<line number="56"  hits="1980"  branch="false" />
			<line number="57"  hits="2"  branch="false" />
			<line number="58"  hits="2"  branch="true"  condition-coverage="100% (2/2)" />
			<line number="67"  hits="1980"  branch="false" />
			<line number="68"  hits="0"  branch="false" />
			<line number="81"  hits="1980"  branch="false" />
			<line number="82"  hits="6"  branch="false" />
			<line number="84"  hits="6"  branch="true"  condition-coverage="100% (5/5)" />
			<line number="85"  hits="3"  branch="false" />
			<line number="87"  hits="3"  branch="true"  condition-coverage="100% (2/2)" />
			<line number="88"  hits="1"  branch="false" />
			<line number="90"  hits="2"  branch="false" />
			<line number="92"  hits="3"  branch="false" />
			<line number="101"  hits="1980"  branch="false" />
			<line number="102"  hits="365"  branch="false" />
			<line number="103"  hits="365"  branch="false" />
			<line number="113"  hits="1980"  branch="false" />
			<line number="114"  hits="9"  branch="false" />
			<line number="115"  hits="9"  branch="true"  condition-coverage="100% (2/2)" />
			<line number="116"  hits="3"  branch="false" />
			<line number="118"  hits="6"  branch="false" />
			<line number="119"  hits="6"  branch="false" />
			<line number="127"  hits="1980"  branch="false" />
			<line number="128"  hits="5"  branch="false" />
			<line number="131"  hits="5"  branch="false" />
			<line number="132"  hits="9"  branch="false" />
			<line number="133"  hits="9"  branch="true"  condition-coverage="100% (3/3)" />
			<line number="135"  hits="3"  branch="false" />
			<line number="136"  hits="3"  branch="false" />
			<line number="138"  hits="2"  branch="false" />
			<line number="139"  hits="2"  branch="false" />
			<line number="141"  hits="4"  branch="false" />
			<line number="142"  hits="4"  branch="true"  condition-coverage="100% (2/2)" />
			<line number="143"  hits="4"  branch="false" />
			<line number="146"  hits="5"  branch="false" />
		</lines>
		</class>
		<class name="helpers.js"  filename="./helpers.js"  line-rate="0.9792000000000001"  branch-rate="0.9348000000000001" >
		<methods>
			<method name="(anonymous_1)"  hits="0"  signature="()V" >
				<lines><line number="18"  hits="0" /></lines>
			</method>
			<method name="(anonymous_2)"  hits="31"  signature="()V" >
				<lines><line number="30"  hits="31" /></lines>
			</method>
			<method name="(anonymous_3)"  hits="6"  signature="()V" >
				<lines><line number="44"  hits="6" /></lines>
			</method>
			<method name="(anonymous_4)"  hits="20"  signature="()V" >
				<lines><line number="61"  hits="20" /></lines>
			</method>
			<method name="(anonymous_5)"  hits="6"  signature="()V" >
				<lines><line number="81"  hits="6" /></lines>
			</method>
			<method name="(anonymous_6)"  hits="9"  signature="()V" >
				<lines><line number="86"  hits="9" /></lines>
			</method>
			<method name="(anonymous_7)"  hits="4"  signature="()V" >
				<lines><line number="90"  hits="4" /></lines>
			</method>
			<method name="(anonymous_8)"  hits="3"  signature="()V" >
				<lines><line number="116"  hits="3" /></lines>
			</method>
			<method name="(anonymous_9)"  hits="3"  signature="()V" >
				<lines><line number="135"  hits="3" /></lines>
			</method>
			<method name="(anonymous_10)"  hits="12"  signature="()V" >
				<lines><line number="136"  hits="12" /></lines>
			</method>
			<method name="(anonymous_11)"  hits="0"  signature="()V" >
				<lines><line number="149"  hits="0" /></lines>
			</method>
			<method name="(anonymous_12)"  hits="6"  signature="()V" >
				<lines><line number="162"  hits="6" /></lines>
			</method>
			<method name="(anonymous_13)"  hits="2"  signature="()V" >
				<lines><line number="175"  hits="2" /></lines>
			</method>
			<method name="(anonymous_14)"  hits="16"  signature="()V" >
				<lines><line number="187"  hits="16" /></lines>
			</method>
			<method name="(anonymous_15)"  hits="16"  signature="()V" >
				<lines><line number="215"  hits="16" /></lines>
			</method>
			<method name="(anonymous_16)"  hits="6"  signature="()V" >
				<lines><line number="247"  hits="6" /></lines>
			</method>
			<method name="(anonymous_17)"  hits="288"  signature="()V" >
				<lines><line number="283"  hits="288" /></lines>
			</method>
			<method name="(anonymous_18)"  hits="48"  signature="()V" >
				<lines><line number="306"  hits="48" /></lines>
			</method>
			<method name="(anonymous_19)"  hits="35"  signature="()V" >
				<lines><line number="322"  hits="35" /></lines>
			</method>
			<method name="(anonymous_20)"  hits="207"  signature="()V" >
				<lines><line number="338"  hits="207" /></lines>
			</method>
			<method name="(anonymous_21)"  hits="24"  signature="()V" >
				<lines><line number="354"  hits="24" /></lines>
			</method>
		</methods>
		<lines>
			<line number="10"  hits="1"  branch="false" />
			<line number="19"  hits="0"  branch="false" />
			<line number="31"  hits="31"  branch="false" />
			<line number="45"  hits="6"  branch="false" />
			<line number="47"  hits="6"  branch="false" />
			<line number="48"  hits="20"  branch="false" />
			<line number="49"  hits="20"  branch="true"  condition-coverage="100% (2/2)" />
			<line number="51"  hits="6"  branch="false" />
			<line number="62"  hits="20"  branch="false" />
			<line number="65"  hits="20"  branch="false" />
			<line number="66"  hits="58"  branch="false" />
			<line number="68"  hits="20"  branch="false" />
			<line number="82"  hits="6"  branch="false" />
			<line number="87"  hits="9"  branch="false" />
			<line number="89"  hits="6"  branch="true"  condition-coverage="100% (2/2)" />
			<line number="90"  hits="1"  branch="false" />
			<line number="91"  hits="4"  branch="false" />
			<line number="93"  hits="1"  branch="false" />
			<line number="95"  hits="6"  branch="true"  condition-coverage="100% (2/2)" />
			<line number="96"  hits="1"  branch="false" />
			<line number="98"  hits="5"  branch="false" />
			<line number="99"  hits="17"  branch="false" />
			<line number="102"  hits="6"  branch="false" />
			<line number="117"  hits="3"  branch="false" />
			<line number="121"  hits="3"  branch="false" />
			<line number="122"  hits="10"  branch="false" />
			<line number="124"  hits="3"  branch="false" />
			<line number="136"  hits="3"  branch="false" />
			<line number="137"  hits="12"  branch="false" />
			<line number="150"  hits="0"  branch="false" />
			<line number="163"  hits="6"  branch="false" />
			<line number="166"  hits="6"  branch="false" />
			<line number="176"  hits="2"  branch="false" />
			<line number="177"  hits="2"  branch="true"  condition-coverage="100% (2/2)" />
			<line number="189"  hits="16"  branch="false" />
			<line number="195"  hits="16"  branch="true"  condition-coverage="100% (2/2)" />
			<line number="196"  hits="1"  branch="false" />
			<line number="198"  hits="15"  branch="false" />
			<line number="199"  hits="15"  branch="true"  condition-coverage="100% (2/2)" />
			<line number="200"  hits="7"  branch="false" />
			<line number="202"  hits="15"  branch="true"  condition-coverage="100% (2/2)" />
			<line number="203"  hits="7"  branch="false" />
			<line number="205"  hits="15"  branch="false" />
			<line number="216"  hits="16"  branch="false" />
			<line number="218"  hits="16"  branch="true"  condition-coverage="100% (4/4)" />
			<line number="219"  hits="2"  branch="false" />
			<line number="221"  hits="14"  branch="true"  condition-coverage="100% (2/2)" />
			<line number="222"  hits="5"  branch="false" />
			<line number="224"  hits="9"  branch="false" />
			<line number="225"  hits="9"  branch="false" />
			<line number="226"  hits="233"  branch="false" />
			<line number="227"  hits="233"  branch="true"  condition-coverage="100% (4/4)" />
			<line number="228"  hits="225"  branch="false" />
			<line number="230"  hits="8"  branch="false" />
			<line number="233"  hits="9"  branch="false" />
			<line number="248"  hits="6"  branch="false" />
			<line number="252"  hits="6"  branch="false" />
			<line number="253"  hits="14"  branch="false" />
			<line number="255"  hits="6"  branch="true"  condition-coverage="100% (2/2)" />
			<line number="256"  hits="4"  branch="false" />
			<line number="257"  hits="4"  branch="false" />
			<line number="258"  hits="4"  branch="false" />
			<line number="259"  hits="4"  branch="false" />
			<line number="262"  hits="6"  branch="true"  condition-coverage="100% (4/4)" />
			<line number="263"  hits="2"  branch="false" />
			<line number="264"  hits="2"  branch="false" />
			<line number="265"  hits="2"  branch="false" />
			<line number="266"  hits="2"  branch="false" />
			<line number="267"  hits="2"  branch="false" />
			<line number="268"  hits="2"  branch="false" />
			<line number="269"  hits="2"  branch="false" />
			<line number="271"  hits="6"  branch="false" />
			<line number="272"  hits="6"  branch="false" />
			<line number="273"  hits="6"  branch="false" />
			<line number="284"  hits="288"  branch="false" />
			<line number="285"  hits="288"  branch="false" />
			<line number="286"  hits="2513"  branch="true"  condition-coverage="100% (2/2)" />
			<line number="287"  hits="497"  branch="false" />
			<line number="288"  hits="497"  branch="true"  condition-coverage="100% (2/2)" />
			<line number="289"  hits="209"  branch="false" />
			<line number="293"  hits="288"  branch="false" />
			<line number="307"  hits="48"  branch="false" />
			<line number="308"  hits="48"  branch="true"  condition-coverage="50% (2/4)" />
			<line number="309"  hits="48"  branch="true"  condition-coverage="50% (1/2)" />
			<line number="310"  hits="48"  branch="false" />
			<line number="311"  hits="48"  branch="true"  condition-coverage="100% (2/2)" />
			<line number="323"  hits="35"  branch="true"  condition-coverage="100% (2/2)" />
			<line number="324"  hits="29"  branch="false" />
			<line number="326"  hits="35"  branch="false" />
			<line number="339"  hits="207"  branch="false" />
			<line number="344"  hits="207"  branch="true"  condition-coverage="100% (2/2)" />
			<line number="346"  hits="207"  branch="false" />
			<line number="347"  hits="4"  branch="false" />
			<line number="349"  hits="207"  branch="false" />
			<line number="354"  hits="1"  branch="false" />
			<line number="355"  hits="24"  branch="false" />
		</lines>
		</class>
		<class name="list.js"  filename="./list.js"  line-rate="1"  branch-rate="0.875" >
		<methods>
			<method name="List"  hits="15"  signature="()V" >
				<lines><line number="12"  hits="15" /></lines>
			</method>
			<method name="(anonymous_2)"  hits="2"  signature="()V" >
				<lines><line number="49"  hits="2" /></lines>
			</method>
			<method name="(anonymous_3)"  hits="2"  signature="()V" >
				<lines><line number="60"  hits="2" /></lines>
			</method>
			<method name="(anonymous_4)"  hits="2"  signature="()V" >
				<lines><line number="75"  hits="2" /></lines>
			</method>
		</methods>
		<lines>
			<line number="12"  hits="1"  branch="false" />
			<line number="14"  hits="15"  branch="true"  condition-coverage="100% (2/2)" />
			<line number="15"  hits="1"  branch="false" />
			<line number="18"  hits="14"  branch="false" />
			<line number="26"  hits="14"  branch="false" />
			<line number="32"  hits="14"  branch="false" />
			<line number="42"  hits="14"  branch="true"  condition-coverage="50% (1/2)" />
			<line number="49"  hits="14"  branch="false" />
			<line number="50"  hits="2"  branch="false" />
			<line number="60"  hits="14"  branch="false" />
			<line number="61"  hits="2"  branch="true"  condition-coverage="100% (2/2)" />
			<line number="62"  hits="1"  branch="false" />
			<line number="64"  hits="1"  branch="false" />
			<line number="75"  hits="14"  branch="false" />
			<line number="76"  hits="2"  branch="true"  condition-coverage="100% (2/2)" />
			<line number="77"  hits="1"  branch="false" />
			<line number="79"  hits="1"  branch="false" />
			<line number="84"  hits="1"  branch="false" />
		</lines>
		</class>
		<class name="listItem.js"  filename="./listItem.js"  line-rate="1"  branch-rate="1" >
		<methods>
			<method name="ListItem"  hits="23"  signature="()V" >
				<lines><line number="10"  hits="23" /></lines>
			</method>
			<method name="(anonymous_2)"  hits="9"  signature="()V" >
				<lines><line number="41"  hits="9" /></lines>
			</method>
		</methods>
		<lines>
			<line number="10"  hits="1"  branch="false" />
			<line number="12"  hits="23"  branch="true"  condition-coverage="100% (2/2)" />
			<line number="13"  hits="1"  branch="false" />
			<line number="17"  hits="22"  branch="false" />
			<line number="25"  hits="22"  branch="false" />
			<line number="33"  hits="22"  branch="false" />
			<line number="41"  hits="22"  branch="false" />
			<line number="42"  hits="9"  branch="false" />
			<line number="46"  hits="1"  branch="false" />
		</lines>
		</class>
		<class name="property.js"  filename="./property.js"  line-rate="1"  branch-rate="0.9722" >
		<methods>
			<method name="Property"  hits="5953"  signature="()V" >
				<lines><line number="14"  hits="5953" /></lines>
			</method>
			<method name="(anonymous_2)"  hits="10"  signature="()V" >
				<lines><line number="63"  hits="10" /></lines>
			</method>
			<method name="(anonymous_3)"  hits="16"  signature="()V" >
				<lines><line number="82"  hits="16" /></lines>
			</method>
			<method name="(anonymous_4)"  hits="9"  signature="()V" >
				<lines><line number="104"  hits="9" /></lines>
			</method>
		</methods>
		<lines>
			<line number="14"  hits="1"  branch="false" />
			<line number="16"  hits="5953"  branch="true"  condition-coverage="100% (2/2)" />
			<line number="17"  hits="1"  branch="false" />
			<line number="19"  hits="5952"  branch="false" />
			<line number="25"  hits="5952"  branch="true"  condition-coverage="100% (2/2)" />
			<line number="26"  hits="73"  branch="false" />
			<line number="27"  hits="73"  branch="false" />
			<line number="29"  hits="73"  branch="false" />
			<line number="30"  hits="228"  branch="false" />
			<line number="32"  hits="228"  branch="true"  condition-coverage="100% (2/2)" />
			<line number="33"  hits="218"  branch="false" />
			<line number="34"  hits="218"  branch="false" />
			<line number="36"  hits="218"  branch="true"  condition-coverage="100% (2/2)" />
			<line number="37"  hits="204"  branch="false" />
			<line number="38"  hits="204"  branch="true"  condition-coverage="100% (2/2)" />
			<line number="39"  hits="73"  branch="false" />
			<line number="42"  hits="218"  branch="false" />
			<line number="46"  hits="5952"  branch="true"  condition-coverage="100% (2/2)" />
			<line number="47"  hits="519"  branch="false" />
			<line number="48"  hits="183"  branch="true"  condition-coverage="50% (1/2)" />
			<line number="49"  hits="183"  branch="false" />
			<line number="50"  hits="183"  branch="true"  condition-coverage="100% (4/4)" />
			<line number="51"  hits="167"  branch="false" />
			<line number="63"  hits="5952"  branch="false" />
			<line number="64"  hits="10"  branch="false" />
			<line number="65"  hits="10"  branch="false" />
			<line number="66"  hits="10"  branch="false" />
			<line number="67"  hits="45"  branch="true"  condition-coverage="100% (2/2)" />
			<line number="68"  hits="9"  branch="false" />
			<line number="71"  hits="10"  branch="false" />
			<line number="82"  hits="5952"  branch="false" />
			<line number="83"  hits="16"  branch="false" />
			<line number="84"  hits="16"  branch="false" />
			<line number="85"  hits="87"  branch="true"  condition-coverage="100% (6/6)" />
			<line number="86"  hits="3"  branch="false" />
			<line number="89"  hits="13"  branch="false" />
			<line number="90"  hits="59"  branch="true"  condition-coverage="100% (6/6)" />
			<line number="91"  hits="1"  branch="false" />
			<line number="94"  hits="12"  branch="false" />
			<line number="104"  hits="5952"  branch="false" />
			<line number="105"  hits="9"  branch="false" />
			<line number="107"  hits="9"  branch="false" />
			<line number="108"  hits="83"  branch="true"  condition-coverage="100% (4/4)" />
			<line number="109"  hits="20"  branch="false" />
		</lines>
		</class>
		<class name="row.js"  filename="./row.js"  line-rate="0.8667"  branch-rate="0.8462000000000001" >
		<methods>
			<method name="Row"  hits="720"  signature="()V" >
				<lines><line number="11"  hits="720" /></lines>
			</method>
			<method name="(anonymous_2)"  hits="0"  signature="()V" >
				<lines><line number="25"  hits="0" /></lines>
			</method>
			<method name="(anonymous_3)"  hits="6"  signature="()V" >
				<lines><line number="50"  hits="6" /></lines>
			</method>
			<method name="(anonymous_4)"  hits="73"  signature="()V" >
				<lines><line number="65"  hits="73" /></lines>
			</method>
			<method name="(anonymous_5)"  hits="3"  signature="()V" >
				<lines><line number="75"  hits="3" /></lines>
			</method>
			<method name="(anonymous_6)"  hits="2"  signature="()V" >
				<lines><line number="94"  hits="2" /></lines>
			</method>
			<method name="(anonymous_7)"  hits="146"  signature="()V" >
				<lines><line number="108"  hits="146" /></lines>
			</method>
			<method name="(anonymous_8)"  hits="52"  signature="()V" >
				<lines><line number="121"  hits="52" /></lines>
			</method>
			<method name="(anonymous_9)"  hits="1"  signature="()V" >
				<lines><line number="135"  hits="1" /></lines>
			</method>
			<method name="(anonymous_10)"  hits="4"  signature="()V" >
				<lines><line number="152"  hits="4" /></lines>
			</method>
			<method name="(anonymous_11)"  hits="0"  signature="()V" >
				<lines><line number="179"  hits="0" /></lines>
			</method>
			<method name="(anonymous_12)"  hits="1"  signature="()V" >
				<lines><line number="192"  hits="1" /></lines>
			</method>
			<method name="(anonymous_13)"  hits="0"  signature="()V" >
				<lines><line number="208"  hits="0" /></lines>
			</method>
			<method name="(anonymous_14)"  hits="3"  signature="()V" >
				<lines><line number="235"  hits="3" /></lines>
			</method>
			<method name="(anonymous_15)"  hits="1"  signature="()V" >
				<lines><line number="246"  hits="1" /></lines>
			</method>
			<method name="(anonymous_16)"  hits="6"  signature="()V" >
				<lines><line number="258"  hits="6" /></lines>
			</method>
			<method name="(anonymous_17)"  hits="6"  signature="()V" >
				<lines><line number="270"  hits="6" /></lines>
			</method>
			<method name="(anonymous_18)"  hits="1"  signature="()V" >
				<lines><line number="283"  hits="1" /></lines>
			</method>
			<method name="(anonymous_19)"  hits="1"  signature="()V" >
				<lines><line number="294"  hits="1" /></lines>
			</method>
		</methods>
		<lines>
			<line number="11"  hits="1"  branch="false" />
			<line number="13"  hits="720"  branch="true"  condition-coverage="100% (2/2)" />
			<line number="14"  hits="1"  branch="false" />
			<line number="17"  hits="719"  branch="false" />
			<line number="25"  hits="719"  branch="false" />
			<line number="26"  hits="0"  branch="false" />
			<line number="35"  hits="719"  branch="false" />
			<line number="43"  hits="719"  branch="false" />
			<line number="50"  hits="719"  branch="false" />
			<line number="51"  hits="6"  branch="false" />
			<line number="54"  hits="6"  branch="false" />
			<line number="55"  hits="8"  branch="false" />
			<line number="57"  hits="6"  branch="false" />
			<line number="65"  hits="719"  branch="false" />
			<line number="66"  hits="73"  branch="false" />
			<line number="75"  hits="719"  branch="false" />
			<line number="76"  hits="3"  branch="false" />
			<line number="78"  hits="3"  branch="true"  condition-coverage="100% (2/2)" />
			<line number="79"  hits="1"  branch="false" />
			<line number="81"  hits="2"  branch="false" />
			<line number="82"  hits="2"  branch="false" />
			<line number="94"  hits="719"  branch="false" />
			<line number="95"  hits="2"  branch="true"  condition-coverage="100% (2/2)" />
			<line number="96"  hits="1"  branch="false" />
			<line number="98"  hits="1"  branch="false" />
			<line number="108"  hits="719"  branch="false" />
			<line number="109"  hits="146"  branch="true"  condition-coverage="100% (2/2)" />
			<line number="110"  hits="1"  branch="false" />
			<line number="112"  hits="145"  branch="false" />
			<line number="121"  hits="719"  branch="false" />
			<line number="122"  hits="52"  branch="false" />
			<line number="123"  hits="52"  branch="true"  condition-coverage="100% (4/4)" />
			<line number="124"  hits="27"  branch="false" />
			<line number="126"  hits="25"  branch="false" />
			<line number="135"  hits="719"  branch="false" />
			<line number="136"  hits="1"  branch="false" />
			<line number="152"  hits="719"  branch="false" />
			<line number="153"  hits="4"  branch="false" />
			<line number="154"  hits="4"  branch="true"  condition-coverage="100% (2/2)" />
			<line number="155"  hits="3"  branch="true"  condition-coverage="100% (2/2)" />
			<line number="156"  hits="2"  branch="false" />
			<line number="158"  hits="1"  branch="true"  condition-coverage="50% (1/2)" />
			<line number="159"  hits="1"  branch="false" />
			<line number="162"  hits="3"  branch="true"  condition-coverage="50% (1/2)" />
			<line number="163"  hits="3"  branch="false" />
			<line number="164"  hits="3"  branch="false" />
			<line number="165"  hits="3"  branch="false" />
			<line number="166"  hits="3"  branch="false" />
			<line number="168"  hits="3"  branch="false" />
			<line number="179"  hits="719"  branch="false" />
			<line number="180"  hits="0"  branch="false" />
			<line number="181"  hits="0"  branch="false" />
			<line number="192"  hits="719"  branch="false" />
			<line number="193"  hits="1"  branch="false" />
			<line number="208"  hits="719"  branch="false" />
			<line number="209"  hits="0"  branch="false" />
			<line number="218"  hits="0"  branch="false" />
			<line number="219"  hits="0"  branch="false" />
			<line number="220"  hits="0"  branch="true"  condition-coverage="0% (0/2)" />
			<line number="221"  hits="0"  branch="false" />
			<line number="224"  hits="0"  branch="false" />
			<line number="225"  hits="0"  branch="false" />
			<line number="235"  hits="719"  branch="false" />
			<line number="236"  hits="3"  branch="false" />
			<line number="246"  hits="719"  branch="false" />
			<line number="247"  hits="1"  branch="false" />
			<line number="258"  hits="719"  branch="false" />
			<line number="259"  hits="6"  branch="true"  condition-coverage="100% (2/2)" />
			<line number="270"  hits="719"  branch="false" />
			<line number="272"  hits="6"  branch="true"  condition-coverage="100% (2/2)" />
			<line number="283"  hits="719"  branch="false" />
			<line number="284"  hits="1"  branch="false" />
			<line number="294"  hits="719"  branch="false" />
			<line number="295"  hits="1"  branch="false" />
			<line number="300"  hits="1"  branch="false" />
		</lines>
		</class>
		<class name="string.js"  filename="./string.js"  line-rate="0.963"  branch-rate="0.7667" >
		<methods>
			<method name="(anonymous_1)"  hits="161"  signature="()V" >
				<lines><line number="13"  hits="161" /></lines>
			</method>
			<method name="(anonymous_2)"  hits="64"  signature="()V" >
				<lines><line number="53"  hits="64" /></lines>
			</method>
			<method name="(anonymous_3)"  hits="29"  signature="()V" >
				<lines><line number="99"  hits="29" /></lines>
			</method>
			<method name="(anonymous_4)"  hits="1"  signature="()V" >
				<lines><line number="151"  hits="1" /></lines>
			</method>
			<method name="(anonymous_5)"  hits="0"  signature="()V" >
				<lines><line number="201"  hits="0" /></lines>
			</method>
			<method name="(anonymous_6)"  hits="1"  signature="()V" >
				<lines><line number="211"  hits="1" /></lines>
			</method>
			<method name="(anonymous_7)"  hits="10"  signature="()V" >
				<lines><line number="220"  hits="10" /></lines>
			</method>
			<method name="(anonymous_8)"  hits="26"  signature="()V" >
				<lines><line number="275"  hits="26" /></lines>
			</method>
			<method name="(anonymous_9)"  hits="171"  signature="()V" >
				<lines><line number="327"  hits="171" /></lines>
			</method>
		</methods>
		<lines>
			<line number="13"  hits="1"  branch="false" />
			<line number="21"  hits="161"  branch="false" />
			<line number="27"  hits="161"  branch="true"  condition-coverage="50% (1/2)" />
			<line number="28"  hits="0"  branch="false" />
			<line number="32"  hits="161"  branch="false" />
			<line number="35"  hits="161"  branch="false" />
			<line number="38"  hits="161"  branch="false" />
			<line number="39"  hits="161"  branch="false" />
			<line number="42"  hits="161"  branch="false" />
			<line number="43"  hits="161"  branch="true"  condition-coverage="100% (2/2)" />
			<line number="44"  hits="22"  branch="false" />
			<line number="46"  hits="161"  branch="false" />
			<line number="48"  hits="161"  branch="false" />
			<line number="49"  hits="161"  branch="false" />
			<line number="50"  hits="161"  branch="false" />
			<line number="53"  hits="1"  branch="false" />
			<line number="61"  hits="64"  branch="false" />
			<line number="70"  hits="64"  branch="true"  condition-coverage="50% (1/2)" />
			<line number="71"  hits="0"  branch="false" />
			<line number="74"  hits="64"  branch="false" />
			<line number="77"  hits="64"  branch="false" />
			<line number="78"  hits="64"  branch="false" />
			<line number="81"  hits="64"  branch="false" />
			<line number="82"  hits="64"  branch="true"  condition-coverage="100% (2/2)" />
			<line number="83"  hits="16"  branch="false" />
			<line number="85"  hits="64"  branch="false" />
			<line number="87"  hits="64"  branch="false" />
			<line number="88"  hits="64"  branch="false" />
			<line number="89"  hits="64"  branch="false" />
			<line number="90"  hits="144"  branch="false" />
			<line number="91"  hits="144"  branch="true"  condition-coverage="50% (1/2)" />
			<line number="92"  hits="144"  branch="false" />
			<line number="93"  hits="144"  branch="false" />
			<line number="96"  hits="64"  branch="false" />
			<line number="99"  hits="1"  branch="false" />
			<line number="108"  hits="29"  branch="false" />
			<line number="113"  hits="29"  branch="true"  condition-coverage="50% (1/2)" />
			<line number="114"  hits="0"  branch="false" />
			<line number="116"  hits="29"  branch="false" />
			<line number="119"  hits="29"  branch="false" />
			<line number="122"  hits="29"  branch="false" />
			<line number="123"  hits="29"  branch="false" />
			<line number="125"  hits="29"  branch="false" />
			<line number="126"  hits="29"  branch="true"  condition-coverage="100% (2/2)" />
			<line number="127"  hits="17"  branch="false" />
			<line number="129"  hits="29"  branch="false" />
			<line number="132"  hits="29"  branch="true"  condition-coverage="100% (2/2)" />
			<line number="133"  hits="1"  branch="false" />
			<line number="135"  hits="28"  branch="false" />
			<line number="136"  hits="28"  branch="false" />
			<line number="138"  hits="28"  branch="false" />
			<line number="139"  hits="48"  branch="false" />
			<line number="140"  hits="48"  branch="true"  condition-coverage="50% (1/2)" />
			<line number="141"  hits="48"  branch="false" />
			<line number="142"  hits="48"  branch="false" />
			<line number="147"  hits="28"  branch="false" />
			<line number="148"  hits="28"  branch="false" />
			<line number="151"  hits="1"  branch="false" />
			<line number="163"  hits="1"  branch="false" />
			<line number="170"  hits="1"  branch="false" />
			<line number="171"  hits="1"  branch="false" />
			<line number="172"  hits="1"  branch="true"  condition-coverage="50% (1/2)" />
			<line number="173"  hits="1"  branch="false" />
			<line number="174"  hits="1"  branch="true"  condition-coverage="50% (1/2)" />
			<line number="176"  hits="1"  branch="false" />
			<line number="177"  hits="1"  branch="false" />
			<line number="178"  hits="1"  branch="false" />
			<line number="179"  hits="1"  branch="true"  condition-coverage="50% (1/2)" />
			<line number="180"  hits="1"  branch="false" />
			<line number="182"  hits="1"  branch="false" />
			<line number="184"  hits="1"  branch="false" />
			<line number="185"  hits="1"  branch="false" />
			<line number="186"  hits="1"  branch="false" />
			<line number="187"  hits="5"  branch="false" />
			<line number="189"  hits="5"  branch="true"  condition-coverage="100% (4/4)" />
			<line number="190"  hits="2"  branch="false" />
			<line number="191"  hits="2"  branch="false" />
			<line number="192"  hits="2"  branch="false" />
			<line number="193"  hits="2"  branch="true"  condition-coverage="50% (1/2)" />
			<line number="194"  hits="2"  branch="false" />
			<line number="198"  hits="1"  branch="false" />
			<line number="201"  hits="1"  branch="false" />
			<line number="208"  hits="0"  branch="false" />
			<line number="211"  hits="1"  branch="false" />
			<line number="217"  hits="1"  branch="false" />
			<line number="220"  hits="1"  branch="false" />
			<line number="228"  hits="10"  branch="false" />
			<line number="233"  hits="10"  branch="true"  condition-coverage="100% (2/2)" />
			<line number="234"  hits="3"  branch="false" />
			<line number="238"  hits="7"  branch="false" />
			<line number="241"  hits="7"  branch="false" />
			<line number="244"  hits="7"  branch="false" />
			<line number="245"  hits="7"  branch="false" />
			<line number="248"  hits="7"  branch="false" />
			<line number="249"  hits="7"  branch="true"  condition-coverage="100% (2/2)" />
			<line number="250"  hits="3"  branch="false" />
			<line number="252"  hits="7"  branch="false" />
			<line number="253"  hits="7"  branch="false" />
			<line number="254"  hits="7"  branch="false" />
			<line number="255"  hits="7"  branch="false" />
			<line number="256"  hits="7"  branch="false" />
			<line number="257"  hits="7"  branch="true"  condition-coverage="66.66666666666666% (2/3)" />
			<line number="259"  hits="6"  branch="false" />
			<line number="260"  hits="6"  branch="false" />
			<line number="262"  hits="1"  branch="false" />
			<line number="263"  hits="1"  branch="false" />
			<line number="264"  hits="1"  branch="false" />
			<line number="265"  hits="1"  branch="true"  condition-coverage="50% (1/2)" />
			<line number="266"  hits="1"  branch="false" />
			<line number="268"  hits="0"  branch="false" />
			<line number="270"  hits="7"  branch="false" />
			<line number="272"  hits="7"  branch="false" />
			<line number="275"  hits="1"  branch="false" />
			<line number="284"  hits="26"  branch="false" />
			<line number="291"  hits="26"  branch="false" />
			<line number="292"  hits="26"  branch="false" />
			<line number="293"  hits="26"  branch="true"  condition-coverage="50% (1/2)" />
			<line number="294"  hits="26"  branch="false" />
			<line number="295"  hits="26"  branch="true"  condition-coverage="50% (1/2)" />
			<line number="296"  hits="26"  branch="false" />
			<line number="297"  hits="26"  branch="false" />
			<line number="299"  hits="26"  branch="false" />
			<line number="300"  hits="26"  branch="false" />
			<line number="301"  hits="26"  branch="false" />
			<line number="302"  hits="26"  branch="true"  condition-coverage="100% (2/2)" />
			<line number="303"  hits="8"  branch="false" />
			<line number="305"  hits="26"  branch="false" />
			<line number="307"  hits="26"  branch="false" />
			<line number="308"  hits="26"  branch="false" />
			<line number="309"  hits="26"  branch="false" />
			<line number="310"  hits="27"  branch="false" />
			<line number="311"  hits="27"  branch="true"  condition-coverage="100% (2/2)" />
			<line number="312"  hits="25"  branch="false" />
			<line number="314"  hits="27"  branch="true"  condition-coverage="100% (2/2)" />
			<line number="315"  hits="2"  branch="false" />
			<line number="316"  hits="2"  branch="false" />
			<line number="317"  hits="2"  branch="false" />
			<line number="318"  hits="2"  branch="true"  condition-coverage="100% (2/2)" />
			<line number="320"  hits="27"  branch="false" />
			<line number="324"  hits="26"  branch="false" />
			<line number="327"  hits="1"  branch="false" />
			<line number="334"  hits="171"  branch="false" />
			<line number="341"  hits="171"  branch="false" />
			<line number="342"  hits="171"  branch="false" />
			<line number="343"  hits="171"  branch="false" />
			<line number="344"  hits="171"  branch="true"  condition-coverage="100% (2/2)" />
			<line number="345"  hits="111"  branch="false" />
			<line number="346"  hits="135"  branch="false" />
			<line number="347"  hits="135"  branch="true"  condition-coverage="66.66666666666666% (2/3)" />
			<line number="349"  hits="112"  branch="false" />
			<line number="350"  hits="112"  branch="false" />
			<line number="352"  hits="23"  branch="false" />
			<line number="353"  hits="23"  branch="false" />
			<line number="354"  hits="23"  branch="false" />
			<line number="358"  hits="23"  branch="true"  condition-coverage="100% (2/2)" />
			<line number="359"  hits="7"  branch="false" />
			<line number="361"  hits="16"  branch="false" />
			<line number="363"  hits="23"  branch="false" />
			<line number="365"  hits="0"  branch="false" />
			<line number="367"  hits="135"  branch="true"  condition-coverage="100% (2/2)" />
			<line number="368"  hits="126"  branch="false" />
			<line number="373"  hits="171"  branch="false" />
		</lines>
		</class>
		<class name="style.js"  filename="./style.js"  line-rate="0.7944"  branch-rate="0.6429" >
		<methods>
			<method name="Style"  hits="3153"  signature="()V" >
				<lines><line number="10"  hits="3153" /></lines>
			</method>
			<method name="(anonymous_2)"  hits="4"  signature="()V" >
				<lines><line number="27"  hits="4" /></lines>
			</method>
			<method name="(anonymous_3)"  hits="6"  signature="()V" >
				<lines><line number="53"  hits="6" /></lines>
			</method>
			<method name="(anonymous_4)"  hits="4"  signature="()V" >
				<lines><line number="64"  hits="4" /></lines>
			</method>
			<method name="(anonymous_5)"  hits="6"  signature="()V" >
				<lines><line number="77"  hits="6" /></lines>
			</method>
			<method name="TableStyle"  hits="296"  signature="()V" >
				<lines><line number="97"  hits="296" /></lines>
			</method>
			<method name="LinkStyle"  hits="0"  signature="()V" >
				<lines><line number="174"  hits="0" /></lines>
			</method>
			<method name="TableRowStyle"  hits="719"  signature="()V" >
				<lines><line number="226"  hits="719" /></lines>
			</method>
			<method name="TableCellStyle"  hits="378"  signature="()V" >
				<lines><line number="289"  hits="378" /></lines>
			</method>
			<method name="ImageStyle"  hits="0"  signature="()V" >
				<lines><line number="364"  hits="0" /></lines>
			</method>
			<method name="ListStyle"  hits="14"  signature="()V" >
				<lines><line number="421"  hits="14" /></lines>
			</method>
			<method name="ListItemStyle"  hits="32"  signature="()V" >
				<lines><line number="471"  hits="32" /></lines>
			</method>
		</methods>
		<lines>
			<line number="10"  hits="1"  branch="false" />
			<line number="12"  hits="3153"  branch="true"  condition-coverage="100% (2/2)" />
			<line number="13"  hits="1"  branch="false" />
			<line number="15"  hits="3152"  branch="false" />
			<line number="27"  hits="3152"  branch="false" />
			<line number="28"  hits="4"  branch="false" />
			<line number="29"  hits="4"  branch="true"  condition-coverage="100% (2/2)" />
			<line number="30"  hits="4"  branch="false" />
			<line number="31"  hits="34"  branch="true"  condition-coverage="50% (1/2)" />
			<line number="33"  hits="34"  branch="false" />
			<line number="34"  hits="34"  branch="true"  condition-coverage="100% (2/2)" />
			<line number="36"  hits="2"  branch="false" />
			<line number="37"  hits="2"  branch="false" />
			<line number="39"  hits="2"  branch="false" />
			<line number="40"  hits="2"  branch="false" />
			<line number="44"  hits="4"  branch="false" />
			<line number="53"  hits="3152"  branch="false" />
			<line number="54"  hits="6"  branch="false" />
			<line number="64"  hits="3152"  branch="false" />
			<line number="65"  hits="4"  branch="false" />
			<line number="66"  hits="4"  branch="false" />
			<line number="67"  hits="4"  branch="false" />
			<line number="77"  hits="3152"  branch="false" />
			<line number="78"  hits="6"  branch="false" />
			<line number="79"  hits="6"  branch="true"  condition-coverage="100% (2/2)" />
			<line number="80"  hits="6"  branch="true"  condition-coverage="100% (2/2)" />
			<line number="81"  hits="6"  branch="true"  condition-coverage="100% (2/2)" />
			<line number="82"  hits="1"  branch="false" />
			<line number="84"  hits="6"  branch="false" />
			<line number="89"  hits="1"  branch="false" />
			<line number="97"  hits="1"  branch="false" />
			<line number="99"  hits="296"  branch="true"  condition-coverage="50% (1/2)" />
			<line number="100"  hits="0"  branch="false" />
			<line number="102"  hits="296"  branch="false" />
			<line number="114"  hits="296"  branch="false" />
			<line number="126"  hits="296"  branch="false" />
			<line number="132"  hits="296"  branch="false" />
			<line number="138"  hits="296"  branch="false" />
			<line number="144"  hits="296"  branch="false" />
			<line number="150"  hits="296"  branch="false" />
			<line number="164"  hits="296"  branch="false" />
			<line number="166"  hits="1"  branch="false" />
			<line number="174"  hits="1"  branch="false" />
			<line number="176"  hits="0"  branch="true"  condition-coverage="0% (0/2)" />
			<line number="177"  hits="0"  branch="false" />
			<line number="179"  hits="0"  branch="false" />
			<line number="185"  hits="0"  branch="false" />
			<line number="192"  hits="0"  branch="false" />
			<line number="198"  hits="0"  branch="false" />
			<line number="204"  hits="0"  branch="false" />
			<line number="210"  hits="0"  branch="false" />
			<line number="216"  hits="0"  branch="false" />
			<line number="218"  hits="1"  branch="false" />
			<line number="226"  hits="1"  branch="false" />
			<line number="228"  hits="719"  branch="true"  condition-coverage="50% (1/2)" />
			<line number="229"  hits="0"  branch="false" />
			<line number="231"  hits="719"  branch="false" />
			<line number="243"  hits="719"  branch="false" />
			<line number="255"  hits="719"  branch="false" />
			<line number="261"  hits="719"  branch="false" />
			<line number="267"  hits="719"  branch="false" />
			<line number="273"  hits="719"  branch="false" />
			<line number="279"  hits="719"  branch="false" />
			<line number="281"  hits="1"  branch="false" />
			<line number="289"  hits="1"  branch="false" />
			<line number="291"  hits="378"  branch="true"  condition-coverage="50% (1/2)" />
			<line number="292"  hits="0"  branch="false" />
			<line number="294"  hits="378"  branch="false" />
			<line number="306"  hits="378"  branch="false" />
			<line number="318"  hits="378"  branch="false" />
			<line number="324"  hits="378"  branch="false" />
			<line number="330"  hits="378"  branch="false" />
			<line number="336"  hits="378"  branch="false" />
			<line number="342"  hits="378"  branch="false" />
			<line number="348"  hits="378"  branch="false" />
			<line number="354"  hits="378"  branch="false" />
			<line number="356"  hits="1"  branch="false" />
			<line number="364"  hits="1"  branch="false" />
			<line number="366"  hits="0"  branch="true"  condition-coverage="0% (0/2)" />
			<line number="367"  hits="0"  branch="false" />
			<line number="369"  hits="0"  branch="false" />
			<line number="381"  hits="0"  branch="false" />
			<line number="393"  hits="0"  branch="false" />
			<line number="399"  hits="0"  branch="false" />
			<line number="405"  hits="0"  branch="false" />
			<line number="411"  hits="0"  branch="false" />
			<line number="413"  hits="1"  branch="false" />
			<line number="421"  hits="1"  branch="false" />
			<line number="423"  hits="14"  branch="true"  condition-coverage="50% (1/2)" />
			<line number="424"  hits="0"  branch="false" />
			<line number="426"  hits="14"  branch="false" />
			<line number="432"  hits="14"  branch="false" />
			<line number="439"  hits="14"  branch="false" />
			<line number="446"  hits="14"  branch="false" />
			<line number="453"  hits="14"  branch="false" />
			<line number="460"  hits="14"  branch="false" />
			<line number="463"  hits="1"  branch="false" />
			<line number="471"  hits="1"  branch="false" />
			<line number="473"  hits="32"  branch="true"  condition-coverage="50% (1/2)" />
			<line number="474"  hits="0"  branch="false" />
			<line number="476"  hits="32"  branch="false" />
			<line number="482"  hits="32"  branch="false" />
			<line number="489"  hits="32"  branch="false" />
			<line number="496"  hits="32"  branch="false" />
			<line number="502"  hits="32"  branch="false" />
			<line number="508"  hits="32"  branch="false" />
			<line number="510"  hits="1"  branch="false" />
		</lines>
		</class>
		<class name="table.js"  filename="./table.js"  line-rate="0.9723999999999999"  branch-rate="0.9239" >
		<methods>
			<method name="Table"  hits="175"  signature="()V" >
				<lines><line number="11"  hits="175" /></lines>
			</method>
			<method name="(anonymous_2)"  hits="1"  signature="()V" >
				<lines><line number="25"  hits="1" /></lines>
			</method>
			<method name="(anonymous_3)"  hits="117"  signature="()V" >
				<lines><line number="58"  hits="117" /></lines>
			</method>
			<method name="(anonymous_4)"  hits="50"  signature="()V" >
				<lines><line number="68"  hits="50" /></lines>
			</method>
			<method name="(anonymous_5)"  hits="3"  signature="()V" >
				<lines><line number="81"  hits="3" /></lines>
			</method>
			<method name="(anonymous_6)"  hits="2"  signature="()V" >
				<lines><line number="96"  hits="2" /></lines>
			</method>
			<method name="(anonymous_7)"  hits="5"  signature="()V" >
				<lines><line number="108"  hits="5" /></lines>
			</method>
			<method name="(anonymous_8)"  hits="9"  signature="()V" >
				<lines><line number="134"  hits="9" /></lines>
			</method>
			<method name="(anonymous_9)"  hits="0"  signature="()V" >
				<lines><line number="163"  hits="0" /></lines>
			</method>
			<method name="(anonymous_10)"  hits="1"  signature="()V" >
				<lines><line number="174"  hits="1" /></lines>
			</method>
			<method name="(anonymous_11)"  hits="0"  signature="()V" >
				<lines><line number="190"  hits="0" /></lines>
			</method>
			<method name="(anonymous_12)"  hits="1"  signature="()V" >
				<lines><line number="202"  hits="1" /></lines>
			</method>
			<method name="(anonymous_13)"  hits="11"  signature="()V" >
				<lines><line number="216"  hits="11" /></lines>
			</method>
			<method name="(anonymous_14)"  hits="8"  signature="()V" >
				<lines><line number="242"  hits="8" /></lines>
			</method>
			<method name="(anonymous_15)"  hits="5"  signature="()V" >
				<lines><line number="283"  hits="5" /></lines>
			</method>
			<method name="(anonymous_16)"  hits="2"  signature="()V" >
				<lines><line number="305"  hits="2" /></lines>
			</method>
			<method name="(anonymous_17)"  hits="43"  signature="()V" >
				<lines><line number="327"  hits="43" /></lines>
			</method>
			<method name="(anonymous_18)"  hits="55"  signature="()V" >
				<lines><line number="331"  hits="55" /></lines>
			</method>
			<method name="(anonymous_19)"  hits="26"  signature="()V" >
				<lines><line number="343"  hits="26" /></lines>
			</method>
			<method name="(anonymous_20)"  hits="131"  signature="()V" >
				<lines><line number="348"  hits="131" /></lines>
			</method>
			<method name="(anonymous_21)"  hits="7"  signature="()V" >
				<lines><line number="358"  hits="7" /></lines>
			</method>
			<method name="(anonymous_22)"  hits="6"  signature="()V" >
				<lines><line number="378"  hits="6" /></lines>
			</method>
			<method name="(anonymous_23)"  hits="6"  signature="()V" >
				<lines><line number="400"  hits="6" /></lines>
			</method>
			<method name="(anonymous_24)"  hits="10"  signature="()V" >
				<lines><line number="504"  hits="10" /></lines>
			</method>
			<method name="(anonymous_25)"  hits="2"  signature="()V" >
				<lines><line number="539"  hits="2" /></lines>
			</method>
			<method name="(anonymous_26)"  hits="2"  signature="()V" >
				<lines><line number="549"  hits="2" /></lines>
			</method>
			<method name="(anonymous_27)"  hits="8"  signature="()V" >
				<lines><line number="560"  hits="8" /></lines>
			</method>
			<method name="(anonymous_28)"  hits="2"  signature="()V" >
				<lines><line number="586"  hits="2" /></lines>
			</method>
			<method name="(anonymous_29)"  hits="2"  signature="()V" >
				<lines><line number="596"  hits="2" /></lines>
			</method>
			<method name="(anonymous_30)"  hits="8"  signature="()V" >
				<lines><line number="608"  hits="8" /></lines>
			</method>
			<method name="(anonymous_31)"  hits="2"  signature="()V" >
				<lines><line number="635"  hits="2" /></lines>
			</method>
			<method name="(anonymous_32)"  hits="2"  signature="()V" >
				<lines><line number="645"  hits="2" /></lines>
			</method>
			<method name="(anonymous_33)"  hits="36"  signature="()V" >
				<lines><line number="656"  hits="36" /></lines>
			</method>
		</methods>
		<lines>
			<line number="11"  hits="1"  branch="false" />
			<line number="13"  hits="175"  branch="true"  condition-coverage="100% (2/2)" />
			<line number="14"  hits="1"  branch="false" />
			<line number="17"  hits="174"  branch="false" />
			<line number="25"  hits="174"  branch="false" />
			<line number="26"  hits="1"  branch="false" />
			<line number="35"  hits="174"  branch="false" />
			<line number="43"  hits="174"  branch="false" />
			<line number="51"  hits="174"  branch="false" />
			<line number="58"  hits="174"  branch="false" />
			<line number="59"  hits="117"  branch="false" />
			<line number="68"  hits="174"  branch="false" />
			<line number="69"  hits="50"  branch="true"  condition-coverage="100% (2/2)" />
			<line number="70"  hits="1"  branch="false" />
			<line number="72"  hits="49"  branch="false" />
			<line number="81"  hits="174"  branch="false" />
			<line number="82"  hits="3"  branch="false" />
			<line number="84"  hits="3"  branch="false" />
			<line number="85"  hits="4"  branch="false" />
			<line number="87"  hits="3"  branch="false" />
			<line number="96"  hits="174"  branch="false" />
			<line number="97"  hits="2"  branch="true"  condition-coverage="100% (2/2)" />
			<line number="108"  hits="174"  branch="false" />
			<line number="109"  hits="5"  branch="false" />
			<line number="112"  hits="5"  branch="true"  condition-coverage="100% (2/2)" />
			<line number="113"  hits="1"  branch="false" />
			<line number="115"  hits="4"  branch="true"  condition-coverage="100% (2/2)" />
			<line number="116"  hits="1"  branch="false" />
			<line number="118"  hits="3"  branch="false" />
			<line number="119"  hits="4"  branch="false" />
			<line number="134"  hits="174"  branch="false" />
			<line number="135"  hits="9"  branch="true"  condition-coverage="100% (2/2)" />
			<line number="136"  hits="9"  branch="false" />
			<line number="140"  hits="9"  branch="true"  condition-coverage="100% (5/5)" />
			<line number="141"  hits="3"  branch="false" />
			<line number="143"  hits="6"  branch="true"  condition-coverage="100% (2/2)" />
			<line number="144"  hits="4"  branch="false" />
			<line number="145"  hits="12"  branch="false" />
			<line number="148"  hits="2"  branch="false" />
			<line number="149"  hits="3"  branch="false" />
			<line number="152"  hits="6"  branch="false" />
			<line number="163"  hits="174"  branch="false" />
			<line number="164"  hits="0"  branch="false" />
			<line number="165"  hits="0"  branch="false" />
			<line number="174"  hits="174"  branch="false" />
			<line number="175"  hits="1"  branch="false" />
			<line number="177"  hits="1"  branch="false" />
			<line number="178"  hits="3"  branch="false" />
			<line number="190"  hits="174"  branch="false" />
			<line number="191"  hits="0"  branch="false" />
			<line number="192"  hits="0"  branch="false" />
			<line number="202"  hits="174"  branch="false" />
			<line number="203"  hits="1"  branch="false" />
			<line number="205"  hits="1"  branch="false" />
			<line number="206"  hits="3"  branch="false" />
			<line number="216"  hits="174"  branch="false" />
			<line number="217"  hits="11"  branch="false" />
			<line number="220"  hits="11"  branch="true"  condition-coverage="100% (2/2)" />
			<line number="221"  hits="2"  branch="false" />
			<line number="223"  hits="9"  branch="false" />
			<line number="225"  hits="9"  branch="true"  condition-coverage="100% (2/2)" />
			<line number="226"  hits="1"  branch="false" />
			<line number="229"  hits="8"  branch="false" />
			<line number="230"  hits="18"  branch="true"  condition-coverage="100% (2/2)" />
			<line number="231"  hits="4"  branch="false" />
			<line number="234"  hits="4"  branch="false" />
			<line number="242"  hits="174"  branch="false" />
			<line number="243"  hits="8"  branch="false" />
			<line number="248"  hits="8"  branch="true"  condition-coverage="100% (2/2)" />
			<line number="250"  hits="6"  branch="false" />
			<line number="251"  hits="6"  branch="false" />
			<line number="252"  hits="6"  branch="false" />
			<line number="253"  hits="14"  branch="true"  condition-coverage="100% (2/2)" />
			<line number="254"  hits="2"  branch="false" />
			<line number="255"  hits="2"  branch="false" />
			<line number="258"  hits="12"  branch="false" />
			<line number="259"  hits="47"  branch="true"  condition-coverage="100% (2/2)" />
			<line number="260"  hits="1"  branch="false" />
			<line number="261"  hits="1"  branch="false" />
			<line number="265"  hits="12"  branch="true"  condition-coverage="100% (2/2)" />
			<line number="266"  hits="1"  branch="false" />
			<line number="270"  hits="8"  branch="false" />
			<line number="283"  hits="174"  branch="false" />
			<line number="284"  hits="5"  branch="false" />
			<line number="285"  hits="5"  branch="true"  condition-coverage="100% (2/2)" />
			<line number="286"  hits="1"  branch="false" />
			<line number="288"  hits="5"  branch="true"  condition-coverage="100% (2/2)" />
			<line number="289"  hits="5"  branch="true"  condition-coverage="100% (2/2)" />
			<line number="290"  hits="5"  branch="true"  condition-coverage="100% (2/2)" />
			<line number="292"  hits="5"  branch="false" />
			<line number="293"  hits="5"  branch="false" />
			<line number="294"  hits="5"  branch="false" />
			<line number="295"  hits="5"  branch="false" />
			<line number="305"  hits="174"  branch="false" />
			<line number="306"  hits="2"  branch="true"  condition-coverage="100% (2/2)" />
			<line number="307"  hits="1"  branch="false" />
			<line number="309"  hits="2"  branch="true"  condition-coverage="100% (2/2)" />
			<line number="310"  hits="1"  branch="false" />
			<line number="312"  hits="2"  branch="false" />
			<line number="314"  hits="2"  branch="true"  condition-coverage="50% (1/2)" />
			<line number="315"  hits="0"  branch="false" />
			<line number="327"  hits="174"  branch="false" />
			<line number="328"  hits="43"  branch="true"  condition-coverage="100% (2/2)" />
			<line number="329"  hits="2"  branch="false" />
			<line number="331"  hits="41"  branch="false" />
			<line number="332"  hits="55"  branch="false" />
			<line number="343"  hits="174"  branch="false" />
			<line number="345"  hits="26"  branch="false" />
			<line number="348"  hits="26"  branch="false" />
			<line number="349"  hits="131"  branch="true"  condition-coverage="100% (2/2)" />
			<line number="358"  hits="174"  branch="false" />
			<line number="359"  hits="7"  branch="false" />
			<line number="363"  hits="7"  branch="false" />
			<line number="364"  hits="42"  branch="true"  condition-coverage="50% (1/2)" />
			<line number="365"  hits="42"  branch="false" />
			<line number="378"  hits="174"  branch="false" />
			<line number="379"  hits="6"  branch="false" />
			<line number="383"  hits="6"  branch="true"  condition-coverage="100% (5/5)" />
			<line number="384"  hits="2"  branch="false" />
			<line number="385"  hits="3"  branch="false" />
			<line number="388"  hits="4"  branch="false" />
			<line number="400"  hits="174"  branch="false" />
			<line number="401"  hits="6"  branch="false" />
			<line number="405"  hits="6"  branch="true"  condition-coverage="100% (2/2)" />
			<line number="407"  hits="2"  branch="true"  condition-coverage="50% (1/2)" />
			<line number="408"  hits="2"  branch="false" />
			<line number="409"  hits="2"  branch="true"  condition-coverage="50% (1/2)" />
			<line number="410"  hits="2"  branch="false" />
			<line number="411"  hits="2"  branch="true"  condition-coverage="50% (1/2)" />
			<line number="412"  hits="2"  branch="false" />
			<line number="414"  hits="2"  branch="false" />
			<line number="415"  hits="2"  branch="false" />
			<line number="416"  hits="2"  branch="false" />
			<line number="418"  hits="2"  branch="false" />
			<line number="419"  hits="2"  branch="false" />
			<line number="421"  hits="6"  branch="true"  condition-coverage="50% (1/2)" />
			<line number="422"  hits="6"  branch="false" />
			<line number="423"  hits="6"  branch="false" />
			<line number="424"  hits="6"  branch="false" />
			<line number="425"  hits="6"  branch="false" />
			<line number="426"  hits="16"  branch="false" />
			<line number="427"  hits="16"  branch="false" />
			<line number="428"  hits="16"  branch="false" />
			<line number="430"  hits="6"  branch="false" />
			<line number="431"  hits="6"  branch="false" />
			<line number="442"  hits="174"  branch="false" />
			<line number="452"  hits="174"  branch="false" />
			<line number="462"  hits="174"  branch="false" />
			<line number="472"  hits="174"  branch="false" />
			<line number="482"  hits="174"  branch="false" />
			<line number="492"  hits="174"  branch="false" />
			<line number="504"  hits="174"  branch="false" />
			<line number="505"  hits="10"  branch="true"  condition-coverage="100% (2/2)" />
			<line number="506"  hits="1"  branch="false" />
			<line number="508"  hits="9"  branch="false" />
			<line number="511"  hits="9"  branch="true"  condition-coverage="100% (2/2)" />
			<line number="512"  hits="8"  branch="false" />
			<line number="514"  hits="1"  branch="false" />
			<line number="516"  hits="8"  branch="true"  condition-coverage="100% (2/2)" />
			<line number="517"  hits="1"  branch="false" />
			<line number="519"  hits="7"  branch="true"  condition-coverage="50% (1/2)" />
			<line number="520"  hits="0"  branch="false" />
			<line number="522"  hits="7"  branch="false" />
			<line number="523"  hits="9"  branch="false" />
			<line number="524"  hits="9"  branch="true"  condition-coverage="100% (2/2)" />
			<line number="525"  hits="3"  branch="false" />
			<line number="528"  hits="4"  branch="false" />
			<line number="539"  hits="174"  branch="false" />
			<line number="540"  hits="2"  branch="false" />
			<line number="549"  hits="174"  branch="false" />
			<line number="550"  hits="2"  branch="false" />
			<line number="560"  hits="174"  branch="false" />
			<line number="561"  hits="8"  branch="true"  condition-coverage="100% (2/2)" />
			<line number="562"  hits="1"  branch="false" />
			<line number="564"  hits="7"  branch="false" />
			<line number="567"  hits="7"  branch="false" />
			<line number="568"  hits="7"  branch="true"  condition-coverage="100% (2/2)" />
			<line number="569"  hits="1"  branch="false" />
			<line number="571"  hits="6"  branch="false" />
			<line number="572"  hits="8"  branch="false" />
			<line number="573"  hits="8"  branch="true"  condition-coverage="100% (2/2)" />
			<line number="574"  hits="2"  branch="false" />
			<line number="577"  hits="4"  branch="false" />
			<line number="586"  hits="174"  branch="false" />
			<line number="587"  hits="2"  branch="false" />
			<line number="596"  hits="174"  branch="false" />
			<line number="597"  hits="2"  branch="false" />
			<line number="608"  hits="174"  branch="false" />
			<line number="609"  hits="8"  branch="true"  condition-coverage="100% (2/2)" />
			<line number="610"  hits="1"  branch="false" />
			<line number="612"  hits="7"  branch="false" />
			<line number="615"  hits="7"  branch="false" />
			<line number="616"  hits="7"  branch="true"  condition-coverage="100% (2/2)" />
			<line number="617"  hits="1"  branch="false" />
			<line number="619"  hits="6"  branch="false" />
			<line number="620"  hits="7"  branch="false" />
			<line number="621"  hits="7"  branch="true"  condition-coverage="100% (2/2)" />
			<line number="622"  hits="3"  branch="false" />
			<line number="625"  hits="3"  branch="false" />
			<line number="635"  hits="174"  branch="false" />
			<line number="636"  hits="2"  branch="false" />
			<line number="645"  hits="174"  branch="false" />
			<line number="646"  hits="2"  branch="false" />
			<line number="656"  hits="174"  branch="false" />
			<line number="657"  hits="36"  branch="true"  condition-coverage="100% (2/2)" />
			<line number="658"  hits="28"  branch="false" />
			<line number="660"  hits="8"  branch="false" />
			<line number="663"  hits="8"  branch="false" />
			<line number="664"  hits="8"  branch="false" />
			<line number="665"  hits="8"  branch="false" />
			<line number="666"  hits="8"  branch="false" />
			<line number="667"  hits="8"  branch="false" />
			<line number="668"  hits="8"  branch="false" />
			<line number="669"  hits="8"  branch="false" />
			<line number="670"  hits="5"  branch="false" />
			<line number="672"  hits="8"  branch="false" />
			<line number="677"  hits="1"  branch="false" />
		</lines>
		</class>
		<class name="tag.js"  filename="./tag.js"  line-rate="0.9508"  branch-rate="0.9444" >
		<methods>
			<method name="Tag"  hits="1354"  signature="()V" >
				<lines><line number="10"  hits="1354" /></lines>
			</method>
			<method name="(anonymous_2)"  hits="0"  signature="()V" >
				<lines><line number="28"  hits="0" /></lines>
			</method>
			<method name="(anonymous_3)"  hits="0"  signature="()V" >
				<lines><line number="47"  hits="0" /></lines>
			</method>
			<method name="(anonymous_4)"  hits="6"  signature="()V" >
				<lines><line number="57"  hits="6" /></lines>
			</method>
			<method name="(anonymous_5)"  hits="3"  signature="()V" >
				<lines><line number="76"  hits="3" /></lines>
			</method>
			<method name="(anonymous_6)"  hits="0"  signature="()V" >
				<lines><line number="99"  hits="0" /></lines>
			</method>
			<method name="(anonymous_7)"  hits="17"  signature="()V" >
				<lines><line number="109"  hits="17" /></lines>
			</method>
			<method name="(anonymous_8)"  hits="26"  signature="()V" >
				<lines><line number="125"  hits="26" /></lines>
			</method>
			<method name="(anonymous_9)"  hits="24"  signature="()V" >
				<lines><line number="141"  hits="24" /></lines>
			</method>
			<method name="(anonymous_10)"  hits="209"  signature="()V" >
				<lines><line number="170"  hits="209" /></lines>
			</method>
			<method name="(anonymous_11)"  hits="119"  signature="()V" >
				<lines><line number="179"  hits="119" /></lines>
			</method>
			<method name="(anonymous_12)"  hits="1"  signature="()V" >
				<lines><line number="188"  hits="1" /></lines>
			</method>
			<method name="(anonymous_13)"  hits="1"  signature="()V" >
				<lines><line number="199"  hits="1" /></lines>
			</method>
			<method name="(anonymous_14)"  hits="225"  signature="()V" >
				<lines><line number="209"  hits="225" /></lines>
			</method>
			<method name="(anonymous_15)"  hits="249"  signature="()V" >
				<lines><line number="218"  hits="249" /></lines>
			</method>
			<method name="(anonymous_16)"  hits="4"  signature="()V" >
				<lines><line number="228"  hits="4" /></lines>
			</method>
			<method name="(anonymous_17)"  hits="15"  signature="()V" >
				<lines><line number="237"  hits="15" /></lines>
			</method>
		</methods>
		<lines>
			<line number="10"  hits="1"  branch="false" />
			<line number="12"  hits="1354"  branch="true"  condition-coverage="100% (2/2)" />
			<line number="13"  hits="1"  branch="false" />
			<line number="21"  hits="1353"  branch="false" />
			<line number="28"  hits="1353"  branch="false" />
			<line number="29"  hits="0"  branch="false" />
			<line number="39"  hits="1353"  branch="false" />
			<line number="47"  hits="1353"  branch="false" />
			<line number="48"  hits="0"  branch="false" />
			<line number="57"  hits="1353"  branch="false" />
			<line number="62"  hits="6"  branch="false" />
			<line number="63"  hits="6"  branch="false" />
			<line number="76"  hits="1353"  branch="false" />
			<line number="77"  hits="3"  branch="false" />
			<line number="78"  hits="3"  branch="true"  condition-coverage="100% (4/4)" />
			<line number="79"  hits="1"  branch="false" />
			<line number="81"  hits="2"  branch="false" />
			<line number="91"  hits="1353"  branch="false" />
			<line number="99"  hits="1353"  branch="false" />
			<line number="100"  hits="0"  branch="false" />
			<line number="109"  hits="1353"  branch="false" />
			<line number="110"  hits="17"  branch="true"  condition-coverage="100% (2/2)" />
			<line number="111"  hits="16"  branch="false" />
			<line number="125"  hits="1353"  branch="false" />
			<line number="126"  hits="26"  branch="true"  condition-coverage="100% (4/4)" />
			<line number="127"  hits="2"  branch="false" />
			<line number="129"  hits="24"  branch="false" />
			<line number="130"  hits="24"  branch="false" />
			<line number="131"  hits="24"  branch="false" />
			<line number="132"  hits="24"  branch="false" />
			<line number="141"  hits="1353"  branch="false" />
			<line number="142"  hits="24"  branch="false" />
			<line number="144"  hits="24"  branch="true"  condition-coverage="50% (1/2)" />
			<line number="145"  hits="24"  branch="false" />
			<line number="147"  hits="24"  branch="false" />
			<line number="148"  hits="24"  branch="true"  condition-coverage="100% (2/2)" />
			<line number="149"  hits="22"  branch="false" />
			<line number="152"  hits="24"  branch="false" />
			<line number="162"  hits="1353"  branch="false" />
			<line number="170"  hits="1353"  branch="false" />
			<line number="171"  hits="209"  branch="false" />
			<line number="179"  hits="1353"  branch="false" />
			<line number="180"  hits="119"  branch="false" />
			<line number="188"  hits="1353"  branch="false" />
			<line number="189"  hits="1"  branch="false" />
			<line number="199"  hits="1353"  branch="false" />
			<line number="200"  hits="1"  branch="false" />
			<line number="209"  hits="1353"  branch="false" />
			<line number="210"  hits="225"  branch="false" />
			<line number="218"  hits="1353"  branch="false" />
			<line number="219"  hits="249"  branch="false" />
			<line number="228"  hits="1353"  branch="false" />
			<line number="229"  hits="4"  branch="false" />
			<line number="237"  hits="1353"  branch="false" />
			<line number="238"  hits="15"  branch="false" />
			<line number="240"  hits="15"  branch="true"  condition-coverage="100% (2/2)" />
			<line number="241"  hits="12"  branch="false" />
			<line number="242"  hits="12"  branch="false" />
			<line number="243"  hits="12"  branch="false" />
			<line number="245"  hits="3"  branch="false" />
			<line number="247"  hits="15"  branch="false" />
		</lines>
		</class>
		<class name="unit.js"  filename="./unit.js"  line-rate="1"  branch-rate="1" >
		<methods>
			<method name="Unit"  hits="64"  signature="()V" >
				<lines><line number="13"  hits="64" /></lines>
			</method>
			<method name="(anonymous_2)"  hits="8"  signature="()V" >
				<lines><line number="53"  hits="8" /></lines>
			</method>
			<method name="(anonymous_3)"  hits="3"  signature="()V" >
				<lines><line number="69"  hits="3" /></lines>
			</method>
			<method name="(anonymous_4)"  hits="1"  signature="()V" >
				<lines><line number="86"  hits="1" /></lines>
			</method>
		</methods>
		<lines>
			<line number="13"  hits="1"  branch="false" />
			<line number="16"  hits="64"  branch="false" />
			<line number="17"  hits="64"  branch="true"  condition-coverage="100% (2/2)" />
			<line number="18"  hits="1"  branch="false" />
			<line number="20"  hits="63"  branch="true"  condition-coverage="100% (2/2)" />
			<line number="21"  hits="1"  branch="false" />
			<line number="23"  hits="62"  branch="true"  condition-coverage="100% (4/4)" />
			<line number="24"  hits="4"  branch="false" />
			<line number="26"  hits="58"  branch="true"  condition-coverage="100% (2/2)" />
			<line number="27"  hits="58"  branch="true"  condition-coverage="100% (3/3)" />
			<line number="29"  hits="22"  branch="false" />
			<line number="30"  hits="22"  branch="false" />
			<line number="31"  hits="22"  branch="false" />
			<line number="33"  hits="6"  branch="true"  condition-coverage="100% (2/2)" />
			<line number="34"  hits="6"  branch="true"  condition-coverage="100% (2/2)" />
			<line number="35"  hits="1"  branch="false" />
			<line number="37"  hits="5"  branch="false" />
			<line number="38"  hits="5"  branch="false" />
			<line number="39"  hits="5"  branch="true"  condition-coverage="100% (2/2)" />
			<line number="40"  hits="5"  branch="false" />
			<line number="42"  hits="30"  branch="false" />
			<line number="43"  hits="30"  branch="false" />
			<line number="53"  hits="57"  branch="false" />
			<line number="54"  hits="8"  branch="true"  condition-coverage="100% (2/2)" />
			<line number="55"  hits="1"  branch="false" />
			<line number="56"  hits="1"  branch="false" />
			<line number="58"  hits="1"  branch="false" />
			<line number="61"  hits="7"  branch="false" />
			<line number="69"  hits="57"  branch="false" />
			<line number="70"  hits="3"  branch="true"  condition-coverage="100% (2/2)" />
			<line number="71"  hits="1"  branch="false" />
			<line number="73"  hits="2"  branch="false" />
			<line number="74"  hits="2"  branch="false" />
			<line number="86"  hits="57"  branch="false" />
			<line number="87"  hits="1"  branch="false" />
			<line number="89"  hits="1"  branch="false" />
		</lines>
		</class>
	</classes>
	</package>
</packages>
</coverage>
