TN:
SF:./helpers.js
FN:18,(anonymous_1)
FN:30,(anonymous_2)
FN:44,(anonymous_3)
FN:61,(anonymous_4)
FN:81,(anonymous_5)
FN:86,(anonymous_6)
FN:90,(anonymous_7)
FN:116,(anonymous_8)
FN:135,(anonymous_9)
FN:136,(anonymous_10)
FN:149,(anonymous_11)
FN:162,(anonymous_12)
FN:175,(anonymous_13)
FN:187,(anonymous_14)
FN:215,(anonymous_15)
FN:247,(anonymous_16)
FN:283,(anonymous_17)
FN:306,(anonymous_18)
FN:322,(anonymous_19)
FN:338,(anonymous_20)
FN:354,(anonymous_21)
FNF:21
FNH:19
FNDA:0,(anonymous_1)
FNDA:31,(anonymous_2)
FNDA:6,(anonymous_3)
FNDA:20,(anonymous_4)
FNDA:6,(anonymous_5)
FNDA:9,(anonymous_6)
FNDA:4,(anonymous_7)
FNDA:3,(anonymous_8)
FNDA:3,(anonymous_9)
FNDA:12,(anonymous_10)
FNDA:0,(anonymous_11)
FNDA:6,(anonymous_12)
FNDA:2,(anonymous_13)
FNDA:16,(anonymous_14)
FNDA:16,(anonymous_15)
FNDA:6,(anonymous_16)
FNDA:288,(anonymous_17)
FNDA:48,(anonymous_18)
FNDA:35,(anonymous_19)
FNDA:207,(anonymous_20)
FNDA:24,(anonymous_21)
DA:10,1
DA:19,0
DA:31,31
DA:45,6
DA:47,6
DA:48,20
DA:49,20
DA:51,6
DA:62,20
DA:65,20
DA:66,58
DA:68,20
DA:82,6
DA:87,9
DA:89,6
DA:90,1
DA:91,4
DA:93,1
DA:95,6
DA:96,1
DA:98,5
DA:99,17
DA:102,6
DA:117,3
DA:121,3
DA:122,10
DA:124,3
DA:136,3
DA:137,12
DA:150,0
DA:163,6
DA:166,6
DA:176,2
DA:177,2
DA:189,16
DA:195,16
DA:196,1
DA:198,15
DA:199,15
DA:200,7
DA:202,15
DA:203,7
DA:205,15
DA:216,16
DA:218,16
DA:219,2
DA:221,14
DA:222,5
DA:224,9
DA:225,9
DA:226,233
DA:227,233
DA:228,225
DA:230,8
DA:233,9
DA:248,6
DA:252,6
DA:253,14
DA:255,6
DA:256,4
DA:257,4
DA:258,4
DA:259,4
DA:262,6
DA:263,2
DA:264,2
DA:265,2
DA:266,2
DA:267,2
DA:268,2
DA:269,2
DA:271,6
DA:272,6
DA:273,6
DA:284,288
DA:285,288
DA:286,2513
DA:287,497
DA:288,497
DA:289,209
DA:293,288
DA:307,48
DA:308,48
DA:309,48
DA:310,48
DA:311,48
DA:323,35
DA:324,29
DA:326,35
DA:339,207
DA:344,207
DA:346,207
DA:347,4
DA:349,207
DA:354,1
DA:355,24
LF:96
LH:94
BRDA:49,1,0,1
BRDA:49,1,1,19
BRDA:89,2,0,1
BRDA:89,2,1,5
BRDA:95,3,0,1
BRDA:95,3,1,5
BRDA:177,4,0,1
BRDA:177,4,1,1
BRDA:195,5,0,1
BRDA:195,5,1,15
BRDA:199,6,0,7
BRDA:199,6,1,8
BRDA:202,7,0,7
BRDA:202,7,1,8
BRDA:218,8,0,2
BRDA:218,8,1,14
BRDA:218,9,0,16
BRDA:218,9,1,15
BRDA:221,10,0,5
BRDA:221,10,1,9
BRDA:227,11,0,225
BRDA:227,11,1,8
BRDA:227,12,0,233
BRDA:227,12,1,233
BRDA:255,13,0,4
BRDA:255,13,1,2
BRDA:262,14,0,2
BRDA:262,14,1,4
BRDA:262,15,0,6
BRDA:262,15,1,2
BRDA:286,16,0,497
BRDA:286,16,1,2016
BRDA:288,17,0,209
BRDA:288,17,1,288
BRDA:308,18,0,48
BRDA:308,18,1,0
BRDA:308,19,0,48
BRDA:308,19,1,0
BRDA:309,20,0,48
BRDA:309,20,1,0
BRDA:311,21,0,38
BRDA:311,21,1,10
BRDA:323,22,0,29
BRDA:323,22,1,6
BRDA:344,23,0,207
BRDA:344,23,1,3
BRF:46
BRH:43
end_of_record
TN:
SF:./unit.js
FN:13,Unit
FN:53,(anonymous_2)
FN:69,(anonymous_3)
FN:86,(anonymous_4)
FNF:4
FNH:4
FNDA:64,Unit
FNDA:8,(anonymous_2)
FNDA:3,(anonymous_3)
FNDA:1,(anonymous_4)
DA:13,1
DA:16,64
DA:17,64
DA:18,1
DA:20,63
DA:21,1
DA:23,62
DA:24,4
DA:26,58
DA:27,58
DA:29,22
DA:30,22
DA:31,22
DA:33,6
DA:34,6
DA:35,1
DA:37,5
DA:38,5
DA:39,5
DA:40,5
DA:42,30
DA:43,30
DA:53,57
DA:54,8
DA:55,1
DA:56,1
DA:58,1
DA:61,7
DA:69,57
DA:70,3
DA:71,1
DA:73,2
DA:74,2
DA:86,57
DA:87,1
DA:89,1
LF:36
LH:36
BRDA:17,1,0,1
BRDA:17,1,1,63
BRDA:20,2,0,1
BRDA:20,2,1,62
BRDA:23,3,0,4
BRDA:23,3,1,58
BRDA:23,4,0,62
BRDA:23,4,1,44
BRDA:26,5,0,58
BRDA:26,5,1,43
BRDA:27,6,0,22
BRDA:27,6,1,6
BRDA:27,6,2,30
BRDA:33,7,0,1
BRDA:33,7,1,5
BRDA:34,8,0,1
BRDA:34,8,1,5
BRDA:39,9,0,5
BRDA:39,9,1,5
BRDA:54,10,0,1
BRDA:54,10,1,7
BRDA:70,11,0,1
BRDA:70,11,1,2
BRF:23
BRH:23
end_of_record
TN:
SF:./property.js
FN:14,Property
FN:63,(anonymous_2)
FN:82,(anonymous_3)
FN:104,(anonymous_4)
FNF:4
FNH:4
FNDA:5953,Property
FNDA:10,(anonymous_2)
FNDA:16,(anonymous_3)
FNDA:9,(anonymous_4)
DA:14,1
DA:16,5953
DA:17,1
DA:19,5952
DA:25,5952
DA:26,73
DA:27,73
DA:29,73
DA:30,228
DA:32,228
DA:33,218
DA:34,218
DA:36,218
DA:37,204
DA:38,204
DA:39,73
DA:42,218
DA:46,5952
DA:47,519
DA:48,183
DA:49,183
DA:50,183
DA:51,167
DA:63,5952
DA:64,10
DA:65,10
DA:66,10
DA:67,45
DA:68,9
DA:71,10
DA:82,5952
DA:83,16
DA:84,16
DA:85,87
DA:86,3
DA:89,13
DA:90,59
DA:91,1
DA:94,12
DA:104,5952
DA:105,9
DA:107,9
DA:108,83
DA:109,20
LF:44
LH:44
BRDA:16,1,0,1
BRDA:16,1,1,5952
BRDA:25,2,0,73
BRDA:25,2,1,5879
BRDA:32,3,0,218
BRDA:32,3,1,10
BRDA:36,4,0,204
BRDA:36,4,1,14
BRDA:38,5,0,73
BRDA:38,5,1,131
BRDA:46,6,0,519
BRDA:46,6,1,5433
BRDA:48,7,0,183
BRDA:48,7,1,0
BRDA:50,8,0,167
BRDA:50,8,1,16
BRDA:50,9,0,183
BRDA:50,9,1,26
BRDA:67,10,0,9
BRDA:67,10,1,36
BRDA:85,11,0,3
BRDA:85,11,1,84
BRDA:85,12,0,87
BRDA:85,12,1,87
BRDA:85,12,2,22
BRDA:85,12,3,20
BRDA:90,13,0,1
BRDA:90,13,1,58
BRDA:90,14,0,59
BRDA:90,14,1,59
BRDA:90,14,2,18
BRDA:90,14,3,17
BRDA:108,15,0,20
BRDA:108,15,1,63
BRDA:108,16,0,83
BRDA:108,16,1,83
BRF:36
BRH:35
end_of_record
TN:
SF:./attributes.js
FN:10,Attributes
FN:25,(anonymous_2)
FN:48,TableAttributes
FNF:3
FNH:2
FNDA:2735,Attributes
FNDA:0,(anonymous_2)
FNDA:174,TableAttributes
DA:10,1
DA:12,2735
DA:13,0
DA:15,2735
DA:25,2735
DA:26,0
DA:27,0
DA:28,0
DA:29,0
DA:30,0
DA:32,0
DA:33,0
DA:37,0
DA:40,1
DA:48,1
DA:50,174
DA:51,0
DA:53,174
DA:59,174
DA:65,174
DA:67,1
LF:21
LH:11
BRDA:12,1,0,0
BRDA:12,1,1,2735
BRDA:28,2,0,0
BRDA:28,2,1,0
BRDA:32,3,0,0
BRDA:32,3,1,0
BRDA:32,4,0,0
BRDA:32,4,1,0
BRDA:50,5,0,0
BRDA:50,5,1,174
BRF:10
BRH:2
end_of_record
TN:
SF:./style.js
FN:10,Style
FN:27,(anonymous_2)
FN:53,(anonymous_3)
FN:64,(anonymous_4)
FN:77,(anonymous_5)
FN:97,TableStyle
FN:174,LinkStyle
FN:226,TableRowStyle
FN:289,TableCellStyle
FN:364,ImageStyle
FN:421,ListStyle
FN:471,ListItemStyle
FNF:12
FNH:10
FNDA:3153,Style
FNDA:4,(anonymous_2)
FNDA:6,(anonymous_3)
FNDA:4,(anonymous_4)
FNDA:6,(anonymous_5)
FNDA:296,TableStyle
FNDA:0,LinkStyle
FNDA:719,TableRowStyle
FNDA:378,TableCellStyle
FNDA:0,ImageStyle
FNDA:14,ListStyle
FNDA:32,ListItemStyle
DA:10,1
DA:12,3153
DA:13,1
DA:15,3152
DA:27,3152
DA:28,4
DA:29,4
DA:30,4
DA:31,34
DA:33,34
DA:34,34
DA:36,2
DA:37,2
DA:39,2
DA:40,2
DA:44,4
DA:53,3152
DA:54,6
DA:64,3152
DA:65,4
DA:66,4
DA:67,4
DA:77,3152
DA:78,6
DA:79,6
DA:80,6
DA:81,6
DA:82,1
DA:84,6
DA:89,1
DA:97,1
DA:99,296
DA:100,0
DA:102,296
DA:114,296
DA:126,296
DA:132,296
DA:138,296
DA:144,296
DA:150,296
DA:164,296
DA:166,1
DA:174,1
DA:176,0
DA:177,0
DA:179,0
DA:185,0
DA:192,0
DA:198,0
DA:204,0
DA:210,0
DA:216,0
DA:218,1
DA:226,1
DA:228,719
DA:229,0
DA:231,719
DA:243,719
DA:255,719
DA:261,719
DA:267,719
DA:273,719
DA:279,719
DA:281,1
DA:289,1
DA:291,378
DA:292,0
DA:294,378
DA:306,378
DA:318,378
DA:324,378
DA:330,378
DA:336,378
DA:342,378
DA:348,378
DA:354,378
DA:356,1
DA:364,1
DA:366,0
DA:367,0
DA:369,0
DA:381,0
DA:393,0
DA:399,0
DA:405,0
DA:411,0
DA:413,1
DA:421,1
DA:423,14
DA:424,0
DA:426,14
DA:432,14
DA:439,14
DA:446,14
DA:453,14
DA:460,14
DA:463,1
DA:471,1
DA:473,32
DA:474,0
DA:476,32
DA:482,32
DA:489,32
DA:496,32
DA:502,32
DA:508,32
DA:510,1
LF:107
LH:85
BRDA:12,1,0,1
BRDA:12,1,1,3152
BRDA:29,2,0,4
BRDA:29,2,1,4
BRDA:31,3,0,34
BRDA:31,3,1,0
BRDA:34,4,0,2
BRDA:34,4,1,2
BRDA:79,5,0,6
BRDA:79,5,1,5
BRDA:80,6,0,6
BRDA:80,6,1,5
BRDA:81,7,0,1
BRDA:81,7,1,5
BRDA:99,8,0,0
BRDA:99,8,1,296
BRDA:176,9,0,0
BRDA:176,9,1,0
BRDA:228,10,0,0
BRDA:228,10,1,719
BRDA:291,11,0,0
BRDA:291,11,1,378
BRDA:366,12,0,0
BRDA:366,12,1,0
BRDA:423,13,0,0
BRDA:423,13,1,14
BRDA:473,14,0,0
BRDA:473,14,1,32
BRF:28
BRH:18
end_of_record
TN:
SF:./content.js
FN:11,Content
FN:28,(anonymous_2)
FN:38,(anonymous_3)
FN:47,(anonymous_4)
FN:56,(anonymous_5)
FN:67,(anonymous_6)
FN:81,(anonymous_7)
FN:101,(anonymous_8)
FN:113,(anonymous_9)
FN:127,(anonymous_10)
FNF:10
FNH:9
FNDA:1980,Content
FNDA:282,(anonymous_2)
FNDA:382,(anonymous_3)
FNDA:120,(anonymous_4)
FNDA:2,(anonymous_5)
FNDA:0,(anonymous_6)
FNDA:6,(anonymous_7)
FNDA:365,(anonymous_8)
FNDA:9,(anonymous_9)
FNDA:5,(anonymous_10)
DA:11,1
DA:13,1980
DA:14,0
DA:21,1980
DA:28,1980
DA:29,282
DA:38,1980
DA:39,382
DA:47,1980
DA:48,120
DA:56,1980
DA:57,2
DA:58,2
DA:67,1980
DA:68,0
DA:81,1980
DA:82,6
DA:84,6
DA:85,3
DA:87,3
DA:88,1
DA:90,2
DA:92,3
DA:101,1980
DA:102,365
DA:103,365
DA:113,1980
DA:114,9
DA:115,9
DA:116,3
DA:118,6
DA:119,6
DA:127,1980
DA:128,5
DA:131,5
DA:132,9
DA:133,9
DA:135,3
DA:136,3
DA:138,2
DA:139,2
DA:141,4
DA:142,4
DA:143,4
DA:146,5
LF:45
LH:43
BRDA:13,1,0,0
BRDA:13,1,1,1980
BRDA:14,2,0,0
BRDA:14,2,1,0
BRDA:21,3,0,7
BRDA:21,3,1,1973
BRDA:39,4,0,382
BRDA:39,4,1,8
BRDA:58,5,0,1
BRDA:58,5,1,1
BRDA:84,6,0,3
BRDA:84,6,1,3
BRDA:84,7,0,6
BRDA:84,7,1,5
BRDA:84,7,2,4
BRDA:87,8,0,1
BRDA:87,8,1,2
BRDA:115,9,0,3
BRDA:115,9,1,6
BRDA:133,10,0,3
BRDA:133,10,1,2
BRDA:133,10,2,4
BRDA:142,11,0,2
BRDA:142,11,1,2
BRF:24
BRH:21
end_of_record
TN:
SF:./tag.js
FN:10,Tag
FN:28,(anonymous_2)
FN:47,(anonymous_3)
FN:57,(anonymous_4)
FN:76,(anonymous_5)
FN:99,(anonymous_6)
FN:109,(anonymous_7)
FN:125,(anonymous_8)
FN:141,(anonymous_9)
FN:170,(anonymous_10)
FN:179,(anonymous_11)
FN:188,(anonymous_12)
FN:199,(anonymous_13)
FN:209,(anonymous_14)
FN:218,(anonymous_15)
FN:228,(anonymous_16)
FN:237,(anonymous_17)
FNF:17
FNH:14
FNDA:1354,Tag
FNDA:0,(anonymous_2)
FNDA:0,(anonymous_3)
FNDA:6,(anonymous_4)
FNDA:3,(anonymous_5)
FNDA:0,(anonymous_6)
FNDA:17,(anonymous_7)
FNDA:26,(anonymous_8)
FNDA:24,(anonymous_9)
FNDA:209,(anonymous_10)
FNDA:119,(anonymous_11)
FNDA:1,(anonymous_12)
FNDA:1,(anonymous_13)
FNDA:225,(anonymous_14)
FNDA:249,(anonymous_15)
FNDA:4,(anonymous_16)
FNDA:15,(anonymous_17)
DA:10,1
DA:12,1354
DA:13,1
DA:21,1353
DA:28,1353
DA:29,0
DA:39,1353
DA:47,1353
DA:48,0
DA:57,1353
DA:62,6
DA:63,6
DA:76,1353
DA:77,3
DA:78,3
DA:79,1
DA:81,2
DA:91,1353
DA:99,1353
DA:100,0
DA:109,1353
DA:110,17
DA:111,16
DA:125,1353
DA:126,26
DA:127,2
DA:129,24
DA:130,24
DA:131,24
DA:132,24
DA:141,1353
DA:142,24
DA:144,24
DA:145,24
DA:147,24
DA:148,24
DA:149,22
DA:152,24
DA:162,1353
DA:170,1353
DA:171,209
DA:179,1353
DA:180,119
DA:188,1353
DA:189,1
DA:199,1353
DA:200,1
DA:209,1353
DA:210,225
DA:218,1353
DA:219,249
DA:228,1353
DA:229,4
DA:237,1353
DA:238,15
DA:240,15
DA:241,12
DA:242,12
DA:243,12
DA:245,3
DA:247,15
LF:61
LH:58
BRDA:12,1,0,1
BRDA:12,1,1,1353
BRDA:78,2,0,1
BRDA:78,2,1,2
BRDA:78,3,0,3
BRDA:78,3,1,2
BRDA:110,4,0,16
BRDA:110,4,1,1
BRDA:126,5,0,2
BRDA:126,5,1,24
BRDA:126,6,0,26
BRDA:126,6,1,25
BRDA:144,7,0,24
BRDA:144,7,1,0
BRDA:148,8,0,22
BRDA:148,8,1,2
BRDA:240,9,0,12
BRDA:240,9,1,3
BRF:18
BRH:17
end_of_record
TN:
SF:./table.js
FN:11,Table
FN:25,(anonymous_2)
FN:58,(anonymous_3)
FN:68,(anonymous_4)
FN:81,(anonymous_5)
FN:96,(anonymous_6)
FN:108,(anonymous_7)
FN:134,(anonymous_8)
FN:163,(anonymous_9)
FN:174,(anonymous_10)
FN:190,(anonymous_11)
FN:202,(anonymous_12)
FN:216,(anonymous_13)
FN:242,(anonymous_14)
FN:283,(anonymous_15)
FN:305,(anonymous_16)
FN:327,(anonymous_17)
FN:331,(anonymous_18)
FN:343,(anonymous_19)
FN:348,(anonymous_20)
FN:358,(anonymous_21)
FN:378,(anonymous_22)
FN:400,(anonymous_23)
FN:504,(anonymous_24)
FN:539,(anonymous_25)
FN:549,(anonymous_26)
FN:560,(anonymous_27)
FN:586,(anonymous_28)
FN:596,(anonymous_29)
FN:608,(anonymous_30)
FN:635,(anonymous_31)
FN:645,(anonymous_32)
FN:656,(anonymous_33)
FNF:33
FNH:31
FNDA:175,Table
FNDA:1,(anonymous_2)
FNDA:117,(anonymous_3)
FNDA:50,(anonymous_4)
FNDA:3,(anonymous_5)
FNDA:2,(anonymous_6)
FNDA:5,(anonymous_7)
FNDA:9,(anonymous_8)
FNDA:0,(anonymous_9)
FNDA:1,(anonymous_10)
FNDA:0,(anonymous_11)
FNDA:1,(anonymous_12)
FNDA:11,(anonymous_13)
FNDA:8,(anonymous_14)
FNDA:5,(anonymous_15)
FNDA:2,(anonymous_16)
FNDA:43,(anonymous_17)
FNDA:55,(anonymous_18)
FNDA:26,(anonymous_19)
FNDA:131,(anonymous_20)
FNDA:7,(anonymous_21)
FNDA:6,(anonymous_22)
FNDA:6,(anonymous_23)
FNDA:10,(anonymous_24)
FNDA:2,(anonymous_25)
FNDA:2,(anonymous_26)
FNDA:8,(anonymous_27)
FNDA:2,(anonymous_28)
FNDA:2,(anonymous_29)
FNDA:8,(anonymous_30)
FNDA:2,(anonymous_31)
FNDA:2,(anonymous_32)
FNDA:36,(anonymous_33)
DA:11,1
DA:13,175
DA:14,1
DA:17,174
DA:25,174
DA:26,1
DA:35,174
DA:43,174
DA:51,174
DA:58,174
DA:59,117
DA:68,174
DA:69,50
DA:70,1
DA:72,49
DA:81,174
DA:82,3
DA:84,3
DA:85,4
DA:87,3
DA:96,174
DA:97,2
DA:108,174
DA:109,5
DA:112,5
DA:113,1
DA:115,4
DA:116,1
DA:118,3
DA:119,4
DA:134,174
DA:135,9
DA:136,9
DA:140,9
DA:141,3
DA:143,6
DA:144,4
DA:145,12
DA:148,2
DA:149,3
DA:152,6
DA:163,174
DA:164,0
DA:165,0
DA:174,174
DA:175,1
DA:177,1
DA:178,3
DA:190,174
DA:191,0
DA:192,0
DA:202,174
DA:203,1
DA:205,1
DA:206,3
DA:216,174
DA:217,11
DA:220,11
DA:221,2
DA:223,9
DA:225,9
DA:226,1
DA:229,8
DA:230,18
DA:231,4
DA:234,4
DA:242,174
DA:243,8
DA:248,8
DA:250,6
DA:251,6
DA:252,6
DA:253,14
DA:254,2
DA:255,2
DA:258,12
DA:259,47
DA:260,1
DA:261,1
DA:265,12
DA:266,1
DA:270,8
DA:283,174
DA:284,5
DA:285,5
DA:286,1
DA:288,5
DA:289,5
DA:290,5
DA:292,5
DA:293,5
DA:294,5
DA:295,5
DA:305,174
DA:306,2
DA:307,1
DA:309,2
DA:310,1
DA:312,2
DA:314,2
DA:315,0
DA:327,174
DA:328,43
DA:329,2
DA:331,41
DA:332,55
DA:343,174
DA:345,26
DA:348,26
DA:349,131
DA:358,174
DA:359,7
DA:363,7
DA:364,42
DA:365,42
DA:378,174
DA:379,6
DA:383,6
DA:384,2
DA:385,3
DA:388,4
DA:400,174
DA:401,6
DA:405,6
DA:407,2
DA:408,2
DA:409,2
DA:410,2
DA:411,2
DA:412,2
DA:414,2
DA:415,2
DA:416,2
DA:418,2
DA:419,2
DA:421,6
DA:422,6
DA:423,6
DA:424,6
DA:425,6
DA:426,16
DA:427,16
DA:428,16
DA:430,6
DA:431,6
DA:442,174
DA:452,174
DA:462,174
DA:472,174
DA:482,174
DA:492,174
DA:504,174
DA:505,10
DA:506,1
DA:508,9
DA:511,9
DA:512,8
DA:514,1
DA:516,8
DA:517,1
DA:519,7
DA:520,0
DA:522,7
DA:523,9
DA:524,9
DA:525,3
DA:528,4
DA:539,174
DA:540,2
DA:549,174
DA:550,2
DA:560,174
DA:561,8
DA:562,1
DA:564,7
DA:567,7
DA:568,7
DA:569,1
DA:571,6
DA:572,8
DA:573,8
DA:574,2
DA:577,4
DA:586,174
DA:587,2
DA:596,174
DA:597,2
DA:608,174
DA:609,8
DA:610,1
DA:612,7
DA:615,7
DA:616,7
DA:617,1
DA:619,6
DA:620,7
DA:621,7
DA:622,3
DA:625,3
DA:635,174
DA:636,2
DA:645,174
DA:646,2
DA:656,174
DA:657,36
DA:658,28
DA:660,8
DA:663,8
DA:664,8
DA:665,8
DA:666,8
DA:667,8
DA:668,8
DA:669,8
DA:670,5
DA:672,8
DA:677,1
LF:217
LH:211
BRDA:13,1,0,1
BRDA:13,1,1,174
BRDA:69,2,0,1
BRDA:69,2,1,49
BRDA:97,3,0,1
BRDA:97,3,1,1
BRDA:112,4,0,1
BRDA:112,4,1,4
BRDA:115,5,0,1
BRDA:115,5,1,3
BRDA:135,6,0,9
BRDA:135,6,1,1
BRDA:140,7,0,3
BRDA:140,7,1,6
BRDA:140,8,0,9
BRDA:140,8,1,9
BRDA:140,8,2,8
BRDA:143,9,0,4
BRDA:143,9,1,2
BRDA:220,10,0,2
BRDA:220,10,1,9
BRDA:225,11,0,1
BRDA:225,11,1,8
BRDA:230,12,0,4
BRDA:230,12,1,14
BRDA:248,13,0,6
BRDA:248,13,1,2
BRDA:253,14,0,2
BRDA:253,14,1,12
BRDA:259,15,0,1
BRDA:259,15,1,46
BRDA:265,16,0,1
BRDA:265,16,1,11
BRDA:285,17,0,1
BRDA:285,17,1,4
BRDA:288,18,0,5
BRDA:288,18,1,1
BRDA:289,19,0,5
BRDA:289,19,1,1
BRDA:290,20,0,5
BRDA:290,20,1,1
BRDA:306,21,0,1
BRDA:306,21,1,1
BRDA:309,22,0,1
BRDA:309,22,1,1
BRDA:314,23,0,0
BRDA:314,23,1,2
BRDA:328,24,0,2
BRDA:328,24,1,41
BRDA:349,25,0,131
BRDA:349,25,1,89
BRDA:364,26,0,42
BRDA:364,26,1,0
BRDA:383,27,0,2
BRDA:383,27,1,4
BRDA:383,28,0,6
BRDA:383,28,1,5
BRDA:383,28,2,4
BRDA:405,29,0,2
BRDA:405,29,1,4
BRDA:407,30,0,2
BRDA:407,30,1,0
BRDA:409,31,0,2
BRDA:409,31,1,0
BRDA:411,32,0,2
BRDA:411,32,1,0
BRDA:421,33,0,6
BRDA:421,33,1,0
BRDA:505,34,0,1
BRDA:505,34,1,9
BRDA:511,35,0,8
BRDA:511,35,1,1
BRDA:516,36,0,1
BRDA:516,36,1,7
BRDA:519,37,0,0
BRDA:519,37,1,7
BRDA:524,38,0,3
BRDA:524,38,1,6
BRDA:561,39,0,1
BRDA:561,39,1,7
BRDA:568,40,0,1
BRDA:568,40,1,6
BRDA:573,41,0,2
BRDA:573,41,1,6
BRDA:609,42,0,1
BRDA:609,42,1,7
BRDA:616,43,0,1
BRDA:616,43,1,6
BRDA:621,44,0,3
BRDA:621,44,1,4
BRDA:657,45,0,28
BRDA:657,45,1,8
BRF:92
BRH:85
end_of_record
TN:
SF:./cell.js
FN:11,Cell
FN:25,(anonymous_2)
FNF:2
FNH:2
FNDA:354,Cell
FNDA:1,(anonymous_2)
DA:11,1
DA:13,354
DA:14,1
DA:17,353
DA:25,353
DA:26,1
DA:35,353
DA:43,353
DA:51,353
DA:55,1
LF:10
LH:10
BRDA:13,1,0,1
BRDA:13,1,1,353
BRF:2
BRH:2
end_of_record
TN:
SF:./row.js
FN:11,Row
FN:25,(anonymous_2)
FN:50,(anonymous_3)
FN:65,(anonymous_4)
FN:75,(anonymous_5)
FN:94,(anonymous_6)
FN:108,(anonymous_7)
FN:121,(anonymous_8)
FN:135,(anonymous_9)
FN:152,(anonymous_10)
FN:179,(anonymous_11)
FN:192,(anonymous_12)
FN:208,(anonymous_13)
FN:235,(anonymous_14)
FN:246,(anonymous_15)
FN:258,(anonymous_16)
FN:270,(anonymous_17)
FN:283,(anonymous_18)
FN:294,(anonymous_19)
FNF:19
FNH:16
FNDA:720,Row
FNDA:0,(anonymous_2)
FNDA:6,(anonymous_3)
FNDA:73,(anonymous_4)
FNDA:3,(anonymous_5)
FNDA:2,(anonymous_6)
FNDA:146,(anonymous_7)
FNDA:52,(anonymous_8)
FNDA:1,(anonymous_9)
FNDA:4,(anonymous_10)
FNDA:0,(anonymous_11)
FNDA:1,(anonymous_12)
FNDA:0,(anonymous_13)
FNDA:3,(anonymous_14)
FNDA:1,(anonymous_15)
FNDA:6,(anonymous_16)
FNDA:6,(anonymous_17)
FNDA:1,(anonymous_18)
FNDA:1,(anonymous_19)
DA:11,1
DA:13,720
DA:14,1
DA:17,719
DA:25,719
DA:26,0
DA:35,719
DA:43,719
DA:50,719
DA:51,6
DA:54,6
DA:55,8
DA:57,6
DA:65,719
DA:66,73
DA:75,719
DA:76,3
DA:78,3
DA:79,1
DA:81,2
DA:82,2
DA:94,719
DA:95,2
DA:96,1
DA:98,1
DA:108,719
DA:109,146
DA:110,1
DA:112,145
DA:121,719
DA:122,52
DA:123,52
DA:124,27
DA:126,25
DA:135,719
DA:136,1
DA:152,719
DA:153,4
DA:154,4
DA:155,3
DA:156,2
DA:158,1
DA:159,1
DA:162,3
DA:163,3
DA:164,3
DA:165,3
DA:166,3
DA:168,3
DA:179,719
DA:180,0
DA:181,0
DA:192,719
DA:193,1
DA:208,719
DA:209,0
DA:218,0
DA:219,0
DA:220,0
DA:221,0
DA:224,0
DA:225,0
DA:235,719
DA:236,3
DA:246,719
DA:247,1
DA:258,719
DA:259,6
DA:270,719
DA:272,6
DA:283,719
DA:284,1
DA:294,719
DA:295,1
DA:300,1
LF:75
LH:65
BRDA:13,1,0,1
BRDA:13,1,1,719
BRDA:78,2,0,1
BRDA:78,2,1,2
BRDA:95,3,0,1
BRDA:95,3,1,1
BRDA:109,4,0,1
BRDA:109,4,1,145
BRDA:123,5,0,27
BRDA:123,5,1,25
BRDA:123,6,0,52
BRDA:123,6,1,31
BRDA:154,7,0,3
BRDA:154,7,1,1
BRDA:155,8,0,2
BRDA:155,8,1,1
BRDA:158,9,0,1
BRDA:158,9,1,0
BRDA:162,10,0,3
BRDA:162,10,1,0
BRDA:220,11,0,0
BRDA:220,11,1,0
BRDA:259,12,0,5
BRDA:259,12,1,1
BRDA:272,13,0,5
BRDA:272,13,1,1
BRF:26
BRH:22
end_of_record
TN:
SF:./listItem.js
FN:10,ListItem
FN:41,(anonymous_2)
FNF:2
FNH:2
FNDA:23,ListItem
FNDA:9,(anonymous_2)
DA:10,1
DA:12,23
DA:13,1
DA:17,22
DA:25,22
DA:33,22
DA:41,22
DA:42,9
DA:46,1
LF:9
LH:9
BRDA:12,1,0,1
BRDA:12,1,1,22
BRF:2
BRH:2
end_of_record
TN:
SF:./list.js
FN:12,List
FN:49,(anonymous_2)
FN:60,(anonymous_3)
FN:75,(anonymous_4)
FNF:4
FNH:4
FNDA:15,List
FNDA:2,(anonymous_2)
FNDA:2,(anonymous_3)
FNDA:2,(anonymous_4)
DA:12,1
DA:14,15
DA:15,1
DA:18,14
DA:26,14
DA:32,14
DA:42,14
DA:49,14
DA:50,2
DA:60,14
DA:61,2
DA:62,1
DA:64,1
DA:75,14
DA:76,2
DA:77,1
DA:79,1
DA:84,1
LF:18
LH:18
BRDA:14,1,0,1
BRDA:14,1,1,14
BRDA:42,2,0,0
BRDA:42,2,1,14
BRDA:61,3,0,1
BRDA:61,3,1,1
BRDA:76,4,0,1
BRDA:76,4,1,1
BRF:8
BRH:7
end_of_record
TN:
SF:./string.js
FN:13,(anonymous_1)
FN:53,(anonymous_2)
FN:99,(anonymous_3)
FN:151,(anonymous_4)
FN:201,(anonymous_5)
FN:211,(anonymous_6)
FN:220,(anonymous_7)
FN:275,(anonymous_8)
FN:327,(anonymous_9)
FNF:9
FNH:8
FNDA:161,(anonymous_1)
FNDA:64,(anonymous_2)
FNDA:29,(anonymous_3)
FNDA:1,(anonymous_4)
FNDA:0,(anonymous_5)
FNDA:1,(anonymous_6)
FNDA:10,(anonymous_7)
FNDA:26,(anonymous_8)
FNDA:171,(anonymous_9)
DA:13,1
DA:21,161
DA:27,161
DA:28,0
DA:32,161
DA:35,161
DA:38,161
DA:39,161
DA:42,161
DA:43,161
DA:44,22
DA:46,161
DA:48,161
DA:49,161
DA:50,161
DA:53,1
DA:61,64
DA:70,64
DA:71,0
DA:74,64
DA:77,64
DA:78,64
DA:81,64
DA:82,64
DA:83,16
DA:85,64
DA:87,64
DA:88,64
DA:89,64
DA:90,144
DA:91,144
DA:92,144
DA:93,144
DA:96,64
DA:99,1
DA:108,29
DA:113,29
DA:114,0
DA:116,29
DA:119,29
DA:122,29
DA:123,29
DA:125,29
DA:126,29
DA:127,17
DA:129,29
DA:132,29
DA:133,1
DA:135,28
DA:136,28
DA:138,28
DA:139,48
DA:140,48
DA:141,48
DA:142,48
DA:147,28
DA:148,28
DA:151,1
DA:163,1
DA:170,1
DA:171,1
DA:172,1
DA:173,1
DA:174,1
DA:176,1
DA:177,1
DA:178,1
DA:179,1
DA:180,1
DA:182,1
DA:184,1
DA:185,1
DA:186,1
DA:187,5
DA:189,5
DA:190,2
DA:191,2
DA:192,2
DA:193,2
DA:194,2
DA:198,1
DA:201,1
DA:208,0
DA:211,1
DA:217,1
DA:220,1
DA:228,10
DA:233,10
DA:234,3
DA:238,7
DA:241,7
DA:244,7
DA:245,7
DA:248,7
DA:249,7
DA:250,3
DA:252,7
DA:253,7
DA:254,7
DA:255,7
DA:256,7
DA:257,7
DA:259,6
DA:260,6
DA:262,1
DA:263,1
DA:264,1
DA:265,1
DA:266,1
DA:268,0
DA:270,7
DA:272,7
DA:275,1
DA:284,26
DA:291,26
DA:292,26
DA:293,26
DA:294,26
DA:295,26
DA:296,26
DA:297,26
DA:299,26
DA:300,26
DA:301,26
DA:302,26
DA:303,8
DA:305,26
DA:307,26
DA:308,26
DA:309,26
DA:310,27
DA:311,27
DA:312,25
DA:314,27
DA:315,2
DA:316,2
DA:317,2
DA:318,2
DA:320,27
DA:324,26
DA:327,1
DA:334,171
DA:341,171
DA:342,171
DA:343,171
DA:344,171
DA:345,111
DA:346,135
DA:347,135
DA:349,112
DA:350,112
DA:352,23
DA:353,23
DA:354,23
DA:358,23
DA:359,7
DA:361,16
DA:363,23
DA:365,0
DA:367,135
DA:368,126
DA:373,171
LF:162
LH:156
BRDA:27,1,0,0
BRDA:27,1,1,161
BRDA:43,2,0,22
BRDA:43,2,1,139
BRDA:70,3,0,0
BRDA:70,3,1,64
BRDA:82,4,0,16
BRDA:82,4,1,48
BRDA:91,5,0,144
BRDA:91,5,1,0
BRDA:113,6,0,0
BRDA:113,6,1,29
BRDA:126,7,0,17
BRDA:126,7,1,12
BRDA:132,8,0,1
BRDA:132,8,1,28
BRDA:140,9,0,48
BRDA:140,9,1,0
BRDA:172,10,0,1
BRDA:172,10,1,0
BRDA:174,11,0,1
BRDA:174,11,1,0
BRDA:179,12,0,1
BRDA:179,12,1,0
BRDA:189,13,0,2
BRDA:189,13,1,3
BRDA:189,14,0,5
BRDA:189,14,1,2
BRDA:193,15,0,2
BRDA:193,15,1,0
BRDA:233,16,0,3
BRDA:233,16,1,7
BRDA:249,17,0,3
BRDA:249,17,1,4
BRDA:257,18,0,6
BRDA:257,18,1,1
BRDA:257,18,2,0
BRDA:265,19,0,0
BRDA:265,19,1,1
BRDA:293,20,0,26
BRDA:293,20,1,0
BRDA:295,21,0,26
BRDA:295,21,1,0
BRDA:302,22,0,8
BRDA:302,22,1,18
BRDA:311,23,0,25
BRDA:311,23,1,2
BRDA:314,24,0,2
BRDA:314,24,1,25
BRDA:318,25,0,1
BRDA:318,25,1,1
BRDA:344,26,0,111
BRDA:344,26,1,60
BRDA:347,27,0,112
BRDA:347,27,1,23
BRDA:347,27,2,0
BRDA:358,28,0,7
BRDA:358,28,1,16
BRDA:367,29,0,126
BRDA:367,29,1,9
BRF:60
BRH:46
end_of_record
TN:
SF:./CKHelper.js
FN:20,(anonymous_1)
FN:39,(anonymous_2)
FN:40,(anonymous_3)
FN:45,(anonymous_4)
FN:65,(anonymous_5)
FN:109,(anonymous_6)
FN:119,(anonymous_7)
FN:124,(anonymous_8)
FNF:8
FNH:0
FNDA:0,(anonymous_1)
FNDA:0,(anonymous_2)
FNDA:0,(anonymous_3)
FNDA:0,(anonymous_4)
FNDA:0,(anonymous_5)
FNDA:0,(anonymous_6)
FNDA:0,(anonymous_7)
FNDA:0,(anonymous_8)
DA:12,1
DA:21,0
DA:22,0
DA:24,0
DA:25,0
DA:26,0
DA:28,0
DA:30,0
DA:40,0
DA:41,0
DA:44,0
DA:45,0
DA:46,0
DA:48,0
DA:50,0
DA:51,0
DA:52,0
DA:66,0
DA:72,0
DA:73,0
DA:75,0
DA:76,0
DA:79,0
DA:80,0
DA:81,0
DA:82,0
DA:84,0
DA:85,0
DA:87,0
DA:90,0
DA:91,0
DA:92,0
DA:93,0
DA:94,0
DA:95,0
DA:96,0
DA:110,0
DA:111,0
DA:113,0
DA:119,0
DA:120,0
DA:121,0
DA:124,0
DA:125,0
DA:126,0
DA:129,0
DA:131,0
DA:132,0
DA:133,0
DA:134,0
DA:135,0
DA:137,0
DA:139,0
DA:140,0
DA:141,0
DA:144,0
DA:145,0
DA:146,0
DA:147,0
DA:150,0
DA:151,0
DA:152,0
DA:153,0
DA:158,0
DA:159,0
DA:162,0
DA:163,0
DA:165,0
DA:166,0
DA:168,0
LF:70
LH:1
BRDA:21,1,0,0
BRDA:21,1,1,0
BRDA:24,2,0,0
BRDA:24,2,1,0
BRDA:25,3,0,0
BRDA:25,3,1,0
BRDA:41,4,0,0
BRDA:41,4,1,0
BRDA:44,5,0,0
BRDA:44,5,1,0
BRDA:51,6,0,0
BRDA:51,6,1,0
BRDA:72,7,0,0
BRDA:72,7,1,0
BRDA:75,8,0,0
BRDA:75,8,1,0
BRDA:75,9,0,0
BRDA:75,9,1,0
BRDA:84,10,0,0
BRDA:84,10,1,0
BRDA:110,11,0,0
BRDA:110,11,1,0
BRDA:110,12,0,0
BRDA:110,12,1,0
BRDA:121,13,0,0
BRDA:121,13,1,0
BRDA:126,14,0,0
BRDA:126,14,1,0
BRDA:144,15,0,0
BRDA:144,15,1,0
BRDA:150,16,0,0
BRDA:150,16,1,0
BRF:32
BRH:0
end_of_record
