{"C:\\Users\\Andrea\\Documents\\projects\\editor\\jasmine\\spec\\TableSpec.js":{"path":"C:\\Users\\Andrea\\Documents\\projects\\editor\\jasmine\\spec\\TableSpec.js","s":{"1":1,"2":0,"3":0,"4":0,"5":0,"6":0,"7":0,"8":0,"9":0,"10":0,"11":0,"12":0,"13":0,"14":0,"15":0,"16":0,"17":0,"18":0,"19":0,"20":0,"21":0,"22":0,"23":0,"24":0,"25":0,"26":0,"27":0,"28":0,"29":0,"30":0,"31":0,"32":0,"33":0,"34":0,"35":0,"36":0,"37":0,"38":0,"39":0,"40":0,"41":0,"42":0,"43":0,"44":0,"45":0,"46":0,"47":0,"48":0,"49":0,"50":0,"51":0,"52":0,"53":0,"54":0,"55":0,"56":0,"57":0,"58":0,"59":0,"60":0,"61":0,"62":0,"63":0,"64":0,"65":0,"66":0,"67":0,"68":0,"69":0,"70":0,"71":0,"72":0,"73":0,"74":0,"75":0,"76":0,"77":0,"78":0,"79":0,"80":0,"81":0,"82":0,"83":0,"84":0,"85":0,"86":0,"87":0,"88":0,"89":0,"90":0,"91":0,"92":0,"93":0,"94":0,"95":0,"96":0,"97":0,"98":0,"99":0,"100":0,"101":0,"102":0,"103":0,"104":0,"105":0,"106":0,"107":0,"108":0,"109":0,"110":0,"111":0,"112":0,"113":0,"114":0,"115":0,"116":0,"117":0,"118":0,"119":0,"120":0,"121":0,"122":0,"123":0,"124":0,"125":0,"126":0,"127":0,"128":0,"129":0,"130":0,"131":0,"132":0,"133":0,"134":0,"135":0,"136":0,"137":0,"138":0,"139":0,"140":0,"141":0,"142":0,"143":0,"144":0,"145":0,"146":0,"147":0,"148":0,"149":0,"150":0,"151":0,"152":0,"153":0,"154":0,"155":0,"156":0,"157":0,"158":0,"159":0,"160":0,"161":0,"162":0,"163":0,"164":0,"165":0,"166":0,"167":0,"168":0,"169":0,"170":0,"171":0,"172":0,"173":0,"174":0,"175":0,"176":0,"177":0,"178":0,"179":0,"180":0,"181":0,"182":0,"183":0,"184":0,"185":0,"186":0,"187":0,"188":0,"189":0,"190":0,"191":0,"192":0,"193":0,"194":0,"195":0,"196":0,"197":0,"198":0,"199":0,"200":0,"201":0,"202":0,"203":0,"204":0,"205":0,"206":0,"207":0,"208":0,"209":0,"210":0,"211":0,"212":0,"213":0,"214":0,"215":0,"216":0,"217":0,"218":0,"219":0,"220":0,"221":0,"222":0,"223":0,"224":0,"225":0,"226":0,"227":0,"228":0,"229":0,"230":0,"231":0,"232":0,"233":0,"234":0,"235":0,"236":0,"237":0,"238":0,"239":0,"240":0,"241":0,"242":0,"243":0,"244":0,"245":0,"246":0,"247":0,"248":0,"249":0,"250":0,"251":0,"252":0,"253":0,"254":0,"255":0,"256":0,"257":0,"258":0,"259":0,"260":0,"261":0,"262":0,"263":0,"264":0,"265":0,"266":0,"267":0,"268":0,"269":0,"270":0,"271":0,"272":0,"273":0,"274":0,"275":0,"276":0,"277":0,"278":0,"279":0,"280":0,"281":0,"282":0,"283":0,"284":0,"285":0,"286":0,"287":0,"288":0,"289":0,"290":0,"291":0,"292":0,"293":0,"294":0,"295":0,"296":0,"297":0,"298":0,"299":0,"300":0,"301":0,"302":0,"303":0,"304":0,"305":0,"306":0,"307":0,"308":0,"309":0,"310":0,"311":0,"312":0,"313":0,"314":0,"315":0,"316":0,"317":0,"318":0,"319":0,"320":0,"321":0,"322":0,"323":0,"324":0,"325":0,"326":0,"327":0,"328":0,"329":0,"330":0,"331":0,"332":0,"333":0,"334":0,"335":0,"336":0,"337":0,"338":0,"339":0,"340":0,"341":0,"342":0,"343":0,"344":0,"345":0,"346":0,"347":0,"348":0,"349":0,"350":0,"351":0,"352":0,"353":0,"354":0,"355":0,"356":0,"357":0,"358":0,"359":0,"360":0,"361":0,"362":0,"363":0,"364":0,"365":0,"366":0,"367":0,"368":0,"369":0,"370":0,"371":0,"372":0,"373":0,"374":0,"375":0,"376":0,"377":0,"378":0,"379":0,"380":0,"381":0,"382":0,"383":0,"384":0,"385":0,"386":0,"387":0,"388":0,"389":0,"390":0,"391":0,"392":0,"393":0,"394":0,"395":0,"396":0,"397":0,"398":0,"399":0,"400":0,"401":0,"402":0,"403":0,"404":0,"405":0,"406":0,"407":0,"408":0,"409":0,"410":0,"411":0,"412":0,"413":0,"414":0,"415":0,"416":0,"417":0,"418":0,"419":0,"420":0,"421":0,"422":0,"423":0,"424":0,"425":0,"426":0,"427":0,"428":0,"429":0,"430":0,"431":0,"432":0,"433":0,"434":0,"435":0,"436":0,"437":0,"438":0,"439":0,"440":0,"441":0,"442":0,"443":0,"444":0,"445":0,"446":0,"447":0,"448":0,"449":0,"450":0,"451":0,"452":0,"453":0,"454":0,"455":0,"456":0,"457":0,"458":0,"459":0,"460":0,"461":0,"462":0,"463":0,"464":0,"465":0,"466":0,"467":0,"468":0,"469":0,"470":0,"471":0,"472":0,"473":0,"474":0,"475":0,"476":0,"477":0,"478":0,"479":0,"480":0,"481":0,"482":0,"483":0,"484":0,"485":0,"486":0,"487":0,"488":0,"489":0,"490":0,"491":0,"492":0,"493":0,"494":0,"495":0,"496":0,"497":0,"498":0,"499":0,"500":0,"501":0,"502":0,"503":0,"504":0,"505":0,"506":0,"507":0,"508":0,"509":0,"510":0,"511":0,"512":0,"513":0,"514":0,"515":0,"516":0,"517":0,"518":0,"519":0,"520":0,"521":0,"522":0,"523":0,"524":0,"525":0,"526":0,"527":0,"528":0,"529":0,"530":0,"531":0,"532":0,"533":0,"534":0,"535":0,"536":0,"537":0,"538":0,"539":0,"540":0,"541":0,"542":0,"543":0,"544":0,"545":0,"546":0,"547":0,"548":0,"549":0,"550":0,"551":0,"552":0,"553":0,"554":0,"555":0,"556":0,"557":0,"558":0,"559":0,"560":0,"561":0,"562":0,"563":0,"564":0,"565":0,"566":0,"567":0,"568":0,"569":0,"570":0,"571":0,"572":0,"573":0,"574":0,"575":0,"576":0,"577":0,"578":0,"579":0,"580":0,"581":0,"582":0,"583":0,"584":0,"585":0,"586":0,"587":0,"588":0,"589":0,"590":0,"591":0,"592":0,"593":0,"594":0,"595":0,"596":0,"597":0,"598":0,"599":0,"600":0,"601":0,"602":0,"603":0,"604":0,"605":0,"606":0,"607":0,"608":0,"609":0,"610":0,"611":0,"612":0,"613":0,"614":0,"615":0,"616":0,"617":0,"618":0,"619":0,"620":0},"b":{"1":[0,0]},"f":{"1":0,"2":0,"3":0,"4":0,"5":0,"6":0,"7":0,"8":0,"9":0,"10":0,"11":0,"12":0,"13":0,"14":0,"15":0,"16":0,"17":0,"18":0,"19":0,"20":0,"21":0,"22":0,"23":0,"24":0,"25":0,"26":0,"27":0,"28":0,"29":0,"30":0,"31":0,"32":0,"33":0,"34":0,"35":0,"36":0,"37":0,"38":0,"39":0,"40":0,"41":0,"42":0,"43":0,"44":0,"45":0,"46":0,"47":0,"48":0,"49":0,"50":0,"51":0,"52":0,"53":0,"54":0,"55":0,"56":0,"57":0,"58":0,"59":0,"60":0,"61":0,"62":0,"63":0,"64":0,"65":0,"66":0,"67":0,"68":0,"69":0,"70":0,"71":0,"72":0,"73":0,"74":0,"75":0,"76":0,"77":0,"78":0,"79":0,"80":0,"81":0,"82":0,"83":0,"84":0,"85":0,"86":0,"87":0,"88":0,"89":0,"90":0,"91":0,"92":0,"93":0,"94":0,"95":0,"96":0,"97":0,"98":0,"99":0,"100":0,"101":0,"102":0,"103":0,"104":0,"105":0,"106":0,"107":0,"108":0,"109":0,"110":0,"111":0,"112":0,"113":0,"114":0,"115":0,"116":0,"117":0,"118":0,"119":0,"120":0,"121":0,"122":0,"123":0,"124":0,"125":0,"126":0,"127":0,"128":0,"129":0,"130":0,"131":0,"132":0,"133":0,"134":0,"135":0,"136":0,"137":0,"138":0,"139":0,"140":0,"141":0,"142":0,"143":0,"144":0,"145":0,"146":0,"147":0,"148":0,"149":0,"150":0,"151":0,"152":0,"153":0,"154":0,"155":0,"156":0,"157":0,"158":0,"159":0,"160":0,"161":0,"162":0,"163":0,"164":0,"165":0,"166":0,"167":0,"168":0,"169":0,"170":0,"171":0,"172":0,"173":0,"174":0,"175":0,"176":0,"177":0,"178":0},"fnMap":{"1":{"name":"(anonymous_1)","line":5,"loc":{"start":{"line":5,"column":41},"end":{"line":5,"column":51}}},"2":{"name":"(anonymous_2)","line":8,"loc":{"start":{"line":8,"column":15},"end":{"line":8,"column":25}}},"3":{"name":"(anonymous_3)","line":23,"loc":{"start":{"line":23,"column":41},"end":{"line":23,"column":51}}},"4":{"name":"(anonymous_4)","line":27,"loc":{"start":{"line":27,"column":40},"end":{"line":27,"column":50}}},"5":{"name":"(anonymous_5)","line":32,"loc":{"start":{"line":32,"column":61},"end":{"line":32,"column":72}}},"6":{"name":"(anonymous_6)","line":38,"loc":{"start":{"line":38,"column":61},"end":{"line":38,"column":72}}},"7":{"name":"(anonymous_7)","line":44,"loc":{"start":{"line":44,"column":57},"end":{"line":44,"column":68}}},"8":{"name":"(anonymous_8)","line":52,"loc":{"start":{"line":52,"column":38},"end":{"line":52,"column":48}}},"9":{"name":"(anonymous_9)","line":60,"loc":{"start":{"line":60,"column":69},"end":{"line":60,"column":79}}},"10":{"name":"(anonymous_10)","line":63,"loc":{"start":{"line":63,"column":15},"end":{"line":63,"column":25}}},"11":{"name":"(anonymous_11)","line":68,"loc":{"start":{"line":68,"column":15},"end":{"line":68,"column":25}}},"12":{"name":"(anonymous_12)","line":73,"loc":{"start":{"line":73,"column":15},"end":{"line":73,"column":25}}},"13":{"name":"(anonymous_13)","line":78,"loc":{"start":{"line":78,"column":34},"end":{"line":78,"column":44}}},"14":{"name":"(anonymous_14)","line":79,"loc":{"start":{"line":79,"column":49},"end":{"line":79,"column":59}}},"15":{"name":"(anonymous_15)","line":82,"loc":{"start":{"line":82,"column":49},"end":{"line":82,"column":59}}},"16":{"name":"(anonymous_16)","line":85,"loc":{"start":{"line":85,"column":49},"end":{"line":85,"column":59}}},"17":{"name":"(anonymous_17)","line":103,"loc":{"start":{"line":103,"column":38},"end":{"line":103,"column":48}}},"18":{"name":"(anonymous_18)","line":104,"loc":{"start":{"line":104,"column":49},"end":{"line":104,"column":59}}},"19":{"name":"(anonymous_19)","line":105,"loc":{"start":{"line":105,"column":49},"end":{"line":105,"column":59}}},"20":{"name":"(anonymous_20)","line":106,"loc":{"start":{"line":106,"column":49},"end":{"line":106,"column":59}}},"21":{"name":"(anonymous_21)","line":114,"loc":{"start":{"line":114,"column":86},"end":{"line":114,"column":96}}},"22":{"name":"(anonymous_22)","line":115,"loc":{"start":{"line":115,"column":49},"end":{"line":115,"column":59}}},"23":{"name":"(anonymous_23)","line":121,"loc":{"start":{"line":121,"column":82},"end":{"line":121,"column":92}}},"24":{"name":"(anonymous_24)","line":122,"loc":{"start":{"line":122,"column":49},"end":{"line":122,"column":59}}},"25":{"name":"(anonymous_25)","line":126,"loc":{"start":{"line":126,"column":46},"end":{"line":126,"column":56}}},"26":{"name":"(anonymous_26)","line":137,"loc":{"start":{"line":137,"column":64},"end":{"line":137,"column":74}}},"27":{"name":"(anonymous_27)","line":138,"loc":{"start":{"line":138,"column":46},"end":{"line":138,"column":56}}},"28":{"name":"(anonymous_28)","line":144,"loc":{"start":{"line":144,"column":46},"end":{"line":144,"column":56}}},"29":{"name":"(anonymous_29)","line":150,"loc":{"start":{"line":150,"column":46},"end":{"line":150,"column":56}}},"30":{"name":"(anonymous_30)","line":156,"loc":{"start":{"line":156,"column":64},"end":{"line":156,"column":74}}},"31":{"name":"(anonymous_31)","line":157,"loc":{"start":{"line":157,"column":44},"end":{"line":157,"column":54}}},"32":{"name":"(anonymous_32)","line":158,"loc":{"start":{"line":158,"column":44},"end":{"line":158,"column":54}}},"33":{"name":"(anonymous_33)","line":159,"loc":{"start":{"line":159,"column":44},"end":{"line":159,"column":54}}},"34":{"name":"(anonymous_34)","line":169,"loc":{"start":{"line":169,"column":55},"end":{"line":169,"column":65}}},"35":{"name":"(anonymous_35)","line":170,"loc":{"start":{"line":170,"column":43},"end":{"line":170,"column":53}}},"36":{"name":"(anonymous_36)","line":171,"loc":{"start":{"line":171,"column":15},"end":{"line":171,"column":25}}},"37":{"name":"(anonymous_37)","line":176,"loc":{"start":{"line":176,"column":56},"end":{"line":176,"column":66}}},"38":{"name":"(anonymous_38)","line":177,"loc":{"start":{"line":177,"column":43},"end":{"line":177,"column":53}}},"39":{"name":"(anonymous_39)","line":178,"loc":{"start":{"line":178,"column":15},"end":{"line":178,"column":25}}},"40":{"name":"(anonymous_40)","line":183,"loc":{"start":{"line":183,"column":82},"end":{"line":183,"column":92}}},"41":{"name":"(anonymous_41)","line":184,"loc":{"start":{"line":184,"column":43},"end":{"line":184,"column":53}}},"42":{"name":"(anonymous_42)","line":185,"loc":{"start":{"line":185,"column":15},"end":{"line":185,"column":25}}},"43":{"name":"(anonymous_43)","line":190,"loc":{"start":{"line":190,"column":87},"end":{"line":190,"column":97}}},"44":{"name":"(anonymous_44)","line":191,"loc":{"start":{"line":191,"column":43},"end":{"line":191,"column":53}}},"45":{"name":"(anonymous_45)","line":192,"loc":{"start":{"line":192,"column":15},"end":{"line":192,"column":25}}},"46":{"name":"(anonymous_46)","line":197,"loc":{"start":{"line":197,"column":40},"end":{"line":197,"column":50}}},"47":{"name":"(anonymous_47)","line":199,"loc":{"start":{"line":199,"column":48},"end":{"line":199,"column":58}}},"48":{"name":"(anonymous_48)","line":200,"loc":{"start":{"line":200,"column":48},"end":{"line":200,"column":58}}},"49":{"name":"(anonymous_49)","line":201,"loc":{"start":{"line":201,"column":48},"end":{"line":201,"column":58}}},"50":{"name":"(anonymous_50)","line":202,"loc":{"start":{"line":202,"column":43},"end":{"line":202,"column":53}}},"51":{"name":"(anonymous_51)","line":210,"loc":{"start":{"line":210,"column":68},"end":{"line":210,"column":78}}},"52":{"name":"(anonymous_52)","line":212,"loc":{"start":{"line":212,"column":48},"end":{"line":212,"column":58}}},"53":{"name":"(anonymous_53)","line":213,"loc":{"start":{"line":213,"column":48},"end":{"line":213,"column":58}}},"54":{"name":"(anonymous_54)","line":214,"loc":{"start":{"line":214,"column":48},"end":{"line":214,"column":58}}},"55":{"name":"(anonymous_55)","line":215,"loc":{"start":{"line":215,"column":43},"end":{"line":215,"column":53}}},"56":{"name":"(anonymous_56)","line":223,"loc":{"start":{"line":223,"column":82},"end":{"line":223,"column":92}}},"57":{"name":"(anonymous_57)","line":225,"loc":{"start":{"line":225,"column":48},"end":{"line":225,"column":58}}},"58":{"name":"(anonymous_58)","line":226,"loc":{"start":{"line":226,"column":48},"end":{"line":226,"column":58}}},"59":{"name":"(anonymous_59)","line":227,"loc":{"start":{"line":227,"column":48},"end":{"line":227,"column":58}}},"60":{"name":"(anonymous_60)","line":228,"loc":{"start":{"line":228,"column":43},"end":{"line":228,"column":53}}},"61":{"name":"(anonymous_61)","line":236,"loc":{"start":{"line":236,"column":81},"end":{"line":236,"column":91}}},"62":{"name":"(anonymous_62)","line":238,"loc":{"start":{"line":238,"column":46},"end":{"line":238,"column":56}}},"63":{"name":"(anonymous_63)","line":239,"loc":{"start":{"line":239,"column":46},"end":{"line":239,"column":56}}},"64":{"name":"(anonymous_64)","line":240,"loc":{"start":{"line":240,"column":46},"end":{"line":240,"column":56}}},"65":{"name":"(anonymous_65)","line":241,"loc":{"start":{"line":241,"column":43},"end":{"line":241,"column":53}}},"66":{"name":"(anonymous_66)","line":250,"loc":{"start":{"line":250,"column":64},"end":{"line":250,"column":74}}},"67":{"name":"(anonymous_67)","line":251,"loc":{"start":{"line":251,"column":48},"end":{"line":251,"column":58}}},"68":{"name":"(anonymous_68)","line":252,"loc":{"start":{"line":252,"column":48},"end":{"line":252,"column":58}}},"69":{"name":"(anonymous_69)","line":253,"loc":{"start":{"line":253,"column":48},"end":{"line":253,"column":58}}},"70":{"name":"(anonymous_70)","line":254,"loc":{"start":{"line":254,"column":43},"end":{"line":254,"column":53}}},"71":{"name":"(anonymous_71)","line":263,"loc":{"start":{"line":263,"column":50},"end":{"line":263,"column":60}}},"72":{"name":"(anonymous_72)","line":264,"loc":{"start":{"line":264,"column":62},"end":{"line":264,"column":72}}},"73":{"name":"(anonymous_73)","line":265,"loc":{"start":{"line":265,"column":47},"end":{"line":265,"column":57}}},"74":{"name":"(anonymous_74)","line":268,"loc":{"start":{"line":268,"column":19},"end":{"line":268,"column":29}}},"75":{"name":"(anonymous_75)","line":273,"loc":{"start":{"line":273,"column":58},"end":{"line":273,"column":68}}},"76":{"name":"(anonymous_76)","line":274,"loc":{"start":{"line":274,"column":47},"end":{"line":274,"column":57}}},"77":{"name":"(anonymous_77)","line":277,"loc":{"start":{"line":277,"column":19},"end":{"line":277,"column":29}}},"78":{"name":"(anonymous_78)","line":282,"loc":{"start":{"line":282,"column":57},"end":{"line":282,"column":67}}},"79":{"name":"(anonymous_79)","line":283,"loc":{"start":{"line":283,"column":47},"end":{"line":283,"column":57}}},"80":{"name":"(anonymous_80)","line":286,"loc":{"start":{"line":286,"column":19},"end":{"line":286,"column":29}}},"81":{"name":"(anonymous_81)","line":291,"loc":{"start":{"line":291,"column":80},"end":{"line":291,"column":90}}},"82":{"name":"(anonymous_82)","line":292,"loc":{"start":{"line":292,"column":47},"end":{"line":292,"column":57}}},"83":{"name":"(anonymous_83)","line":295,"loc":{"start":{"line":295,"column":19},"end":{"line":295,"column":29}}},"84":{"name":"(anonymous_84)","line":300,"loc":{"start":{"line":300,"column":98},"end":{"line":300,"column":108}}},"85":{"name":"(anonymous_85)","line":301,"loc":{"start":{"line":301,"column":47},"end":{"line":301,"column":57}}},"86":{"name":"(anonymous_86)","line":304,"loc":{"start":{"line":304,"column":19},"end":{"line":304,"column":29}}},"87":{"name":"(anonymous_87)","line":311,"loc":{"start":{"line":311,"column":52},"end":{"line":311,"column":62}}},"88":{"name":"(anonymous_88)","line":312,"loc":{"start":{"line":312,"column":47},"end":{"line":312,"column":57}}},"89":{"name":"(anonymous_89)","line":315,"loc":{"start":{"line":315,"column":57},"end":{"line":315,"column":67}}},"90":{"name":"(anonymous_90)","line":316,"loc":{"start":{"line":316,"column":57},"end":{"line":316,"column":67}}},"91":{"name":"(anonymous_91)","line":317,"loc":{"start":{"line":317,"column":57},"end":{"line":317,"column":67}}},"92":{"name":"(anonymous_92)","line":326,"loc":{"start":{"line":326,"column":45},"end":{"line":326,"column":55}}},"93":{"name":"(anonymous_93)","line":337,"loc":{"start":{"line":337,"column":94},"end":{"line":337,"column":104}}},"94":{"name":"(anonymous_94)","line":338,"loc":{"start":{"line":338,"column":42},"end":{"line":338,"column":52}}},"95":{"name":"(anonymous_95)","line":341,"loc":{"start":{"line":341,"column":42},"end":{"line":341,"column":52}}},"96":{"name":"(anonymous_96)","line":344,"loc":{"start":{"line":344,"column":42},"end":{"line":344,"column":52}}},"97":{"name":"(anonymous_97)","line":348,"loc":{"start":{"line":348,"column":49},"end":{"line":348,"column":59}}},"98":{"name":"(anonymous_98)","line":351,"loc":{"start":{"line":351,"column":50},"end":{"line":351,"column":60}}},"99":{"name":"(anonymous_99)","line":360,"loc":{"start":{"line":360,"column":70},"end":{"line":360,"column":80}}},"100":{"name":"(anonymous_100)","line":361,"loc":{"start":{"line":361,"column":43},"end":{"line":361,"column":53}}},"101":{"name":"(anonymous_101)","line":364,"loc":{"start":{"line":364,"column":43},"end":{"line":364,"column":53}}},"102":{"name":"(anonymous_102)","line":367,"loc":{"start":{"line":367,"column":43},"end":{"line":367,"column":53}}},"103":{"name":"(anonymous_103)","line":371,"loc":{"start":{"line":371,"column":50},"end":{"line":371,"column":60}}},"104":{"name":"(anonymous_104)","line":374,"loc":{"start":{"line":374,"column":51},"end":{"line":374,"column":61}}},"105":{"name":"(anonymous_105)","line":383,"loc":{"start":{"line":383,"column":74},"end":{"line":383,"column":84}}},"106":{"name":"(anonymous_106)","line":384,"loc":{"start":{"line":384,"column":42},"end":{"line":384,"column":52}}},"107":{"name":"(anonymous_107)","line":387,"loc":{"start":{"line":387,"column":42},"end":{"line":387,"column":52}}},"108":{"name":"(anonymous_108)","line":390,"loc":{"start":{"line":390,"column":42},"end":{"line":390,"column":52}}},"109":{"name":"(anonymous_109)","line":394,"loc":{"start":{"line":394,"column":49},"end":{"line":394,"column":59}}},"110":{"name":"(anonymous_110)","line":397,"loc":{"start":{"line":397,"column":50},"end":{"line":397,"column":60}}},"111":{"name":"(anonymous_111)","line":406,"loc":{"start":{"line":406,"column":92},"end":{"line":406,"column":102}}},"112":{"name":"(anonymous_112)","line":407,"loc":{"start":{"line":407,"column":42},"end":{"line":407,"column":52}}},"113":{"name":"(anonymous_113)","line":410,"loc":{"start":{"line":410,"column":42},"end":{"line":410,"column":52}}},"114":{"name":"(anonymous_114)","line":413,"loc":{"start":{"line":413,"column":42},"end":{"line":413,"column":52}}},"115":{"name":"(anonymous_115)","line":417,"loc":{"start":{"line":417,"column":49},"end":{"line":417,"column":59}}},"116":{"name":"(anonymous_116)","line":420,"loc":{"start":{"line":420,"column":50},"end":{"line":420,"column":60}}},"117":{"name":"(anonymous_117)","line":430,"loc":{"start":{"line":430,"column":95},"end":{"line":430,"column":105}}},"118":{"name":"(anonymous_118)","line":431,"loc":{"start":{"line":431,"column":42},"end":{"line":431,"column":52}}},"119":{"name":"(anonymous_119)","line":434,"loc":{"start":{"line":434,"column":42},"end":{"line":434,"column":52}}},"120":{"name":"(anonymous_120)","line":437,"loc":{"start":{"line":437,"column":49},"end":{"line":437,"column":59}}},"121":{"name":"(anonymous_121)","line":440,"loc":{"start":{"line":440,"column":50},"end":{"line":440,"column":60}}},"122":{"name":"(anonymous_122)","line":443,"loc":{"start":{"line":443,"column":55},"end":{"line":443,"column":65}}},"123":{"name":"(anonymous_123)","line":446,"loc":{"start":{"line":446,"column":54},"end":{"line":446,"column":64}}},"124":{"name":"(anonymous_124)","line":449,"loc":{"start":{"line":449,"column":54},"end":{"line":449,"column":64}}},"125":{"name":"(anonymous_125)","line":452,"loc":{"start":{"line":452,"column":53},"end":{"line":452,"column":63}}},"126":{"name":"(anonymous_126)","line":455,"loc":{"start":{"line":455,"column":53},"end":{"line":455,"column":63}}},"127":{"name":"(anonymous_127)","line":458,"loc":{"start":{"line":458,"column":52},"end":{"line":458,"column":62}}},"128":{"name":"(anonymous_128)","line":476,"loc":{"start":{"line":476,"column":94},"end":{"line":476,"column":104}}},"129":{"name":"(anonymous_129)","line":477,"loc":{"start":{"line":477,"column":42},"end":{"line":477,"column":52}}},"130":{"name":"(anonymous_130)","line":480,"loc":{"start":{"line":480,"column":42},"end":{"line":480,"column":52}}},"131":{"name":"(anonymous_131)","line":483,"loc":{"start":{"line":483,"column":49},"end":{"line":483,"column":59}}},"132":{"name":"(anonymous_132)","line":486,"loc":{"start":{"line":486,"column":50},"end":{"line":486,"column":60}}},"133":{"name":"(anonymous_133)","line":489,"loc":{"start":{"line":489,"column":55},"end":{"line":489,"column":65}}},"134":{"name":"(anonymous_134)","line":492,"loc":{"start":{"line":492,"column":54},"end":{"line":492,"column":64}}},"135":{"name":"(anonymous_135)","line":495,"loc":{"start":{"line":495,"column":54},"end":{"line":495,"column":64}}},"136":{"name":"(anonymous_136)","line":498,"loc":{"start":{"line":498,"column":53},"end":{"line":498,"column":63}}},"137":{"name":"(anonymous_137)","line":501,"loc":{"start":{"line":501,"column":53},"end":{"line":501,"column":63}}},"138":{"name":"(anonymous_138)","line":504,"loc":{"start":{"line":504,"column":52},"end":{"line":504,"column":62}}},"139":{"name":"(anonymous_139)","line":521,"loc":{"start":{"line":521,"column":55},"end":{"line":521,"column":65}}},"140":{"name":"(anonymous_140)","line":530,"loc":{"start":{"line":530,"column":37},"end":{"line":530,"column":47}}},"141":{"name":"(anonymous_141)","line":539,"loc":{"start":{"line":539,"column":69},"end":{"line":539,"column":79}}},"142":{"name":"(anonymous_142)","line":548,"loc":{"start":{"line":548,"column":69},"end":{"line":548,"column":79}}},"143":{"name":"(anonymous_143)","line":557,"loc":{"start":{"line":557,"column":69},"end":{"line":557,"column":79}}},"144":{"name":"(anonymous_144)","line":566,"loc":{"start":{"line":566,"column":41},"end":{"line":566,"column":51}}},"145":{"name":"(anonymous_145)","line":583,"loc":{"start":{"line":583,"column":60},"end":{"line":583,"column":70}}},"146":{"name":"(anonymous_146)","line":584,"loc":{"start":{"line":584,"column":56},"end":{"line":584,"column":66}}},"147":{"name":"(anonymous_147)","line":585,"loc":{"start":{"line":585,"column":47},"end":{"line":585,"column":57}}},"148":{"name":"(anonymous_148)","line":588,"loc":{"start":{"line":588,"column":47},"end":{"line":588,"column":57}}},"149":{"name":"(anonymous_149)","line":591,"loc":{"start":{"line":591,"column":47},"end":{"line":591,"column":57}}},"150":{"name":"(anonymous_150)","line":602,"loc":{"start":{"line":602,"column":53},"end":{"line":602,"column":63}}},"151":{"name":"(anonymous_151)","line":603,"loc":{"start":{"line":603,"column":47},"end":{"line":603,"column":57}}},"152":{"name":"(anonymous_152)","line":606,"loc":{"start":{"line":606,"column":47},"end":{"line":606,"column":57}}},"153":{"name":"(anonymous_153)","line":609,"loc":{"start":{"line":609,"column":47},"end":{"line":609,"column":57}}},"154":{"name":"(anonymous_154)","line":620,"loc":{"start":{"line":620,"column":46},"end":{"line":620,"column":56}}},"155":{"name":"(anonymous_155)","line":621,"loc":{"start":{"line":621,"column":47},"end":{"line":621,"column":57}}},"156":{"name":"(anonymous_156)","line":624,"loc":{"start":{"line":624,"column":47},"end":{"line":624,"column":57}}},"157":{"name":"(anonymous_157)","line":634,"loc":{"start":{"line":634,"column":43},"end":{"line":634,"column":53}}},"158":{"name":"(anonymous_158)","line":635,"loc":{"start":{"line":635,"column":47},"end":{"line":635,"column":57}}},"159":{"name":"(anonymous_159)","line":644,"loc":{"start":{"line":644,"column":77},"end":{"line":644,"column":87}}},"160":{"name":"(anonymous_160)","line":646,"loc":{"start":{"line":646,"column":45},"end":{"line":646,"column":55}}},"161":{"name":"(anonymous_161)","line":652,"loc":{"start":{"line":652,"column":81},"end":{"line":652,"column":91}}},"162":{"name":"(anonymous_162)","line":674,"loc":{"start":{"line":674,"column":63},"end":{"line":674,"column":73}}},"163":{"name":"(anonymous_163)","line":688,"loc":{"start":{"line":688,"column":50},"end":{"line":688,"column":60}}},"164":{"name":"(anonymous_164)","line":689,"loc":{"start":{"line":689,"column":67},"end":{"line":689,"column":77}}},"165":{"name":"(anonymous_165)","line":695,"loc":{"start":{"line":695,"column":47},"end":{"line":695,"column":57}}},"166":{"name":"(anonymous_166)","line":703,"loc":{"start":{"line":703,"column":56},"end":{"line":703,"column":66}}},"167":{"name":"(anonymous_167)","line":714,"loc":{"start":{"line":714,"column":51},"end":{"line":714,"column":61}}},"168":{"name":"(anonymous_168)","line":725,"loc":{"start":{"line":725,"column":25},"end":{"line":725,"column":35}}},"169":{"name":"(anonymous_169)","line":733,"loc":{"start":{"line":733,"column":65},"end":{"line":733,"column":75}}},"170":{"name":"(anonymous_170)","line":861,"loc":{"start":{"line":861,"column":80},"end":{"line":861,"column":90}}},"171":{"name":"(anonymous_171)","line":862,"loc":{"start":{"line":862,"column":37},"end":{"line":862,"column":47}}},"172":{"name":"(anonymous_172)","line":866,"loc":{"start":{"line":866,"column":37},"end":{"line":866,"column":47}}},"173":{"name":"(anonymous_173)","line":870,"loc":{"start":{"line":870,"column":37},"end":{"line":870,"column":47}}},"174":{"name":"(anonymous_174)","line":874,"loc":{"start":{"line":874,"column":37},"end":{"line":874,"column":47}}},"175":{"name":"(anonymous_175)","line":878,"loc":{"start":{"line":878,"column":29},"end":{"line":878,"column":39}}},"176":{"name":"(anonymous_176)","line":882,"loc":{"start":{"line":882,"column":29},"end":{"line":882,"column":39}}},"177":{"name":"(anonymous_177)","line":886,"loc":{"start":{"line":886,"column":29},"end":{"line":886,"column":39}}},"178":{"name":"(anonymous_178)","line":890,"loc":{"start":{"line":890,"column":29},"end":{"line":890,"column":39}}}},"statementMap":{"1":{"start":{"line":5,"column":0},"end":{"line":686,"column":3}},"2":{"start":{"line":6,"column":4},"end":{"line":7,"column":100}},"3":{"start":{"line":8,"column":4},"end":{"line":21,"column":7}},"4":{"start":{"line":9,"column":8},"end":{"line":9,"column":28}},"5":{"start":{"line":10,"column":8},"end":{"line":10,"column":37}},"6":{"start":{"line":11,"column":8},"end":{"line":11,"column":38}},"7":{"start":{"line":12,"column":8},"end":{"line":12,"column":25}},"8":{"start":{"line":13,"column":8},"end":{"line":13,"column":25}},"9":{"start":{"line":14,"column":8},"end":{"line":14,"column":25}},"10":{"start":{"line":15,"column":8},"end":{"line":15,"column":42}},"11":{"start":{"line":16,"column":8},"end":{"line":16,"column":38}},"12":{"start":{"line":17,"column":8},"end":{"line":17,"column":41}},"13":{"start":{"line":18,"column":8},"end":{"line":18,"column":37}},"14":{"start":{"line":19,"column":8},"end":{"line":19,"column":42}},"15":{"start":{"line":20,"column":8},"end":{"line":20,"column":38}},"16":{"start":{"line":23,"column":4},"end":{"line":25,"column":7}},"17":{"start":{"line":24,"column":8},"end":{"line":24,"column":46}},"18":{"start":{"line":27,"column":4},"end":{"line":29,"column":7}},"19":{"start":{"line":28,"column":8},"end":{"line":28,"column":41}},"20":{"start":{"line":32,"column":4},"end":{"line":36,"column":7}},"21":{"start":{"line":33,"column":9},"end":{"line":33,"column":59}},"22":{"start":{"line":34,"column":9},"end":{"line":34,"column":34}},"23":{"start":{"line":35,"column":9},"end":{"line":35,"column":83}},"24":{"start":{"line":38,"column":4},"end":{"line":42,"column":7}},"25":{"start":{"line":39,"column":8},"end":{"line":39,"column":40}},"26":{"start":{"line":40,"column":8},"end":{"line":40,"column":33}},"27":{"start":{"line":41,"column":8},"end":{"line":41,"column":64}},"28":{"start":{"line":44,"column":4},"end":{"line":50,"column":7}},"29":{"start":{"line":45,"column":8},"end":{"line":47,"column":9}},"30":{"start":{"line":46,"column":12},"end":{"line":46,"column":50}},"31":{"start":{"line":48,"column":8},"end":{"line":48,"column":33}},"32":{"start":{"line":49,"column":8},"end":{"line":49,"column":74}},"33":{"start":{"line":52,"column":4},"end":{"line":58,"column":7}},"34":{"start":{"line":53,"column":8},"end":{"line":53,"column":27}},"35":{"start":{"line":54,"column":8},"end":{"line":54,"column":57}},"36":{"start":{"line":55,"column":8},"end":{"line":55,"column":61}},"37":{"start":{"line":56,"column":8},"end":{"line":56,"column":61}},"38":{"start":{"line":57,"column":8},"end":{"line":57,"column":45}},"39":{"start":{"line":60,"column":4},"end":{"line":76,"column":8}},"40":{"start":{"line":61,"column":8},"end":{"line":61,"column":38}},"41":{"start":{"line":62,"column":8},"end":{"line":62,"column":47}},"42":{"start":{"line":63,"column":8},"end":{"line":65,"column":59}},"43":{"start":{"line":64,"column":12},"end":{"line":64,"column":33}},"44":{"start":{"line":66,"column":8},"end":{"line":66,"column":34}},"45":{"start":{"line":67,"column":8},"end":{"line":67,"column":47}},"46":{"start":{"line":68,"column":8},"end":{"line":70,"column":59}},"47":{"start":{"line":69,"column":12},"end":{"line":69,"column":33}},"48":{"start":{"line":71,"column":8},"end":{"line":71,"column":34}},"49":{"start":{"line":72,"column":8},"end":{"line":72,"column":47}},"50":{"start":{"line":73,"column":8},"end":{"line":75,"column":59}},"51":{"start":{"line":74,"column":12},"end":{"line":74,"column":33}},"52":{"start":{"line":78,"column":4},"end":{"line":101,"column":7}},"53":{"start":{"line":79,"column":8},"end":{"line":81,"column":11}},"54":{"start":{"line":80,"column":12},"end":{"line":80,"column":42}},"55":{"start":{"line":82,"column":8},"end":{"line":84,"column":11}},"56":{"start":{"line":83,"column":12},"end":{"line":83,"column":42}},"57":{"start":{"line":85,"column":8},"end":{"line":87,"column":11}},"58":{"start":{"line":86,"column":12},"end":{"line":86,"column":42}},"59":{"start":{"line":88,"column":8},"end":{"line":88,"column":52}},"60":{"start":{"line":89,"column":8},"end":{"line":89,"column":49}},"61":{"start":{"line":90,"column":8},"end":{"line":90,"column":66}},"62":{"start":{"line":91,"column":8},"end":{"line":91,"column":66}},"63":{"start":{"line":92,"column":8},"end":{"line":92,"column":66}},"64":{"start":{"line":94,"column":8},"end":{"line":94,"column":46}},"65":{"start":{"line":95,"column":8},"end":{"line":95,"column":49}},"66":{"start":{"line":96,"column":8},"end":{"line":96,"column":66}},"67":{"start":{"line":97,"column":8},"end":{"line":97,"column":66}},"68":{"start":{"line":99,"column":8},"end":{"line":99,"column":36}},"69":{"start":{"line":100,"column":8},"end":{"line":100,"column":49}},"70":{"start":{"line":103,"column":4},"end":{"line":112,"column":7}},"71":{"start":{"line":104,"column":8},"end":{"line":104,"column":75}},"72":{"start":{"line":104,"column":60},"end":{"line":104,"column":72}},"73":{"start":{"line":105,"column":8},"end":{"line":105,"column":75}},"74":{"start":{"line":105,"column":60},"end":{"line":105,"column":72}},"75":{"start":{"line":106,"column":8},"end":{"line":106,"column":75}},"76":{"start":{"line":106,"column":60},"end":{"line":106,"column":72}},"77":{"start":{"line":107,"column":8},"end":{"line":107,"column":40}},"78":{"start":{"line":108,"column":8},"end":{"line":108,"column":37}},"79":{"start":{"line":109,"column":8},"end":{"line":109,"column":68}},"80":{"start":{"line":110,"column":8},"end":{"line":110,"column":68}},"81":{"start":{"line":111,"column":8},"end":{"line":111,"column":68}},"82":{"start":{"line":114,"column":4},"end":{"line":119,"column":7}},"83":{"start":{"line":115,"column":8},"end":{"line":117,"column":11}},"84":{"start":{"line":116,"column":12},"end":{"line":116,"column":25}},"85":{"start":{"line":118,"column":8},"end":{"line":118,"column":46}},"86":{"start":{"line":121,"column":4},"end":{"line":135,"column":7}},"87":{"start":{"line":122,"column":8},"end":{"line":124,"column":11}},"88":{"start":{"line":123,"column":12},"end":{"line":123,"column":24}},"89":{"start":{"line":126,"column":8},"end":{"line":128,"column":11}},"90":{"start":{"line":127,"column":12},"end":{"line":127,"column":51}},"91":{"start":{"line":130,"column":8},"end":{"line":130,"column":41}},"92":{"start":{"line":131,"column":8},"end":{"line":131,"column":39}},"93":{"start":{"line":132,"column":8},"end":{"line":132,"column":35}},"94":{"start":{"line":133,"column":8},"end":{"line":133,"column":37}},"95":{"start":{"line":134,"column":8},"end":{"line":134,"column":35}},"96":{"start":{"line":137,"column":4},"end":{"line":154,"column":7}},"97":{"start":{"line":138,"column":8},"end":{"line":140,"column":11}},"98":{"start":{"line":139,"column":12},"end":{"line":139,"column":42}},"99":{"start":{"line":141,"column":8},"end":{"line":141,"column":48}},"100":{"start":{"line":143,"column":8},"end":{"line":143,"column":28}},"101":{"start":{"line":144,"column":8},"end":{"line":146,"column":11}},"102":{"start":{"line":145,"column":12},"end":{"line":145,"column":35}},"103":{"start":{"line":147,"column":8},"end":{"line":147,"column":49}},"104":{"start":{"line":149,"column":8},"end":{"line":149,"column":28}},"105":{"start":{"line":150,"column":8},"end":{"line":152,"column":11}},"106":{"start":{"line":151,"column":12},"end":{"line":151,"column":28}},"107":{"start":{"line":153,"column":8},"end":{"line":153,"column":48}},"108":{"start":{"line":156,"column":4},"end":{"line":167,"column":7}},"109":{"start":{"line":157,"column":8},"end":{"line":157,"column":70}},"110":{"start":{"line":157,"column":55},"end":{"line":157,"column":67}},"111":{"start":{"line":158,"column":8},"end":{"line":158,"column":70}},"112":{"start":{"line":158,"column":55},"end":{"line":158,"column":67}},"113":{"start":{"line":159,"column":8},"end":{"line":159,"column":70}},"114":{"start":{"line":159,"column":55},"end":{"line":159,"column":67}},"115":{"start":{"line":160,"column":8},"end":{"line":160,"column":40}},"116":{"start":{"line":161,"column":8},"end":{"line":161,"column":28}},"117":{"start":{"line":162,"column":8},"end":{"line":162,"column":49}},"118":{"start":{"line":163,"column":8},"end":{"line":163,"column":49}},"119":{"start":{"line":164,"column":8},"end":{"line":164,"column":49}},"120":{"start":{"line":166,"column":8},"end":{"line":166,"column":42}},"121":{"start":{"line":169,"column":4},"end":{"line":174,"column":7}},"122":{"start":{"line":170,"column":8},"end":{"line":170,"column":66}},"123":{"start":{"line":170,"column":54},"end":{"line":170,"column":63}},"124":{"start":{"line":171,"column":8},"end":{"line":173,"column":58}},"125":{"start":{"line":172,"column":12},"end":{"line":172,"column":44}},"126":{"start":{"line":176,"column":4},"end":{"line":181,"column":7}},"127":{"start":{"line":177,"column":8},"end":{"line":177,"column":66}},"128":{"start":{"line":177,"column":54},"end":{"line":177,"column":63}},"129":{"start":{"line":178,"column":8},"end":{"line":180,"column":58}},"130":{"start":{"line":179,"column":12},"end":{"line":179,"column":45}},"131":{"start":{"line":183,"column":4},"end":{"line":188,"column":7}},"132":{"start":{"line":184,"column":8},"end":{"line":184,"column":66}},"133":{"start":{"line":184,"column":54},"end":{"line":184,"column":63}},"134":{"start":{"line":185,"column":8},"end":{"line":187,"column":58}},"135":{"start":{"line":186,"column":12},"end":{"line":186,"column":44}},"136":{"start":{"line":190,"column":4},"end":{"line":195,"column":7}},"137":{"start":{"line":191,"column":8},"end":{"line":191,"column":66}},"138":{"start":{"line":191,"column":54},"end":{"line":191,"column":63}},"139":{"start":{"line":192,"column":8},"end":{"line":194,"column":62}},"140":{"start":{"line":193,"column":12},"end":{"line":193,"column":44}},"141":{"start":{"line":197,"column":4},"end":{"line":208,"column":7}},"142":{"start":{"line":198,"column":8},"end":{"line":198,"column":27}},"143":{"start":{"line":199,"column":8},"end":{"line":199,"column":74}},"144":{"start":{"line":199,"column":59},"end":{"line":199,"column":71}},"145":{"start":{"line":200,"column":8},"end":{"line":200,"column":74}},"146":{"start":{"line":200,"column":59},"end":{"line":200,"column":71}},"147":{"start":{"line":201,"column":8},"end":{"line":201,"column":74}},"148":{"start":{"line":201,"column":59},"end":{"line":201,"column":71}},"149":{"start":{"line":202,"column":8},"end":{"line":202,"column":66}},"150":{"start":{"line":202,"column":54},"end":{"line":202,"column":63}},"151":{"start":{"line":203,"column":8},"end":{"line":203,"column":52}},"152":{"start":{"line":204,"column":8},"end":{"line":204,"column":35}},"153":{"start":{"line":205,"column":8},"end":{"line":205,"column":61}},"154":{"start":{"line":206,"column":8},"end":{"line":206,"column":61}},"155":{"start":{"line":207,"column":8},"end":{"line":207,"column":61}},"156":{"start":{"line":210,"column":4},"end":{"line":221,"column":7}},"157":{"start":{"line":211,"column":8},"end":{"line":211,"column":27}},"158":{"start":{"line":212,"column":8},"end":{"line":212,"column":74}},"159":{"start":{"line":212,"column":59},"end":{"line":212,"column":71}},"160":{"start":{"line":213,"column":8},"end":{"line":213,"column":74}},"161":{"start":{"line":213,"column":59},"end":{"line":213,"column":71}},"162":{"start":{"line":214,"column":8},"end":{"line":214,"column":74}},"163":{"start":{"line":214,"column":59},"end":{"line":214,"column":71}},"164":{"start":{"line":215,"column":8},"end":{"line":215,"column":66}},"165":{"start":{"line":215,"column":54},"end":{"line":215,"column":63}},"166":{"start":{"line":216,"column":8},"end":{"line":216,"column":52}},"167":{"start":{"line":217,"column":8},"end":{"line":217,"column":35}},"168":{"start":{"line":218,"column":8},"end":{"line":218,"column":61}},"169":{"start":{"line":219,"column":8},"end":{"line":219,"column":61}},"170":{"start":{"line":220,"column":8},"end":{"line":220,"column":61}},"171":{"start":{"line":223,"column":4},"end":{"line":234,"column":7}},"172":{"start":{"line":224,"column":8},"end":{"line":224,"column":27}},"173":{"start":{"line":225,"column":8},"end":{"line":225,"column":74}},"174":{"start":{"line":225,"column":59},"end":{"line":225,"column":71}},"175":{"start":{"line":226,"column":8},"end":{"line":226,"column":74}},"176":{"start":{"line":226,"column":59},"end":{"line":226,"column":71}},"177":{"start":{"line":227,"column":8},"end":{"line":227,"column":74}},"178":{"start":{"line":227,"column":59},"end":{"line":227,"column":71}},"179":{"start":{"line":228,"column":8},"end":{"line":228,"column":67}},"180":{"start":{"line":228,"column":54},"end":{"line":228,"column":64}},"181":{"start":{"line":229,"column":8},"end":{"line":229,"column":52}},"182":{"start":{"line":230,"column":8},"end":{"line":230,"column":35}},"183":{"start":{"line":231,"column":8},"end":{"line":231,"column":61}},"184":{"start":{"line":232,"column":8},"end":{"line":232,"column":61}},"185":{"start":{"line":233,"column":8},"end":{"line":233,"column":61}},"186":{"start":{"line":236,"column":4},"end":{"line":247,"column":7}},"187":{"start":{"line":237,"column":8},"end":{"line":237,"column":27}},"188":{"start":{"line":238,"column":8},"end":{"line":238,"column":72}},"189":{"start":{"line":238,"column":57},"end":{"line":238,"column":69}},"190":{"start":{"line":239,"column":8},"end":{"line":239,"column":72}},"191":{"start":{"line":239,"column":57},"end":{"line":239,"column":69}},"192":{"start":{"line":240,"column":8},"end":{"line":240,"column":72}},"193":{"start":{"line":240,"column":57},"end":{"line":240,"column":69}},"194":{"start":{"line":241,"column":8},"end":{"line":241,"column":67}},"195":{"start":{"line":241,"column":54},"end":{"line":241,"column":64}},"196":{"start":{"line":242,"column":8},"end":{"line":242,"column":52}},"197":{"start":{"line":243,"column":8},"end":{"line":243,"column":36}},"198":{"start":{"line":244,"column":8},"end":{"line":244,"column":56}},"199":{"start":{"line":245,"column":8},"end":{"line":245,"column":56}},"200":{"start":{"line":246,"column":8},"end":{"line":246,"column":56}},"201":{"start":{"line":250,"column":4},"end":{"line":260,"column":7}},"202":{"start":{"line":251,"column":8},"end":{"line":251,"column":74}},"203":{"start":{"line":251,"column":59},"end":{"line":251,"column":71}},"204":{"start":{"line":252,"column":8},"end":{"line":252,"column":74}},"205":{"start":{"line":252,"column":59},"end":{"line":252,"column":71}},"206":{"start":{"line":253,"column":8},"end":{"line":253,"column":74}},"207":{"start":{"line":253,"column":59},"end":{"line":253,"column":71}},"208":{"start":{"line":254,"column":8},"end":{"line":254,"column":66}},"209":{"start":{"line":254,"column":54},"end":{"line":254,"column":63}},"210":{"start":{"line":255,"column":8},"end":{"line":255,"column":52}},"211":{"start":{"line":256,"column":8},"end":{"line":256,"column":32}},"212":{"start":{"line":257,"column":8},"end":{"line":257,"column":77}},"213":{"start":{"line":258,"column":8},"end":{"line":258,"column":77}},"214":{"start":{"line":259,"column":8},"end":{"line":259,"column":77}},"215":{"start":{"line":263,"column":4},"end":{"line":324,"column":7}},"216":{"start":{"line":264,"column":8},"end":{"line":271,"column":11}},"217":{"start":{"line":265,"column":12},"end":{"line":267,"column":15}},"218":{"start":{"line":266,"column":16},"end":{"line":266,"column":26}},"219":{"start":{"line":268,"column":12},"end":{"line":270,"column":53}},"220":{"start":{"line":269,"column":16},"end":{"line":269,"column":58}},"221":{"start":{"line":273,"column":8},"end":{"line":280,"column":11}},"222":{"start":{"line":274,"column":12},"end":{"line":276,"column":15}},"223":{"start":{"line":275,"column":16},"end":{"line":275,"column":25}},"224":{"start":{"line":277,"column":12},"end":{"line":279,"column":53}},"225":{"start":{"line":278,"column":16},"end":{"line":278,"column":55}},"226":{"start":{"line":282,"column":8},"end":{"line":289,"column":11}},"227":{"start":{"line":283,"column":12},"end":{"line":285,"column":15}},"228":{"start":{"line":284,"column":16},"end":{"line":284,"column":25}},"229":{"start":{"line":286,"column":12},"end":{"line":288,"column":53}},"230":{"start":{"line":287,"column":16},"end":{"line":287,"column":54}},"231":{"start":{"line":291,"column":8},"end":{"line":298,"column":11}},"232":{"start":{"line":292,"column":12},"end":{"line":294,"column":15}},"233":{"start":{"line":293,"column":16},"end":{"line":293,"column":25}},"234":{"start":{"line":295,"column":12},"end":{"line":297,"column":53}},"235":{"start":{"line":296,"column":16},"end":{"line":296,"column":54}},"236":{"start":{"line":300,"column":8},"end":{"line":307,"column":11}},"237":{"start":{"line":301,"column":12},"end":{"line":303,"column":15}},"238":{"start":{"line":302,"column":16},"end":{"line":302,"column":25}},"239":{"start":{"line":304,"column":12},"end":{"line":306,"column":57}},"240":{"start":{"line":305,"column":16},"end":{"line":305,"column":54}},"241":{"start":{"line":311,"column":8},"end":{"line":323,"column":11}},"242":{"start":{"line":312,"column":12},"end":{"line":314,"column":15}},"243":{"start":{"line":313,"column":16},"end":{"line":313,"column":25}},"244":{"start":{"line":315,"column":12},"end":{"line":315,"column":83}},"245":{"start":{"line":315,"column":68},"end":{"line":315,"column":80}},"246":{"start":{"line":316,"column":12},"end":{"line":316,"column":83}},"247":{"start":{"line":316,"column":68},"end":{"line":316,"column":80}},"248":{"start":{"line":317,"column":12},"end":{"line":317,"column":83}},"249":{"start":{"line":317,"column":68},"end":{"line":317,"column":80}},"250":{"start":{"line":318,"column":12},"end":{"line":318,"column":56}},"251":{"start":{"line":319,"column":12},"end":{"line":319,"column":50}},"252":{"start":{"line":320,"column":12},"end":{"line":320,"column":79}},"253":{"start":{"line":321,"column":12},"end":{"line":321,"column":79}},"254":{"start":{"line":322,"column":12},"end":{"line":322,"column":79}},"255":{"start":{"line":326,"column":4},"end":{"line":335,"column":7}},"256":{"start":{"line":327,"column":8},"end":{"line":327,"column":36}},"257":{"start":{"line":328,"column":8},"end":{"line":328,"column":39}},"258":{"start":{"line":329,"column":8},"end":{"line":329,"column":30}},"259":{"start":{"line":330,"column":8},"end":{"line":330,"column":39}},"260":{"start":{"line":331,"column":8},"end":{"line":331,"column":30}},"261":{"start":{"line":332,"column":8},"end":{"line":332,"column":39}},"262":{"start":{"line":333,"column":8},"end":{"line":333,"column":30}},"263":{"start":{"line":334,"column":8},"end":{"line":334,"column":39}},"264":{"start":{"line":337,"column":4},"end":{"line":358,"column":7}},"265":{"start":{"line":338,"column":8},"end":{"line":340,"column":11}},"266":{"start":{"line":339,"column":12},"end":{"line":339,"column":28}},"267":{"start":{"line":341,"column":8},"end":{"line":343,"column":11}},"268":{"start":{"line":342,"column":12},"end":{"line":342,"column":33}},"269":{"start":{"line":344,"column":8},"end":{"line":346,"column":11}},"270":{"start":{"line":345,"column":12},"end":{"line":345,"column":35}},"271":{"start":{"line":348,"column":8},"end":{"line":350,"column":11}},"272":{"start":{"line":349,"column":12},"end":{"line":349,"column":46}},"273":{"start":{"line":351,"column":8},"end":{"line":353,"column":11}},"274":{"start":{"line":352,"column":12},"end":{"line":352,"column":34}},"275":{"start":{"line":354,"column":8},"end":{"line":354,"column":31}},"276":{"start":{"line":355,"column":8},"end":{"line":355,"column":33}},"277":{"start":{"line":356,"column":8},"end":{"line":356,"column":40}},"278":{"start":{"line":357,"column":8},"end":{"line":357,"column":134}},"279":{"start":{"line":360,"column":4},"end":{"line":381,"column":7}},"280":{"start":{"line":361,"column":9},"end":{"line":363,"column":12}},"281":{"start":{"line":362,"column":13},"end":{"line":362,"column":29}},"282":{"start":{"line":364,"column":9},"end":{"line":366,"column":12}},"283":{"start":{"line":365,"column":13},"end":{"line":365,"column":34}},"284":{"start":{"line":367,"column":9},"end":{"line":369,"column":12}},"285":{"start":{"line":368,"column":13},"end":{"line":368,"column":36}},"286":{"start":{"line":371,"column":9},"end":{"line":373,"column":12}},"287":{"start":{"line":372,"column":13},"end":{"line":372,"column":39}},"288":{"start":{"line":374,"column":9},"end":{"line":376,"column":12}},"289":{"start":{"line":375,"column":13},"end":{"line":375,"column":23}},"290":{"start":{"line":377,"column":9},"end":{"line":377,"column":32}},"291":{"start":{"line":378,"column":9},"end":{"line":378,"column":34}},"292":{"start":{"line":379,"column":9},"end":{"line":379,"column":41}},"293":{"start":{"line":380,"column":9},"end":{"line":380,"column":106}},"294":{"start":{"line":383,"column":4},"end":{"line":404,"column":7}},"295":{"start":{"line":384,"column":8},"end":{"line":386,"column":11}},"296":{"start":{"line":385,"column":12},"end":{"line":385,"column":28}},"297":{"start":{"line":387,"column":8},"end":{"line":389,"column":11}},"298":{"start":{"line":388,"column":12},"end":{"line":388,"column":33}},"299":{"start":{"line":390,"column":8},"end":{"line":392,"column":11}},"300":{"start":{"line":391,"column":12},"end":{"line":391,"column":35}},"301":{"start":{"line":394,"column":8},"end":{"line":396,"column":11}},"302":{"start":{"line":395,"column":12},"end":{"line":395,"column":22}},"303":{"start":{"line":397,"column":8},"end":{"line":399,"column":11}},"304":{"start":{"line":398,"column":12},"end":{"line":398,"column":34}},"305":{"start":{"line":400,"column":8},"end":{"line":400,"column":31}},"306":{"start":{"line":401,"column":8},"end":{"line":401,"column":33}},"307":{"start":{"line":402,"column":8},"end":{"line":402,"column":40}},"308":{"start":{"line":403,"column":8},"end":{"line":403,"column":109}},"309":{"start":{"line":406,"column":4},"end":{"line":427,"column":7}},"310":{"start":{"line":407,"column":8},"end":{"line":409,"column":11}},"311":{"start":{"line":408,"column":12},"end":{"line":408,"column":28}},"312":{"start":{"line":410,"column":8},"end":{"line":412,"column":11}},"313":{"start":{"line":411,"column":12},"end":{"line":411,"column":33}},"314":{"start":{"line":413,"column":8},"end":{"line":415,"column":11}},"315":{"start":{"line":414,"column":12},"end":{"line":414,"column":35}},"316":{"start":{"line":417,"column":8},"end":{"line":419,"column":11}},"317":{"start":{"line":418,"column":12},"end":{"line":418,"column":22}},"318":{"start":{"line":420,"column":8},"end":{"line":422,"column":11}},"319":{"start":{"line":421,"column":12},"end":{"line":421,"column":22}},"320":{"start":{"line":423,"column":8},"end":{"line":423,"column":31}},"321":{"start":{"line":424,"column":8},"end":{"line":424,"column":33}},"322":{"start":{"line":425,"column":8},"end":{"line":425,"column":40}},"323":{"start":{"line":426,"column":8},"end":{"line":426,"column":88}},"324":{"start":{"line":430,"column":4},"end":{"line":473,"column":7}},"325":{"start":{"line":431,"column":8},"end":{"line":433,"column":11}},"326":{"start":{"line":432,"column":12},"end":{"line":432,"column":27}},"327":{"start":{"line":434,"column":8},"end":{"line":436,"column":11}},"328":{"start":{"line":435,"column":12},"end":{"line":435,"column":32}},"329":{"start":{"line":437,"column":8},"end":{"line":439,"column":11}},"330":{"start":{"line":438,"column":12},"end":{"line":438,"column":32}},"331":{"start":{"line":440,"column":8},"end":{"line":442,"column":11}},"332":{"start":{"line":441,"column":12},"end":{"line":441,"column":34}},"333":{"start":{"line":443,"column":8},"end":{"line":445,"column":11}},"334":{"start":{"line":444,"column":12},"end":{"line":444,"column":40}},"335":{"start":{"line":446,"column":8},"end":{"line":448,"column":11}},"336":{"start":{"line":447,"column":12},"end":{"line":447,"column":44}},"337":{"start":{"line":449,"column":8},"end":{"line":451,"column":11}},"338":{"start":{"line":450,"column":12},"end":{"line":450,"column":39}},"339":{"start":{"line":452,"column":8},"end":{"line":454,"column":11}},"340":{"start":{"line":453,"column":12},"end":{"line":453,"column":43}},"341":{"start":{"line":455,"column":8},"end":{"line":457,"column":11}},"342":{"start":{"line":456,"column":12},"end":{"line":456,"column":38}},"343":{"start":{"line":458,"column":8},"end":{"line":460,"column":11}},"344":{"start":{"line":459,"column":12},"end":{"line":459,"column":42}},"345":{"start":{"line":462,"column":8},"end":{"line":462,"column":31}},"346":{"start":{"line":463,"column":8},"end":{"line":463,"column":33}},"347":{"start":{"line":464,"column":8},"end":{"line":464,"column":34}},"348":{"start":{"line":465,"column":8},"end":{"line":465,"column":42}},"349":{"start":{"line":466,"column":8},"end":{"line":466,"column":44}},"350":{"start":{"line":467,"column":8},"end":{"line":467,"column":44}},"351":{"start":{"line":468,"column":8},"end":{"line":468,"column":46}},"352":{"start":{"line":469,"column":8},"end":{"line":469,"column":46}},"353":{"start":{"line":470,"column":8},"end":{"line":470,"column":48}},"354":{"start":{"line":472,"column":8},"end":{"line":472,"column":459}},"355":{"start":{"line":476,"column":4},"end":{"line":518,"column":7}},"356":{"start":{"line":477,"column":8},"end":{"line":479,"column":11}},"357":{"start":{"line":478,"column":12},"end":{"line":478,"column":27}},"358":{"start":{"line":480,"column":8},"end":{"line":482,"column":11}},"359":{"start":{"line":481,"column":12},"end":{"line":481,"column":32}},"360":{"start":{"line":483,"column":8},"end":{"line":485,"column":11}},"361":{"start":{"line":484,"column":12},"end":{"line":484,"column":32}},"362":{"start":{"line":486,"column":8},"end":{"line":488,"column":11}},"363":{"start":{"line":487,"column":12},"end":{"line":487,"column":34}},"364":{"start":{"line":489,"column":8},"end":{"line":491,"column":11}},"365":{"start":{"line":490,"column":12},"end":{"line":490,"column":22}},"366":{"start":{"line":492,"column":8},"end":{"line":494,"column":11}},"367":{"start":{"line":493,"column":12},"end":{"line":493,"column":44}},"368":{"start":{"line":495,"column":8},"end":{"line":497,"column":11}},"369":{"start":{"line":496,"column":12},"end":{"line":496,"column":22}},"370":{"start":{"line":498,"column":8},"end":{"line":500,"column":11}},"371":{"start":{"line":499,"column":12},"end":{"line":499,"column":43}},"372":{"start":{"line":501,"column":8},"end":{"line":503,"column":11}},"373":{"start":{"line":502,"column":12},"end":{"line":502,"column":22}},"374":{"start":{"line":504,"column":8},"end":{"line":506,"column":11}},"375":{"start":{"line":505,"column":12},"end":{"line":505,"column":42}},"376":{"start":{"line":508,"column":8},"end":{"line":508,"column":31}},"377":{"start":{"line":509,"column":8},"end":{"line":509,"column":33}},"378":{"start":{"line":510,"column":8},"end":{"line":510,"column":34}},"379":{"start":{"line":511,"column":8},"end":{"line":511,"column":42}},"380":{"start":{"line":512,"column":8},"end":{"line":512,"column":44}},"381":{"start":{"line":513,"column":8},"end":{"line":513,"column":44}},"382":{"start":{"line":514,"column":8},"end":{"line":514,"column":46}},"383":{"start":{"line":515,"column":8},"end":{"line":515,"column":46}},"384":{"start":{"line":516,"column":8},"end":{"line":516,"column":48}},"385":{"start":{"line":517,"column":8},"end":{"line":517,"column":303}},"386":{"start":{"line":521,"column":4},"end":{"line":528,"column":7}},"387":{"start":{"line":522,"column":8},"end":{"line":522,"column":61}},"388":{"start":{"line":523,"column":8},"end":{"line":523,"column":26}},"389":{"start":{"line":524,"column":8},"end":{"line":524,"column":58}},"390":{"start":{"line":525,"column":8},"end":{"line":525,"column":58}},"391":{"start":{"line":526,"column":8},"end":{"line":526,"column":58}},"392":{"start":{"line":527,"column":8},"end":{"line":527,"column":48}},"393":{"start":{"line":530,"column":4},"end":{"line":537,"column":7}},"394":{"start":{"line":531,"column":8},"end":{"line":531,"column":61}},"395":{"start":{"line":532,"column":8},"end":{"line":532,"column":72}},"396":{"start":{"line":533,"column":8},"end":{"line":533,"column":52}},"397":{"start":{"line":534,"column":8},"end":{"line":534,"column":56}},"398":{"start":{"line":535,"column":8},"end":{"line":535,"column":58}},"399":{"start":{"line":536,"column":8},"end":{"line":536,"column":48}},"400":{"start":{"line":539,"column":4},"end":{"line":546,"column":7}},"401":{"start":{"line":540,"column":8},"end":{"line":540,"column":61}},"402":{"start":{"line":541,"column":8},"end":{"line":541,"column":60}},"403":{"start":{"line":542,"column":8},"end":{"line":542,"column":58}},"404":{"start":{"line":543,"column":8},"end":{"line":543,"column":56}},"405":{"start":{"line":544,"column":8},"end":{"line":544,"column":58}},"406":{"start":{"line":545,"column":8},"end":{"line":545,"column":48}},"407":{"start":{"line":548,"column":4},"end":{"line":555,"column":7}},"408":{"start":{"line":549,"column":8},"end":{"line":549,"column":61}},"409":{"start":{"line":550,"column":8},"end":{"line":550,"column":56}},"410":{"start":{"line":551,"column":8},"end":{"line":551,"column":58}},"411":{"start":{"line":552,"column":8},"end":{"line":552,"column":52}},"412":{"start":{"line":553,"column":8},"end":{"line":553,"column":58}},"413":{"start":{"line":554,"column":8},"end":{"line":554,"column":42}},"414":{"start":{"line":557,"column":4},"end":{"line":564,"column":7}},"415":{"start":{"line":558,"column":8},"end":{"line":558,"column":61}},"416":{"start":{"line":559,"column":8},"end":{"line":559,"column":62}},"417":{"start":{"line":560,"column":8},"end":{"line":560,"column":53}},"418":{"start":{"line":561,"column":8},"end":{"line":561,"column":63}},"419":{"start":{"line":562,"column":8},"end":{"line":562,"column":58}},"420":{"start":{"line":563,"column":8},"end":{"line":563,"column":43}},"421":{"start":{"line":566,"column":4},"end":{"line":581,"column":7}},"422":{"start":{"line":568,"column":8},"end":{"line":568,"column":53}},"423":{"start":{"line":569,"column":8},"end":{"line":569,"column":53}},"424":{"start":{"line":570,"column":8},"end":{"line":570,"column":53}},"425":{"start":{"line":571,"column":8},"end":{"line":571,"column":37}},"426":{"start":{"line":573,"column":8},"end":{"line":573,"column":64}},"427":{"start":{"line":574,"column":8},"end":{"line":574,"column":29}},"428":{"start":{"line":576,"column":8},"end":{"line":576,"column":71}},"429":{"start":{"line":577,"column":8},"end":{"line":577,"column":71}},"430":{"start":{"line":578,"column":8},"end":{"line":578,"column":70}},"431":{"start":{"line":579,"column":8},"end":{"line":579,"column":57}},"432":{"start":{"line":580,"column":8},"end":{"line":580,"column":64}},"433":{"start":{"line":583,"column":4},"end":{"line":642,"column":7}},"434":{"start":{"line":584,"column":8},"end":{"line":600,"column":11}},"435":{"start":{"line":585,"column":12},"end":{"line":587,"column":15}},"436":{"start":{"line":586,"column":16},"end":{"line":586,"column":25}},"437":{"start":{"line":588,"column":12},"end":{"line":590,"column":15}},"438":{"start":{"line":589,"column":16},"end":{"line":589,"column":25}},"439":{"start":{"line":591,"column":12},"end":{"line":593,"column":15}},"440":{"start":{"line":592,"column":16},"end":{"line":592,"column":25}},"441":{"start":{"line":595,"column":12},"end":{"line":595,"column":44}},"442":{"start":{"line":596,"column":12},"end":{"line":596,"column":43}},"443":{"start":{"line":597,"column":12},"end":{"line":597,"column":52}},"444":{"start":{"line":598,"column":12},"end":{"line":598,"column":52}},"445":{"start":{"line":599,"column":12},"end":{"line":599,"column":52}},"446":{"start":{"line":602,"column":8},"end":{"line":618,"column":11}},"447":{"start":{"line":603,"column":12},"end":{"line":605,"column":15}},"448":{"start":{"line":604,"column":16},"end":{"line":604,"column":25}},"449":{"start":{"line":606,"column":12},"end":{"line":608,"column":15}},"450":{"start":{"line":607,"column":16},"end":{"line":607,"column":25}},"451":{"start":{"line":609,"column":12},"end":{"line":611,"column":15}},"452":{"start":{"line":610,"column":16},"end":{"line":610,"column":25}},"453":{"start":{"line":613,"column":12},"end":{"line":613,"column":44}},"454":{"start":{"line":614,"column":12},"end":{"line":614,"column":46}},"455":{"start":{"line":615,"column":12},"end":{"line":615,"column":52}},"456":{"start":{"line":616,"column":12},"end":{"line":616,"column":52}},"457":{"start":{"line":617,"column":12},"end":{"line":617,"column":56}},"458":{"start":{"line":620,"column":8},"end":{"line":632,"column":11}},"459":{"start":{"line":621,"column":12},"end":{"line":623,"column":15}},"460":{"start":{"line":622,"column":16},"end":{"line":622,"column":25}},"461":{"start":{"line":624,"column":12},"end":{"line":626,"column":15}},"462":{"start":{"line":625,"column":16},"end":{"line":625,"column":25}},"463":{"start":{"line":628,"column":12},"end":{"line":628,"column":38}},"464":{"start":{"line":629,"column":12},"end":{"line":629,"column":43}},"465":{"start":{"line":630,"column":12},"end":{"line":630,"column":52}},"466":{"start":{"line":631,"column":12},"end":{"line":631,"column":52}},"467":{"start":{"line":634,"column":8},"end":{"line":641,"column":11}},"468":{"start":{"line":635,"column":12},"end":{"line":637,"column":15}},"469":{"start":{"line":636,"column":16},"end":{"line":636,"column":26}},"470":{"start":{"line":638,"column":12},"end":{"line":638,"column":32}},"471":{"start":{"line":639,"column":12},"end":{"line":639,"column":44}},"472":{"start":{"line":640,"column":12},"end":{"line":640,"column":52}},"473":{"start":{"line":644,"column":4},"end":{"line":649,"column":7}},"474":{"start":{"line":645,"column":8},"end":{"line":645,"column":36}},"475":{"start":{"line":646,"column":8},"end":{"line":646,"column":78}},"476":{"start":{"line":646,"column":56},"end":{"line":646,"column":75}},"477":{"start":{"line":647,"column":8},"end":{"line":647,"column":32}},"478":{"start":{"line":648,"column":8},"end":{"line":648,"column":49}},"479":{"start":{"line":652,"column":4},"end":{"line":672,"column":7}},"480":{"start":{"line":653,"column":8},"end":{"line":653,"column":45}},"481":{"start":{"line":654,"column":8},"end":{"line":654,"column":43}},"482":{"start":{"line":655,"column":8},"end":{"line":655,"column":44}},"483":{"start":{"line":657,"column":8},"end":{"line":657,"column":28}},"484":{"start":{"line":658,"column":8},"end":{"line":658,"column":45}},"485":{"start":{"line":659,"column":8},"end":{"line":659,"column":42}},"486":{"start":{"line":660,"column":8},"end":{"line":660,"column":40}},"487":{"start":{"line":661,"column":8},"end":{"line":661,"column":44}},"488":{"start":{"line":663,"column":8},"end":{"line":663,"column":28}},"489":{"start":{"line":664,"column":8},"end":{"line":664,"column":45}},"490":{"start":{"line":665,"column":8},"end":{"line":665,"column":42}},"491":{"start":{"line":666,"column":8},"end":{"line":666,"column":43}},"492":{"start":{"line":667,"column":8},"end":{"line":667,"column":41}},"493":{"start":{"line":668,"column":8},"end":{"line":668,"column":40}},"494":{"start":{"line":669,"column":8},"end":{"line":669,"column":41}},"495":{"start":{"line":670,"column":8},"end":{"line":670,"column":42}},"496":{"start":{"line":671,"column":8},"end":{"line":671,"column":44}},"497":{"start":{"line":674,"column":4},"end":{"line":685,"column":7}},"498":{"start":{"line":675,"column":8},"end":{"line":675,"column":45}},"499":{"start":{"line":676,"column":8},"end":{"line":676,"column":42}},"500":{"start":{"line":677,"column":8},"end":{"line":677,"column":44}},"501":{"start":{"line":679,"column":8},"end":{"line":679,"column":28}},"502":{"start":{"line":680,"column":8},"end":{"line":680,"column":45}},"503":{"start":{"line":683,"column":8},"end":{"line":683,"column":28}},"504":{"start":{"line":684,"column":8},"end":{"line":684,"column":45}},"505":{"start":{"line":688,"column":0},"end":{"line":859,"column":3}},"506":{"start":{"line":689,"column":4},"end":{"line":693,"column":7}},"507":{"start":{"line":690,"column":8},"end":{"line":691,"column":51}},"508":{"start":{"line":692,"column":8},"end":{"line":692,"column":45}},"509":{"start":{"line":695,"column":4},"end":{"line":701,"column":7}},"510":{"start":{"line":696,"column":8},"end":{"line":697,"column":51}},"511":{"start":{"line":698,"column":8},"end":{"line":698,"column":45}},"512":{"start":{"line":699,"column":8},"end":{"line":699,"column":62}},"513":{"start":{"line":700,"column":8},"end":{"line":700,"column":45}},"514":{"start":{"line":703,"column":4},"end":{"line":712,"column":7}},"515":{"start":{"line":704,"column":8},"end":{"line":706,"column":31}},"516":{"start":{"line":707,"column":8},"end":{"line":707,"column":45}},"517":{"start":{"line":708,"column":8},"end":{"line":708,"column":57}},"518":{"start":{"line":709,"column":8},"end":{"line":709,"column":40}},"519":{"start":{"line":710,"column":8},"end":{"line":710,"column":64}},"520":{"start":{"line":711,"column":8},"end":{"line":711,"column":52}},"521":{"start":{"line":714,"column":4},"end":{"line":723,"column":7}},"522":{"start":{"line":715,"column":8},"end":{"line":717,"column":29}},"523":{"start":{"line":718,"column":8},"end":{"line":718,"column":45}},"524":{"start":{"line":719,"column":8},"end":{"line":719,"column":56}},"525":{"start":{"line":720,"column":8},"end":{"line":720,"column":38}},"526":{"start":{"line":721,"column":8},"end":{"line":721,"column":57}},"527":{"start":{"line":722,"column":8},"end":{"line":722,"column":49}},"528":{"start":{"line":725,"column":4},"end":{"line":731,"column":7}},"529":{"start":{"line":726,"column":8},"end":{"line":727,"column":50}},"530":{"start":{"line":728,"column":8},"end":{"line":728,"column":44}},"531":{"start":{"line":729,"column":8},"end":{"line":729,"column":37}},"532":{"start":{"line":730,"column":8},"end":{"line":730,"column":25}},"533":{"start":{"line":733,"column":4},"end":{"line":858,"column":7}},"534":{"start":{"line":735,"column":8},"end":{"line":780,"column":41}},"535":{"start":{"line":782,"column":12},"end":{"line":782,"column":49}},"536":{"start":{"line":783,"column":12},"end":{"line":783,"column":46}},"537":{"start":{"line":785,"column":12},"end":{"line":785,"column":55}},"538":{"start":{"line":786,"column":12},"end":{"line":786,"column":60}},"539":{"start":{"line":787,"column":12},"end":{"line":787,"column":56}},"540":{"start":{"line":788,"column":12},"end":{"line":788,"column":63}},"541":{"start":{"line":790,"column":12},"end":{"line":790,"column":63}},"542":{"start":{"line":791,"column":12},"end":{"line":791,"column":61}},"543":{"start":{"line":792,"column":12},"end":{"line":792,"column":52}},"544":{"start":{"line":793,"column":12},"end":{"line":793,"column":50}},"545":{"start":{"line":795,"column":12},"end":{"line":795,"column":61}},"546":{"start":{"line":796,"column":12},"end":{"line":796,"column":56}},"547":{"start":{"line":797,"column":12},"end":{"line":797,"column":59}},"548":{"start":{"line":798,"column":12},"end":{"line":798,"column":73}},"549":{"start":{"line":799,"column":12},"end":{"line":799,"column":68}},"550":{"start":{"line":801,"column":12},"end":{"line":801,"column":65}},"551":{"start":{"line":802,"column":12},"end":{"line":802,"column":53}},"552":{"start":{"line":803,"column":12},"end":{"line":803,"column":62}},"553":{"start":{"line":806,"column":12},"end":{"line":806,"column":36}},"554":{"start":{"line":807,"column":12},"end":{"line":807,"column":35}},"555":{"start":{"line":808,"column":12},"end":{"line":808,"column":33}},"556":{"start":{"line":809,"column":12},"end":{"line":809,"column":58}},"557":{"start":{"line":810,"column":12},"end":{"line":810,"column":56}},"558":{"start":{"line":811,"column":12},"end":{"line":811,"column":50}},"559":{"start":{"line":813,"column":12},"end":{"line":813,"column":32}},"560":{"start":{"line":814,"column":12},"end":{"line":814,"column":49}},"561":{"start":{"line":815,"column":12},"end":{"line":815,"column":49}},"562":{"start":{"line":816,"column":12},"end":{"line":816,"column":55}},"563":{"start":{"line":817,"column":12},"end":{"line":817,"column":65}},"564":{"start":{"line":819,"column":12},"end":{"line":819,"column":32}},"565":{"start":{"line":820,"column":12},"end":{"line":820,"column":51}},"566":{"start":{"line":821,"column":12},"end":{"line":821,"column":53}},"567":{"start":{"line":822,"column":12},"end":{"line":822,"column":65}},"568":{"start":{"line":824,"column":12},"end":{"line":824,"column":32}},"569":{"start":{"line":825,"column":12},"end":{"line":825,"column":55}},"570":{"start":{"line":826,"column":12},"end":{"line":826,"column":51}},"571":{"start":{"line":827,"column":12},"end":{"line":827,"column":58}},"572":{"start":{"line":828,"column":12},"end":{"line":828,"column":55}},"573":{"start":{"line":829,"column":12},"end":{"line":829,"column":65}},"574":{"start":{"line":832,"column":12},"end":{"line":832,"column":36}},"575":{"start":{"line":833,"column":12},"end":{"line":833,"column":35}},"576":{"start":{"line":834,"column":12},"end":{"line":834,"column":33}},"577":{"start":{"line":835,"column":12},"end":{"line":835,"column":57}},"578":{"start":{"line":836,"column":12},"end":{"line":836,"column":46}},"579":{"start":{"line":837,"column":12},"end":{"line":837,"column":49}},"580":{"start":{"line":839,"column":12},"end":{"line":839,"column":32}},"581":{"start":{"line":840,"column":12},"end":{"line":840,"column":54}},"582":{"start":{"line":841,"column":12},"end":{"line":841,"column":49}},"583":{"start":{"line":842,"column":12},"end":{"line":842,"column":52}},"584":{"start":{"line":843,"column":12},"end":{"line":843,"column":65}},"585":{"start":{"line":845,"column":12},"end":{"line":845,"column":32}},"586":{"start":{"line":846,"column":12},"end":{"line":846,"column":57}},"587":{"start":{"line":847,"column":12},"end":{"line":847,"column":56}},"588":{"start":{"line":848,"column":12},"end":{"line":848,"column":56}},"589":{"start":{"line":849,"column":12},"end":{"line":849,"column":65}},"590":{"start":{"line":852,"column":12},"end":{"line":852,"column":32}},"591":{"start":{"line":853,"column":12},"end":{"line":853,"column":59}},"592":{"start":{"line":854,"column":12},"end":{"line":854,"column":55}},"593":{"start":{"line":855,"column":12},"end":{"line":855,"column":57}},"594":{"start":{"line":856,"column":12},"end":{"line":856,"column":51}},"595":{"start":{"line":857,"column":12},"end":{"line":857,"column":65}},"596":{"start":{"line":861,"column":0},"end":{"line":894,"column":3}},"597":{"start":{"line":862,"column":4},"end":{"line":865,"column":7}},"598":{"start":{"line":863,"column":7},"end":{"line":863,"column":78}},"599":{"start":{"line":864,"column":7},"end":{"line":864,"column":53}},"600":{"start":{"line":866,"column":4},"end":{"line":869,"column":7}},"601":{"start":{"line":867,"column":7},"end":{"line":867,"column":110}},"602":{"start":{"line":868,"column":7},"end":{"line":868,"column":53}},"603":{"start":{"line":870,"column":4},"end":{"line":873,"column":7}},"604":{"start":{"line":871,"column":7},"end":{"line":871,"column":134}},"605":{"start":{"line":872,"column":7},"end":{"line":872,"column":53}},"606":{"start":{"line":874,"column":4},"end":{"line":877,"column":7}},"607":{"start":{"line":875,"column":7},"end":{"line":875,"column":218}},"608":{"start":{"line":876,"column":7},"end":{"line":876,"column":53}},"609":{"start":{"line":878,"column":4},"end":{"line":881,"column":7}},"610":{"start":{"line":879,"column":8},"end":{"line":879,"column":129}},"611":{"start":{"line":880,"column":8},"end":{"line":880,"column":53}},"612":{"start":{"line":882,"column":4},"end":{"line":885,"column":7}},"613":{"start":{"line":883,"column":8},"end":{"line":883,"column":159}},"614":{"start":{"line":884,"column":8},"end":{"line":884,"column":53}},"615":{"start":{"line":886,"column":4},"end":{"line":889,"column":7}},"616":{"start":{"line":887,"column":8},"end":{"line":887,"column":273}},"617":{"start":{"line":888,"column":8},"end":{"line":888,"column":53}},"618":{"start":{"line":890,"column":4},"end":{"line":893,"column":7}},"619":{"start":{"line":891,"column":8},"end":{"line":891,"column":363}},"620":{"start":{"line":892,"column":8},"end":{"line":892,"column":53}}},"branchMap":{"1":{"line":45,"type":"if","locations":[{"start":{"line":45,"column":8},"end":{"line":45,"column":8}},{"start":{"line":45,"column":8},"end":{"line":45,"column":8}}]}}}}